2025-06-12T21:00:00.008Z [debug][Jobs]: Starting scheduled job: Download Sync 
2025-06-12T21:00:00.087Z [info][Jobs]: Starting scheduled job: Plex Watchlist Sync 
2025-06-12T21:00:00.090Z [error][Download Tracker]: Unable to get queue from Radarr server: Radarr 
2025-06-12T21:00:00.091Z [error][Download Tracker]: Unable to get queue from Sonarr server: Sonarr 
2025-06-12T21:00:00.094Z [info][Jobs]: Starting scheduled job: Plex Recently Added Scan 
2025-06-12T21:00:00.094Z [info][Plex Scan]: Scan starting {"sessionId":"eec5cccf-aaa7-444f-b551-5f6d38a2a802"}
2025-06-12T21:00:02.558Z [error][Plex Scan]: Scan interrupted {"errorMessage":"Permission denied even after attempted authentication :( Wrong username and/or password maybe?"}
2025-06-12T21:01:00.015Z [debug][Jobs]: Starting scheduled job: Download Sync 
2025-06-12T21:01:00.019Z [error][Download Tracker]: Unable to get queue from Sonarr server: Sonarr 
2025-06-12T21:01:00.020Z [error][Download Tracker]: Unable to get queue from Radarr server: Radarr 
2025-06-12T21:02:04.384Z [debug][Jobs]: Starting scheduled job: Download Sync 
2025-06-12T21:02:04.524Z [error][Download Tracker]: Unable to get queue from Sonarr server: Sonarr 
2025-06-12T21:02:04.527Z [error][Download Tracker]: Unable to get queue from Radarr server: Radarr 
2025-06-12T21:03:00.026Z [debug][Jobs]: Starting scheduled job: Download Sync 
2025-06-12T21:03:00.142Z [info][Jobs]: Starting scheduled job: Plex Watchlist Sync 
2025-06-12T21:03:00.295Z [error][Download Tracker]: Unable to get queue from Radarr server: Radarr 
2025-06-12T21:03:00.296Z [error][Download Tracker]: Unable to get queue from Sonarr server: Sonarr 
2025-06-12T21:04:00.018Z [debug][Jobs]: Starting scheduled job: Download Sync 
2025-06-12T21:04:00.023Z [error][Download Tracker]: Unable to get queue from Sonarr server: Sonarr 
2025-06-12T21:04:00.024Z [error][Download Tracker]: Unable to get queue from Radarr server: Radarr 
2025-06-12T21:05:00.022Z [debug][Jobs]: Starting scheduled job: Download Sync 
2025-06-12T21:05:00.033Z [info][Jobs]: Starting scheduled job: Plex Recently Added Scan 
2025-06-12T21:05:00.037Z [info][Plex Scan]: Scan starting {"sessionId":"157265f0-5d05-44e3-8b64-5119c433a8fd"}
2025-06-12T21:05:00.045Z [error][Download Tracker]: Unable to get queue from Radarr server: Radarr 
2025-06-12T21:05:00.045Z [error][Download Tracker]: Unable to get queue from Sonarr server: Sonarr 
2025-06-12T21:05:00.879Z [error][Plex Scan]: Scan interrupted {"errorMessage":"Permission denied even after attempted authentication :( Wrong username and/or password maybe?"}
2025-06-12T21:06:00.026Z [debug][Jobs]: Starting scheduled job: Download Sync 
2025-06-12T21:06:00.035Z [info][Jobs]: Starting scheduled job: Plex Watchlist Sync 
2025-06-12T21:06:00.038Z [error][Download Tracker]: Unable to get queue from Radarr server: Radarr 
2025-06-12T21:06:00.038Z [error][Download Tracker]: Unable to get queue from Sonarr server: Sonarr 
2025-06-12T21:07:00.025Z [debug][Jobs]: Starting scheduled job: Download Sync 
2025-06-12T21:07:00.030Z [error][Download Tracker]: Unable to get queue from Radarr server: Radarr 
2025-06-12T21:07:00.033Z [error][Download Tracker]: Unable to get queue from Sonarr server: Sonarr 
2025-06-12T21:08:00.028Z [debug][Jobs]: Starting scheduled job: Download Sync 
2025-06-12T21:08:00.034Z [error][Download Tracker]: Unable to get queue from Sonarr server: Sonarr 
2025-06-12T21:08:00.035Z [error][Download Tracker]: Unable to get queue from Radarr server: Radarr 
2025-06-12T21:09:00.028Z [debug][Jobs]: Starting scheduled job: Download Sync 
2025-06-12T21:09:00.037Z [info][Jobs]: Starting scheduled job: Plex Watchlist Sync 
2025-06-12T21:09:00.039Z [error][Download Tracker]: Unable to get queue from Radarr server: Radarr 
2025-06-12T21:09:00.039Z [error][Download Tracker]: Unable to get queue from Sonarr server: Sonarr 
2025-06-12T21:10:00.016Z [debug][Jobs]: Starting scheduled job: Download Sync 
2025-06-12T21:10:00.025Z [info][Jobs]: Starting scheduled job: Plex Recently Added Scan 
2025-06-12T21:10:00.025Z [info][Plex Scan]: Scan starting {"sessionId":"ee2c2c08-6875-4b61-99f8-792e1ae913bc"}
2025-06-12T21:10:00.028Z [error][Download Tracker]: Unable to get queue from Radarr server: Radarr 
2025-06-12T21:10:00.029Z [error][Download Tracker]: Unable to get queue from Sonarr server: Sonarr 
2025-06-12T21:10:00.584Z [error][Plex Scan]: Scan interrupted {"errorMessage":"Permission denied even after attempted authentication :( Wrong username and/or password maybe?"}
2025-06-12T21:11:00.027Z [debug][Jobs]: Starting scheduled job: Download Sync 
2025-06-12T21:11:00.032Z [error][Download Tracker]: Unable to get queue from Radarr server: Radarr 
2025-06-12T21:11:00.034Z [error][Download Tracker]: Unable to get queue from Sonarr server: Sonarr 
2025-06-12T21:12:00.010Z [debug][Jobs]: Starting scheduled job: Download Sync 
2025-06-12T21:12:00.017Z [info][Jobs]: Starting scheduled job: Plex Watchlist Sync 
2025-06-12T21:12:00.018Z [error][Download Tracker]: Unable to get queue from Radarr server: Radarr 
2025-06-12T21:12:00.019Z [error][Download Tracker]: Unable to get queue from Sonarr server: Sonarr 
2025-06-12T21:13:00.029Z [debug][Jobs]: Starting scheduled job: Download Sync 
2025-06-12T21:13:00.036Z [error][Download Tracker]: Unable to get queue from Radarr server: Radarr 
2025-06-12T21:13:00.037Z [error][Download Tracker]: Unable to get queue from Sonarr server: Sonarr 
2025-06-12T21:14:00.018Z [debug][Jobs]: Starting scheduled job: Download Sync 
2025-06-12T21:14:00.024Z [error][Download Tracker]: Unable to get queue from Sonarr server: Sonarr 
2025-06-12T21:14:00.025Z [error][Download Tracker]: Unable to get queue from Radarr server: Radarr 
2025-06-12T21:15:00.018Z [debug][Jobs]: Starting scheduled job: Download Sync 
2025-06-12T21:15:00.025Z [info][Jobs]: Starting scheduled job: Plex Watchlist Sync 
2025-06-12T21:15:00.026Z [error][Download Tracker]: Unable to get queue from Radarr server: Radarr 
2025-06-12T21:15:00.027Z [error][Download Tracker]: Unable to get queue from Sonarr server: Sonarr 
2025-06-12T21:15:00.030Z [info][Jobs]: Starting scheduled job: Plex Recently Added Scan 
2025-06-12T21:15:00.030Z [info][Plex Scan]: Scan starting {"sessionId":"227ffa4e-3014-4a4c-927e-f2da04ea228c"}
2025-06-12T21:15:00.823Z [error][Plex Scan]: Scan interrupted {"errorMessage":"Permission denied even after attempted authentication :( Wrong username and/or password maybe?"}
2025-06-12T21:16:00.010Z [debug][Jobs]: Starting scheduled job: Download Sync 
2025-06-12T21:16:00.016Z [error][Download Tracker]: Unable to get queue from Sonarr server: Sonarr 
2025-06-12T21:16:00.017Z [error][Download Tracker]: Unable to get queue from Radarr server: Radarr 
2025-06-12T21:17:00.030Z [debug][Jobs]: Starting scheduled job: Download Sync 
2025-06-12T21:17:00.037Z [error][Download Tracker]: Unable to get queue from Sonarr server: Sonarr 
2025-06-12T21:17:00.038Z [error][Download Tracker]: Unable to get queue from Radarr server: Radarr 
2025-06-12T21:18:00.030Z [debug][Jobs]: Starting scheduled job: Download Sync 
2025-06-12T21:18:00.036Z [info][Jobs]: Starting scheduled job: Plex Watchlist Sync 
2025-06-12T21:18:00.039Z [error][Download Tracker]: Unable to get queue from Radarr server: Radarr 
2025-06-12T21:18:00.040Z [error][Download Tracker]: Unable to get queue from Sonarr server: Sonarr 
2025-06-12T21:19:00.023Z [debug][Jobs]: Starting scheduled job: Download Sync 
2025-06-12T21:19:00.029Z [error][Download Tracker]: Unable to get queue from Sonarr server: Sonarr 
2025-06-12T21:19:00.030Z [error][Download Tracker]: Unable to get queue from Radarr server: Radarr 
2025-06-12T21:20:00.023Z [debug][Jobs]: Starting scheduled job: Download Sync 
2025-06-12T21:20:00.031Z [info][Jobs]: Starting scheduled job: Plex Recently Added Scan 
2025-06-12T21:20:00.031Z [info][Plex Scan]: Scan starting {"sessionId":"5e020c80-48c9-40ef-9043-203f18b13532"}
2025-06-12T21:20:00.033Z [error][Download Tracker]: Unable to get queue from Radarr server: Radarr 
2025-06-12T21:20:00.034Z [error][Download Tracker]: Unable to get queue from Sonarr server: Sonarr 
2025-06-12T21:20:00.789Z [error][Plex Scan]: Scan interrupted {"errorMessage":"Permission denied even after attempted authentication :( Wrong username and/or password maybe?"}
2025-06-12T21:21:00.028Z [debug][Jobs]: Starting scheduled job: Download Sync 
2025-06-12T21:21:00.034Z [info][Jobs]: Starting scheduled job: Plex Watchlist Sync 
2025-06-12T21:21:00.036Z [error][Download Tracker]: Unable to get queue from Radarr server: Radarr 
2025-06-12T21:21:00.036Z [error][Download Tracker]: Unable to get queue from Sonarr server: Sonarr 
2025-06-12T21:22:00.028Z [debug][Jobs]: Starting scheduled job: Download Sync 
2025-06-12T21:22:00.033Z [error][Download Tracker]: Unable to get queue from Sonarr server: Sonarr 
2025-06-12T21:22:00.034Z [error][Download Tracker]: Unable to get queue from Radarr server: Radarr 
2025-06-12T21:23:00.030Z [debug][Jobs]: Starting scheduled job: Download Sync 
2025-06-12T21:23:00.035Z [error][Download Tracker]: Unable to get queue from Radarr server: Radarr 
2025-06-12T21:23:00.040Z [error][Download Tracker]: Unable to get queue from Sonarr server: Sonarr 
2025-06-12T21:24:00.014Z [debug][Jobs]: Starting scheduled job: Download Sync 
2025-06-12T21:24:00.024Z [info][Jobs]: Starting scheduled job: Plex Watchlist Sync 
2025-06-12T21:24:00.025Z [error][Download Tracker]: Unable to get queue from Radarr server: Radarr 
2025-06-12T21:24:00.026Z [error][Download Tracker]: Unable to get queue from Sonarr server: Sonarr 
2025-06-12T21:25:00.028Z [debug][Jobs]: Starting scheduled job: Download Sync 
2025-06-12T21:25:00.035Z [info][Jobs]: Starting scheduled job: Plex Recently Added Scan 
2025-06-12T21:25:00.036Z [info][Plex Scan]: Scan starting {"sessionId":"15a38a80-bbe0-4991-858b-fd04e4f882d5"}
2025-06-12T21:25:00.039Z [error][Download Tracker]: Unable to get queue from Radarr server: Radarr 
2025-06-12T21:25:00.040Z [error][Download Tracker]: Unable to get queue from Sonarr server: Sonarr 
2025-06-12T21:25:00.624Z [error][Plex Scan]: Scan interrupted {"errorMessage":"Permission denied even after attempted authentication :( Wrong username and/or password maybe?"}
2025-06-12T21:26:00.016Z [debug][Jobs]: Starting scheduled job: Download Sync 
2025-06-12T21:26:00.025Z [error][Download Tracker]: Unable to get queue from Sonarr server: Sonarr 
2025-06-12T21:26:00.026Z [error][Download Tracker]: Unable to get queue from Radarr server: Radarr 
2025-06-12T21:27:00.021Z [debug][Jobs]: Starting scheduled job: Download Sync 
2025-06-12T21:27:00.028Z [info][Jobs]: Starting scheduled job: Plex Watchlist Sync 
2025-06-12T21:27:00.030Z [error][Download Tracker]: Unable to get queue from Radarr server: Radarr 
2025-06-12T21:27:00.031Z [error][Download Tracker]: Unable to get queue from Sonarr server: Sonarr 
2025-06-12T21:28:00.014Z [debug][Jobs]: Starting scheduled job: Download Sync 
2025-06-12T21:28:00.021Z [error][Download Tracker]: Unable to get queue from Sonarr server: Sonarr 
2025-06-12T21:28:00.022Z [error][Download Tracker]: Unable to get queue from Radarr server: Radarr 
2025-06-12T21:29:00.024Z [debug][Jobs]: Starting scheduled job: Download Sync 
2025-06-12T21:29:00.031Z [error][Download Tracker]: Unable to get queue from Sonarr server: Sonarr 
2025-06-12T21:29:00.032Z [error][Download Tracker]: Unable to get queue from Radarr server: Radarr 
2025-06-12T21:30:00.026Z [debug][Jobs]: Starting scheduled job: Download Sync 
2025-06-12T21:30:00.034Z [info][Jobs]: Starting scheduled job: Plex Watchlist Sync 
2025-06-12T21:30:00.035Z [error][Download Tracker]: Unable to get queue from Radarr server: Radarr 
2025-06-12T21:30:00.036Z [error][Download Tracker]: Unable to get queue from Sonarr server: Sonarr 
2025-06-12T21:30:00.038Z [info][Jobs]: Starting scheduled job: Plex Recently Added Scan 
2025-06-12T21:30:00.041Z [info][Plex Scan]: Scan starting {"sessionId":"def385fe-04d8-4987-bdc3-e04388ea3678"}
2025-06-12T21:30:01.560Z [error][Plex Scan]: Scan interrupted {"errorMessage":"Permission denied even after attempted authentication :( Wrong username and/or password maybe?"}
2025-06-12T21:31:00.021Z [debug][Jobs]: Starting scheduled job: Download Sync 
2025-06-12T21:31:00.029Z [error][Download Tracker]: Unable to get queue from Sonarr server: Sonarr 
2025-06-12T21:31:00.030Z [error][Download Tracker]: Unable to get queue from Radarr server: Radarr 
2025-06-12T21:32:00.028Z [debug][Jobs]: Starting scheduled job: Download Sync 
2025-06-12T21:32:00.033Z [error][Download Tracker]: Unable to get queue from Sonarr server: Sonarr 
2025-06-12T21:32:00.034Z [error][Download Tracker]: Unable to get queue from Radarr server: Radarr 
2025-06-12T21:33:00.033Z [debug][Jobs]: Starting scheduled job: Download Sync 
2025-06-12T21:33:00.044Z [info][Jobs]: Starting scheduled job: Plex Watchlist Sync 
2025-06-12T21:33:00.045Z [error][Download Tracker]: Unable to get queue from Radarr server: Radarr 
2025-06-12T21:33:00.045Z [error][Download Tracker]: Unable to get queue from Sonarr server: Sonarr 
2025-06-12T21:34:00.018Z [debug][Jobs]: Starting scheduled job: Download Sync 
2025-06-12T21:34:00.024Z [error][Download Tracker]: Unable to get queue from Sonarr server: Sonarr 
2025-06-12T21:34:00.026Z [error][Download Tracker]: Unable to get queue from Radarr server: Radarr 
2025-06-12T21:35:00.021Z [debug][Jobs]: Starting scheduled job: Download Sync 
2025-06-12T21:35:00.027Z [info][Jobs]: Starting scheduled job: Plex Recently Added Scan 
2025-06-12T21:35:00.027Z [info][Plex Scan]: Scan starting {"sessionId":"5edbe572-82cd-47cd-8430-06aca743129a"}
2025-06-12T21:35:00.029Z [error][Download Tracker]: Unable to get queue from Radarr server: Radarr 
2025-06-12T21:35:00.029Z [error][Download Tracker]: Unable to get queue from Sonarr server: Sonarr 
2025-06-12T21:35:00.759Z [error][Plex Scan]: Scan interrupted {"errorMessage":"Permission denied even after attempted authentication :( Wrong username and/or password maybe?"}
2025-06-12T21:36:00.035Z [debug][Jobs]: Starting scheduled job: Download Sync 
2025-06-12T21:36:00.041Z [info][Jobs]: Starting scheduled job: Plex Watchlist Sync 
2025-06-12T21:36:00.043Z [error][Download Tracker]: Unable to get queue from Sonarr server: Sonarr 
2025-06-12T21:36:00.044Z [error][Download Tracker]: Unable to get queue from Radarr server: Radarr 
2025-06-12T21:37:00.027Z [debug][Jobs]: Starting scheduled job: Download Sync 
2025-06-12T21:37:00.040Z [error][Download Tracker]: Unable to get queue from Radarr server: Radarr 
2025-06-12T21:37:00.041Z [error][Download Tracker]: Unable to get queue from Sonarr server: Sonarr 
2025-06-12T21:38:00.008Z [debug][Jobs]: Starting scheduled job: Download Sync 
2025-06-12T21:38:00.012Z [error][Download Tracker]: Unable to get queue from Radarr server: Radarr 
2025-06-12T21:38:00.013Z [error][Download Tracker]: Unable to get queue from Sonarr server: Sonarr 
2025-06-12T21:39:00.024Z [debug][Jobs]: Starting scheduled job: Download Sync 
2025-06-12T21:39:00.030Z [info][Jobs]: Starting scheduled job: Plex Watchlist Sync 
2025-06-12T21:39:00.032Z [error][Download Tracker]: Unable to get queue from Radarr server: Radarr 
2025-06-12T21:39:00.033Z [error][Download Tracker]: Unable to get queue from Sonarr server: Sonarr 
2025-06-12T21:40:00.032Z [debug][Jobs]: Starting scheduled job: Download Sync 
2025-06-12T21:40:00.043Z [info][Jobs]: Starting scheduled job: Plex Recently Added Scan 
2025-06-12T21:40:00.043Z [info][Plex Scan]: Scan starting {"sessionId":"6fdae2dd-2b9f-4a24-a648-9333d6f3af18"}
2025-06-12T21:40:00.045Z [error][Download Tracker]: Unable to get queue from Radarr server: Radarr 
2025-06-12T21:40:00.046Z [error][Download Tracker]: Unable to get queue from Sonarr server: Sonarr 
2025-06-12T21:40:00.614Z [error][Plex Scan]: Scan interrupted {"errorMessage":"Permission denied even after attempted authentication :( Wrong username and/or password maybe?"}
2025-06-12T21:41:00.031Z [debug][Jobs]: Starting scheduled job: Download Sync 
2025-06-12T21:41:00.037Z [error][Download Tracker]: Unable to get queue from Radarr server: Radarr 
2025-06-12T21:41:00.038Z [error][Download Tracker]: Unable to get queue from Sonarr server: Sonarr 
2025-06-12T21:42:00.023Z [debug][Jobs]: Starting scheduled job: Download Sync 
2025-06-12T21:42:00.031Z [info][Jobs]: Starting scheduled job: Plex Watchlist Sync 
2025-06-12T21:42:00.033Z [error][Download Tracker]: Unable to get queue from Radarr server: Radarr 
2025-06-12T21:42:00.034Z [error][Download Tracker]: Unable to get queue from Sonarr server: Sonarr 
2025-06-12T21:43:00.019Z [debug][Jobs]: Starting scheduled job: Download Sync 
2025-06-12T21:43:00.025Z [error][Download Tracker]: Unable to get queue from Sonarr server: Sonarr 
2025-06-12T21:43:00.026Z [error][Download Tracker]: Unable to get queue from Radarr server: Radarr 
2025-06-12T21:44:00.026Z [debug][Jobs]: Starting scheduled job: Download Sync 
2025-06-12T21:44:00.036Z [error][Download Tracker]: Unable to get queue from Sonarr server: Sonarr 
2025-06-12T21:44:00.037Z [error][Download Tracker]: Unable to get queue from Radarr server: Radarr 
2025-06-12T21:45:00.012Z [debug][Jobs]: Starting scheduled job: Download Sync 
2025-06-12T21:45:00.020Z [info][Jobs]: Starting scheduled job: Plex Watchlist Sync 
2025-06-12T21:45:00.022Z [error][Download Tracker]: Unable to get queue from Radarr server: Radarr 
2025-06-12T21:45:00.022Z [error][Download Tracker]: Unable to get queue from Sonarr server: Sonarr 
2025-06-12T21:45:00.029Z [info][Jobs]: Starting scheduled job: Plex Recently Added Scan 
2025-06-12T21:45:00.029Z [info][Plex Scan]: Scan starting {"sessionId":"b4b0e9c8-c6bc-4021-92ab-09d0b8c0df99"}
2025-06-12T21:45:00.610Z [error][Plex Scan]: Scan interrupted {"errorMessage":"Permission denied even after attempted authentication :( Wrong username and/or password maybe?"}
2025-06-12T21:46:00.028Z [debug][Jobs]: Starting scheduled job: Download Sync 
2025-06-12T21:46:00.033Z [error][Download Tracker]: Unable to get queue from Sonarr server: Sonarr 
2025-06-12T21:46:00.037Z [error][Download Tracker]: Unable to get queue from Radarr server: Radarr 
2025-06-12T21:47:00.024Z [debug][Jobs]: Starting scheduled job: Download Sync 
2025-06-12T21:47:00.030Z [error][Download Tracker]: Unable to get queue from Radarr server: Radarr 
2025-06-12T21:47:00.031Z [error][Download Tracker]: Unable to get queue from Sonarr server: Sonarr 
2025-06-12T21:48:00.019Z [debug][Jobs]: Starting scheduled job: Download Sync 
2025-06-12T21:48:00.028Z [info][Jobs]: Starting scheduled job: Plex Watchlist Sync 
2025-06-12T21:48:00.030Z [error][Download Tracker]: Unable to get queue from Radarr server: Radarr 
2025-06-12T21:48:00.031Z [error][Download Tracker]: Unable to get queue from Sonarr server: Sonarr 
2025-06-12T21:49:00.028Z [debug][Jobs]: Starting scheduled job: Download Sync 
2025-06-12T21:49:00.038Z [error][Download Tracker]: Unable to get queue from Sonarr server: Sonarr 
2025-06-12T21:49:00.040Z [error][Download Tracker]: Unable to get queue from Radarr server: Radarr 
2025-06-12T21:50:00.027Z [debug][Jobs]: Starting scheduled job: Download Sync 
2025-06-12T21:50:00.039Z [info][Jobs]: Starting scheduled job: Plex Recently Added Scan 
2025-06-12T21:50:00.039Z [info][Plex Scan]: Scan starting {"sessionId":"1c63e935-d75f-4ddd-8e74-6a7ce896c17f"}
2025-06-12T21:50:00.042Z [error][Download Tracker]: Unable to get queue from Radarr server: Radarr 
2025-06-12T21:50:00.042Z [error][Download Tracker]: Unable to get queue from Sonarr server: Sonarr 
2025-06-12T21:50:00.693Z [error][Plex Scan]: Scan interrupted {"errorMessage":"Permission denied even after attempted authentication :( Wrong username and/or password maybe?"}
2025-06-12T21:51:00.022Z [debug][Jobs]: Starting scheduled job: Download Sync 
2025-06-12T21:51:00.028Z [info][Jobs]: Starting scheduled job: Plex Watchlist Sync 
2025-06-12T21:51:00.034Z [error][Download Tracker]: Unable to get queue from Radarr server: Radarr 
2025-06-12T21:51:00.034Z [error][Download Tracker]: Unable to get queue from Sonarr server: Sonarr 
2025-06-12T21:52:00.016Z [debug][Jobs]: Starting scheduled job: Download Sync 
2025-06-12T21:52:00.024Z [error][Download Tracker]: Unable to get queue from Sonarr server: Sonarr 
2025-06-12T21:52:00.025Z [error][Download Tracker]: Unable to get queue from Radarr server: Radarr 
2025-06-12T21:53:00.023Z [debug][Jobs]: Starting scheduled job: Download Sync 
2025-06-12T21:53:00.029Z [error][Download Tracker]: Unable to get queue from Sonarr server: Sonarr 
2025-06-12T21:53:00.029Z [error][Download Tracker]: Unable to get queue from Radarr server: Radarr 
2025-06-12T21:54:00.031Z [debug][Jobs]: Starting scheduled job: Download Sync 
2025-06-12T21:54:00.039Z [info][Jobs]: Starting scheduled job: Plex Watchlist Sync 
2025-06-12T21:54:00.047Z [error][Download Tracker]: Unable to get queue from Radarr server: Radarr 
2025-06-12T21:54:00.048Z [error][Download Tracker]: Unable to get queue from Sonarr server: Sonarr 
2025-06-12T21:55:00.016Z [debug][Jobs]: Starting scheduled job: Download Sync 
2025-06-12T21:55:00.025Z [info][Jobs]: Starting scheduled job: Plex Recently Added Scan 
2025-06-12T21:55:00.026Z [info][Plex Scan]: Scan starting {"sessionId":"b00702df-7f7a-4a11-ba8b-94dc7d8ccb22"}
2025-06-12T21:55:00.027Z [error][Download Tracker]: Unable to get queue from Radarr server: Radarr 
2025-06-12T21:55:00.027Z [error][Download Tracker]: Unable to get queue from Sonarr server: Sonarr 
2025-06-12T21:55:00.537Z [error][Plex Scan]: Scan interrupted {"errorMessage":"Permission denied even after attempted authentication :( Wrong username and/or password maybe?"}
2025-06-12T21:56:00.035Z [debug][Jobs]: Starting scheduled job: Download Sync 
2025-06-12T21:56:00.040Z [error][Download Tracker]: Unable to get queue from Sonarr server: Sonarr 
2025-06-12T21:56:00.041Z [error][Download Tracker]: Unable to get queue from Radarr server: Radarr 
2025-06-12T21:57:00.015Z [debug][Jobs]: Starting scheduled job: Download Sync 
2025-06-12T21:57:00.018Z [info][Jobs]: Starting scheduled job: Plex Watchlist Sync 
2025-06-12T21:57:00.020Z [error][Download Tracker]: Unable to get queue from Sonarr server: Sonarr 
2025-06-12T21:57:00.021Z [error][Download Tracker]: Unable to get queue from Radarr server: Radarr 
2025-06-12T21:58:00.014Z [debug][Jobs]: Starting scheduled job: Download Sync 
2025-06-12T21:58:00.019Z [error][Download Tracker]: Unable to get queue from Radarr server: Radarr 
2025-06-12T21:58:00.022Z [error][Download Tracker]: Unable to get queue from Sonarr server: Sonarr 
2025-06-12T21:59:00.008Z [debug][Jobs]: Starting scheduled job: Download Sync 
2025-06-12T21:59:00.013Z [error][Download Tracker]: Unable to get queue from Sonarr server: Sonarr 
2025-06-12T21:59:00.014Z [error][Download Tracker]: Unable to get queue from Radarr server: Radarr 
2025-06-12T22:00:00.020Z [debug][Jobs]: Starting scheduled job: Download Sync 
2025-06-12T22:00:00.028Z [info][Jobs]: Starting scheduled job: Plex Watchlist Sync 
2025-06-12T22:00:00.029Z [error][Download Tracker]: Unable to get queue from Radarr server: Radarr 
2025-06-12T22:00:00.030Z [error][Download Tracker]: Unable to get queue from Sonarr server: Sonarr 
2025-06-12T22:00:00.037Z [info][Jobs]: Starting scheduled job: Plex Recently Added Scan 
2025-06-12T22:00:00.037Z [info][Plex Scan]: Scan starting {"sessionId":"bb96a65d-5cb2-4d8d-947c-9c91a40a6a1c"}
2025-06-12T22:00:00.059Z [info][Jobs]: Starting scheduled job: Download Sync Reset 
2025-06-12T22:00:02.731Z [error][Plex Scan]: Scan interrupted {"errorMessage":"Permission denied even after attempted authentication :( Wrong username and/or password maybe?"}
2025-06-12T22:01:00.019Z [debug][Jobs]: Starting scheduled job: Download Sync 
2025-06-12T22:01:00.024Z [error][Download Tracker]: Unable to get queue from Sonarr server: Sonarr 
2025-06-12T22:01:00.026Z [error][Download Tracker]: Unable to get queue from Radarr server: Radarr 
2025-06-12T22:02:00.030Z [debug][Jobs]: Starting scheduled job: Download Sync 
2025-06-12T22:02:00.035Z [error][Download Tracker]: Unable to get queue from Radarr server: Radarr 
2025-06-12T22:02:00.036Z [error][Download Tracker]: Unable to get queue from Sonarr server: Sonarr 
2025-06-12T22:03:00.026Z [debug][Jobs]: Starting scheduled job: Download Sync 
2025-06-12T22:03:00.034Z [info][Jobs]: Starting scheduled job: Plex Watchlist Sync 
2025-06-12T22:03:00.036Z [error][Download Tracker]: Unable to get queue from Radarr server: Radarr 
2025-06-12T22:03:00.036Z [error][Download Tracker]: Unable to get queue from Sonarr server: Sonarr 
2025-06-12T22:04:00.029Z [debug][Jobs]: Starting scheduled job: Download Sync 
2025-06-12T22:04:00.034Z [error][Download Tracker]: Unable to get queue from Sonarr server: Sonarr 
2025-06-12T22:04:00.035Z [error][Download Tracker]: Unable to get queue from Radarr server: Radarr 
2025-06-12T22:05:00.034Z [debug][Jobs]: Starting scheduled job: Download Sync 
2025-06-12T22:05:00.042Z [info][Jobs]: Starting scheduled job: Plex Recently Added Scan 
2025-06-12T22:05:00.042Z [info][Plex Scan]: Scan starting {"sessionId":"c0efb48d-0052-4d32-8a07-f79c0378ef0b"}
2025-06-12T22:05:00.044Z [error][Download Tracker]: Unable to get queue from Radarr server: Radarr 
2025-06-12T22:05:00.044Z [error][Download Tracker]: Unable to get queue from Sonarr server: Sonarr 
2025-06-12T22:05:00.716Z [error][Plex Scan]: Scan interrupted {"errorMessage":"Permission denied even after attempted authentication :( Wrong username and/or password maybe?"}
2025-06-12T22:06:00.028Z [debug][Jobs]: Starting scheduled job: Download Sync 
2025-06-12T22:06:00.040Z [info][Jobs]: Starting scheduled job: Plex Watchlist Sync 
2025-06-12T22:06:00.042Z [error][Download Tracker]: Unable to get queue from Radarr server: Radarr 
2025-06-12T22:06:00.042Z [error][Download Tracker]: Unable to get queue from Sonarr server: Sonarr 
2025-06-12T22:07:00.024Z [debug][Jobs]: Starting scheduled job: Download Sync 
2025-06-12T22:07:00.029Z [error][Download Tracker]: Unable to get queue from Sonarr server: Sonarr 
2025-06-12T22:07:00.030Z [error][Download Tracker]: Unable to get queue from Radarr server: Radarr 
2025-06-12T22:08:00.027Z [debug][Jobs]: Starting scheduled job: Download Sync 
2025-06-12T22:08:00.035Z [error][Download Tracker]: Unable to get queue from Sonarr server: Sonarr 
2025-06-12T22:08:00.036Z [error][Download Tracker]: Unable to get queue from Radarr server: Radarr 
2025-06-12T22:09:00.018Z [debug][Jobs]: Starting scheduled job: Download Sync 
2025-06-12T22:09:00.023Z [info][Jobs]: Starting scheduled job: Plex Watchlist Sync 
2025-06-12T22:09:00.024Z [error][Download Tracker]: Unable to get queue from Radarr server: Radarr 
2025-06-12T22:09:00.025Z [error][Download Tracker]: Unable to get queue from Sonarr server: Sonarr 
2025-06-12T22:10:00.015Z [debug][Jobs]: Starting scheduled job: Download Sync 
2025-06-12T22:10:00.020Z [info][Jobs]: Starting scheduled job: Plex Recently Added Scan 
2025-06-12T22:10:00.020Z [info][Plex Scan]: Scan starting {"sessionId":"91b128b0-2fad-4606-9f0a-1a86c460f886"}
2025-06-12T22:10:00.021Z [error][Download Tracker]: Unable to get queue from Radarr server: Radarr 
2025-06-12T22:10:00.022Z [error][Download Tracker]: Unable to get queue from Sonarr server: Sonarr 
2025-06-12T22:10:00.817Z [error][Plex Scan]: Scan interrupted {"errorMessage":"Permission denied even after attempted authentication :( Wrong username and/or password maybe?"}
2025-06-12T22:11:00.019Z [debug][Jobs]: Starting scheduled job: Download Sync 
2025-06-12T22:11:00.025Z [error][Download Tracker]: Unable to get queue from Sonarr server: Sonarr 
2025-06-12T22:11:00.026Z [error][Download Tracker]: Unable to get queue from Radarr server: Radarr 
2025-06-12T22:12:00.021Z [debug][Jobs]: Starting scheduled job: Download Sync 
2025-06-12T22:12:00.032Z [info][Jobs]: Starting scheduled job: Plex Watchlist Sync 
2025-06-12T22:12:00.034Z [error][Download Tracker]: Unable to get queue from Radarr server: Radarr 
2025-06-12T22:12:00.034Z [error][Download Tracker]: Unable to get queue from Sonarr server: Sonarr 
2025-06-12T22:13:00.013Z [debug][Jobs]: Starting scheduled job: Download Sync 
2025-06-12T22:13:00.018Z [error][Download Tracker]: Unable to get queue from Radarr server: Radarr 
2025-06-12T22:13:00.026Z [error][Download Tracker]: Unable to get queue from Sonarr server: Sonarr 
2025-06-12T22:14:00.022Z [debug][Jobs]: Starting scheduled job: Download Sync 
2025-06-12T22:14:00.028Z [error][Download Tracker]: Unable to get queue from Sonarr server: Sonarr 
2025-06-12T22:14:00.031Z [error][Download Tracker]: Unable to get queue from Radarr server: Radarr 
2025-06-12T22:15:00.017Z [debug][Jobs]: Starting scheduled job: Download Sync 
2025-06-12T22:15:00.023Z [info][Jobs]: Starting scheduled job: Plex Watchlist Sync 
2025-06-12T22:15:00.027Z [error][Download Tracker]: Unable to get queue from Radarr server: Radarr 
2025-06-12T22:15:00.028Z [error][Download Tracker]: Unable to get queue from Sonarr server: Sonarr 
2025-06-12T22:15:00.031Z [info][Jobs]: Starting scheduled job: Plex Recently Added Scan 
2025-06-12T22:15:00.031Z [info][Plex Scan]: Scan starting {"sessionId":"5fad4389-a55c-47b9-9874-54cb9e4b8fbf"}
2025-06-12T22:15:00.614Z [error][Plex Scan]: Scan interrupted {"errorMessage":"Permission denied even after attempted authentication :( Wrong username and/or password maybe?"}
2025-06-12T22:16:00.025Z [debug][Jobs]: Starting scheduled job: Download Sync 
2025-06-12T22:16:00.030Z [error][Download Tracker]: Unable to get queue from Sonarr server: Sonarr 
2025-06-12T22:16:00.031Z [error][Download Tracker]: Unable to get queue from Radarr server: Radarr 
2025-06-12T22:17:00.020Z [debug][Jobs]: Starting scheduled job: Download Sync 
2025-06-12T22:17:00.025Z [error][Download Tracker]: Unable to get queue from Sonarr server: Sonarr 
2025-06-12T22:17:00.027Z [error][Download Tracker]: Unable to get queue from Radarr server: Radarr 
2025-06-12T22:18:00.028Z [debug][Jobs]: Starting scheduled job: Download Sync 
2025-06-12T22:18:00.034Z [info][Jobs]: Starting scheduled job: Plex Watchlist Sync 
2025-06-12T22:18:00.036Z [error][Download Tracker]: Unable to get queue from Radarr server: Radarr 
2025-06-12T22:18:00.037Z [error][Download Tracker]: Unable to get queue from Sonarr server: Sonarr 
2025-06-12T22:19:00.024Z [debug][Jobs]: Starting scheduled job: Download Sync 
2025-06-12T22:19:00.029Z [error][Download Tracker]: Unable to get queue from Sonarr server: Sonarr 
2025-06-12T22:19:00.030Z [error][Download Tracker]: Unable to get queue from Radarr server: Radarr 
2025-06-12T22:20:00.029Z [debug][Jobs]: Starting scheduled job: Download Sync 
2025-06-12T22:20:00.035Z [info][Jobs]: Starting scheduled job: Plex Recently Added Scan 
2025-06-12T22:20:00.036Z [info][Plex Scan]: Scan starting {"sessionId":"4f5f9b04-972d-40ec-8725-5e6a3e9f7b00"}
2025-06-12T22:20:00.037Z [error][Download Tracker]: Unable to get queue from Radarr server: Radarr 
2025-06-12T22:20:00.038Z [error][Download Tracker]: Unable to get queue from Sonarr server: Sonarr 
2025-06-12T22:20:00.633Z [error][Plex Scan]: Scan interrupted {"errorMessage":"Permission denied even after attempted authentication :( Wrong username and/or password maybe?"}
2025-06-12T22:21:00.024Z [debug][Jobs]: Starting scheduled job: Download Sync 
2025-06-12T22:21:00.032Z [info][Jobs]: Starting scheduled job: Plex Watchlist Sync 
2025-06-12T22:21:00.035Z [error][Download Tracker]: Unable to get queue from Radarr server: Radarr 
2025-06-12T22:21:00.036Z [error][Download Tracker]: Unable to get queue from Sonarr server: Sonarr 
2025-06-12T22:22:00.030Z [debug][Jobs]: Starting scheduled job: Download Sync 
2025-06-12T22:22:00.036Z [error][Download Tracker]: Unable to get queue from Radarr server: Radarr 
2025-06-12T22:22:00.037Z [error][Download Tracker]: Unable to get queue from Sonarr server: Sonarr 
2025-06-12T22:23:00.017Z [debug][Jobs]: Starting scheduled job: Download Sync 
2025-06-12T22:23:00.027Z [error][Download Tracker]: Unable to get queue from Sonarr server: Sonarr 
2025-06-12T22:23:00.028Z [error][Download Tracker]: Unable to get queue from Radarr server: Radarr 
2025-06-12T22:24:00.018Z [debug][Jobs]: Starting scheduled job: Download Sync 
2025-06-12T22:24:00.029Z [info][Jobs]: Starting scheduled job: Plex Watchlist Sync 
2025-06-12T22:24:00.030Z [error][Download Tracker]: Unable to get queue from Radarr server: Radarr 
2025-06-12T22:24:00.031Z [error][Download Tracker]: Unable to get queue from Sonarr server: Sonarr 
2025-06-12T22:25:00.012Z [debug][Jobs]: Starting scheduled job: Download Sync 
2025-06-12T22:25:00.017Z [info][Jobs]: Starting scheduled job: Plex Recently Added Scan 
2025-06-12T22:25:00.017Z [info][Plex Scan]: Scan starting {"sessionId":"f69df58b-b558-42d7-8c41-1c163af133d8"}
2025-06-12T22:25:00.018Z [error][Download Tracker]: Unable to get queue from Radarr server: Radarr 
2025-06-12T22:25:00.019Z [error][Download Tracker]: Unable to get queue from Sonarr server: Sonarr 
2025-06-12T22:25:00.674Z [error][Plex Scan]: Scan interrupted {"errorMessage":"Permission denied even after attempted authentication :( Wrong username and/or password maybe?"}
2025-06-12T22:26:00.019Z [debug][Jobs]: Starting scheduled job: Download Sync 
2025-06-12T22:26:00.024Z [error][Download Tracker]: Unable to get queue from Sonarr server: Sonarr 
2025-06-12T22:26:00.024Z [error][Download Tracker]: Unable to get queue from Radarr server: Radarr 
2025-06-12T22:27:00.020Z [debug][Jobs]: Starting scheduled job: Download Sync 
2025-06-12T22:27:00.032Z [info][Jobs]: Starting scheduled job: Plex Watchlist Sync 
2025-06-12T22:27:00.033Z [error][Download Tracker]: Unable to get queue from Radarr server: Radarr 
2025-06-12T22:27:00.034Z [error][Download Tracker]: Unable to get queue from Sonarr server: Sonarr 
2025-06-12T22:28:00.028Z [debug][Jobs]: Starting scheduled job: Download Sync 
2025-06-12T22:28:00.039Z [error][Download Tracker]: Unable to get queue from Sonarr server: Sonarr 
2025-06-12T22:28:00.040Z [error][Download Tracker]: Unable to get queue from Radarr server: Radarr 
2025-06-12T22:29:00.022Z [debug][Jobs]: Starting scheduled job: Download Sync 
2025-06-12T22:29:00.026Z [error][Download Tracker]: Unable to get queue from Radarr server: Radarr 
2025-06-12T22:29:00.028Z [error][Download Tracker]: Unable to get queue from Sonarr server: Sonarr 
2025-06-12T22:30:00.030Z [debug][Jobs]: Starting scheduled job: Download Sync 
2025-06-12T22:30:00.037Z [info][Jobs]: Starting scheduled job: Plex Watchlist Sync 
2025-06-12T22:30:00.040Z [error][Download Tracker]: Unable to get queue from Radarr server: Radarr 
2025-06-12T22:30:00.041Z [error][Download Tracker]: Unable to get queue from Sonarr server: Sonarr 
2025-06-12T22:30:00.044Z [info][Jobs]: Starting scheduled job: Plex Recently Added Scan 
2025-06-12T22:30:00.044Z [info][Plex Scan]: Scan starting {"sessionId":"583df47c-93e3-4d98-9a5b-aa6cfb92549f"}
2025-06-12T22:30:02.557Z [error][Plex Scan]: Scan interrupted {"errorMessage":"Permission denied even after attempted authentication :( Wrong username and/or password maybe?"}
2025-06-12T22:31:00.026Z [debug][Jobs]: Starting scheduled job: Download Sync 
2025-06-12T22:31:00.030Z [error][Download Tracker]: Unable to get queue from Sonarr server: Sonarr 
2025-06-12T22:31:00.031Z [error][Download Tracker]: Unable to get queue from Radarr server: Radarr 
2025-06-12T22:32:00.027Z [debug][Jobs]: Starting scheduled job: Download Sync 
2025-06-12T22:32:00.032Z [error][Download Tracker]: Unable to get queue from Sonarr server: Sonarr 
2025-06-12T22:32:00.033Z [error][Download Tracker]: Unable to get queue from Radarr server: Radarr 
2025-06-12T22:33:00.030Z [debug][Jobs]: Starting scheduled job: Download Sync 
2025-06-12T22:33:00.036Z [info][Jobs]: Starting scheduled job: Plex Watchlist Sync 
2025-06-12T22:33:00.038Z [error][Download Tracker]: Unable to get queue from Radarr server: Radarr 
2025-06-12T22:33:00.039Z [error][Download Tracker]: Unable to get queue from Sonarr server: Sonarr 
2025-06-12T22:34:00.019Z [debug][Jobs]: Starting scheduled job: Download Sync 
2025-06-12T22:34:00.024Z [error][Download Tracker]: Unable to get queue from Sonarr server: Sonarr 
2025-06-12T22:34:00.025Z [error][Download Tracker]: Unable to get queue from Radarr server: Radarr 
2025-06-12T22:35:00.028Z [debug][Jobs]: Starting scheduled job: Download Sync 
2025-06-12T22:35:00.034Z [info][Jobs]: Starting scheduled job: Plex Recently Added Scan 
2025-06-12T22:35:00.035Z [info][Plex Scan]: Scan starting {"sessionId":"0f95a0a3-c25b-4734-a828-4af87e52a495"}
2025-06-12T22:35:00.039Z [error][Download Tracker]: Unable to get queue from Radarr server: Radarr 
2025-06-12T22:35:00.039Z [error][Download Tracker]: Unable to get queue from Sonarr server: Sonarr 
2025-06-12T22:35:00.821Z [error][Plex Scan]: Scan interrupted {"errorMessage":"Permission denied even after attempted authentication :( Wrong username and/or password maybe?"}
2025-06-12T22:36:00.028Z [debug][Jobs]: Starting scheduled job: Download Sync 
2025-06-12T22:36:00.041Z [info][Jobs]: Starting scheduled job: Plex Watchlist Sync 
2025-06-12T22:36:00.043Z [error][Download Tracker]: Unable to get queue from Radarr server: Radarr 
2025-06-12T22:36:00.044Z [error][Download Tracker]: Unable to get queue from Sonarr server: Sonarr 
2025-06-12T22:37:00.023Z [debug][Jobs]: Starting scheduled job: Download Sync 
2025-06-12T22:37:00.027Z [error][Download Tracker]: Unable to get queue from Sonarr server: Sonarr 
2025-06-12T22:37:00.028Z [error][Download Tracker]: Unable to get queue from Radarr server: Radarr 
2025-06-12T22:38:00.027Z [debug][Jobs]: Starting scheduled job: Download Sync 
2025-06-12T22:38:00.031Z [error][Download Tracker]: Unable to get queue from Sonarr server: Sonarr 
2025-06-12T22:38:00.032Z [error][Download Tracker]: Unable to get queue from Radarr server: Radarr 
2025-06-12T22:39:00.015Z [debug][Jobs]: Starting scheduled job: Download Sync 
2025-06-12T22:39:00.021Z [info][Jobs]: Starting scheduled job: Plex Watchlist Sync 
2025-06-12T22:39:00.023Z [error][Download Tracker]: Unable to get queue from Radarr server: Radarr 
2025-06-12T22:39:00.024Z [error][Download Tracker]: Unable to get queue from Sonarr server: Sonarr 
2025-06-12T22:40:00.016Z [debug][Jobs]: Starting scheduled job: Download Sync 
2025-06-12T22:40:00.022Z [info][Jobs]: Starting scheduled job: Plex Recently Added Scan 
2025-06-12T22:40:00.022Z [info][Plex Scan]: Scan starting {"sessionId":"de8ed0e4-6dc9-43f5-8c4b-2d9534685b41"}
2025-06-12T22:40:00.026Z [error][Download Tracker]: Unable to get queue from Radarr server: Radarr 
2025-06-12T22:40:00.026Z [error][Download Tracker]: Unable to get queue from Sonarr server: Sonarr 
2025-06-12T22:40:00.710Z [error][Plex Scan]: Scan interrupted {"errorMessage":"Permission denied even after attempted authentication :( Wrong username and/or password maybe?"}
2025-06-12T22:41:00.016Z [debug][Jobs]: Starting scheduled job: Download Sync 
2025-06-12T22:41:00.024Z [error][Download Tracker]: Unable to get queue from Sonarr server: Sonarr 
2025-06-12T22:41:00.025Z [error][Download Tracker]: Unable to get queue from Radarr server: Radarr 
2025-06-12T22:42:00.010Z [debug][Jobs]: Starting scheduled job: Download Sync 
2025-06-12T22:42:00.016Z [info][Jobs]: Starting scheduled job: Plex Watchlist Sync 
2025-06-12T22:42:00.018Z [error][Download Tracker]: Unable to get queue from Radarr server: Radarr 
2025-06-12T22:42:00.018Z [error][Download Tracker]: Unable to get queue from Sonarr server: Sonarr 
2025-06-12T22:43:00.011Z [debug][Jobs]: Starting scheduled job: Download Sync 
2025-06-12T22:43:00.015Z [error][Download Tracker]: Unable to get queue from Sonarr server: Sonarr 
2025-06-12T22:43:00.017Z [error][Download Tracker]: Unable to get queue from Radarr server: Radarr 
2025-06-12T22:44:00.027Z [debug][Jobs]: Starting scheduled job: Download Sync 
2025-06-12T22:44:00.032Z [error][Download Tracker]: Unable to get queue from Sonarr server: Sonarr 
2025-06-12T22:44:00.033Z [error][Download Tracker]: Unable to get queue from Radarr server: Radarr 
2025-06-12T22:45:00.029Z [debug][Jobs]: Starting scheduled job: Download Sync 
2025-06-12T22:45:00.035Z [info][Jobs]: Starting scheduled job: Plex Watchlist Sync 
2025-06-12T22:45:00.037Z [error][Download Tracker]: Unable to get queue from Radarr server: Radarr 
2025-06-12T22:45:00.037Z [error][Download Tracker]: Unable to get queue from Sonarr server: Sonarr 
2025-06-12T22:45:00.040Z [info][Jobs]: Starting scheduled job: Plex Recently Added Scan 
2025-06-12T22:45:00.040Z [info][Plex Scan]: Scan starting {"sessionId":"6245ff5c-c596-42a0-a45c-0f26aba324e4"}
2025-06-12T22:45:00.762Z [error][Plex Scan]: Scan interrupted {"errorMessage":"Permission denied even after attempted authentication :( Wrong username and/or password maybe?"}
2025-06-12T22:46:00.026Z [debug][Jobs]: Starting scheduled job: Download Sync 
2025-06-12T22:46:00.045Z [error][Download Tracker]: Unable to get queue from Radarr server: Radarr 
2025-06-12T22:46:00.047Z [error][Download Tracker]: Unable to get queue from Sonarr server: Sonarr 
2025-06-12T22:47:00.024Z [debug][Jobs]: Starting scheduled job: Download Sync 
2025-06-12T22:47:00.030Z [error][Download Tracker]: Unable to get queue from Sonarr server: Sonarr 
2025-06-12T22:47:00.031Z [error][Download Tracker]: Unable to get queue from Radarr server: Radarr 
2025-06-12T22:48:00.014Z [debug][Jobs]: Starting scheduled job: Download Sync 
2025-06-12T22:48:00.022Z [info][Jobs]: Starting scheduled job: Plex Watchlist Sync 
2025-06-12T22:48:00.025Z [error][Download Tracker]: Unable to get queue from Radarr server: Radarr 
2025-06-12T22:48:00.026Z [error][Download Tracker]: Unable to get queue from Sonarr server: Sonarr 
2025-06-12T22:49:00.015Z [debug][Jobs]: Starting scheduled job: Download Sync 
2025-06-12T22:49:00.021Z [error][Download Tracker]: Unable to get queue from Sonarr server: Sonarr 
2025-06-12T22:49:00.022Z [error][Download Tracker]: Unable to get queue from Radarr server: Radarr 
2025-06-12T22:50:00.027Z [debug][Jobs]: Starting scheduled job: Download Sync 
2025-06-12T22:50:00.033Z [info][Jobs]: Starting scheduled job: Plex Recently Added Scan 
2025-06-12T22:50:00.033Z [info][Plex Scan]: Scan starting {"sessionId":"448df0d9-b493-4274-82a9-8aef7a2ff9a5"}
2025-06-12T22:50:00.035Z [error][Download Tracker]: Unable to get queue from Radarr server: Radarr 
2025-06-12T22:50:00.035Z [error][Download Tracker]: Unable to get queue from Sonarr server: Sonarr 
2025-06-12T22:50:00.857Z [error][Plex Scan]: Scan interrupted {"errorMessage":"Permission denied even after attempted authentication :( Wrong username and/or password maybe?"}
2025-06-12T22:51:00.022Z [debug][Jobs]: Starting scheduled job: Download Sync 
2025-06-12T22:51:00.028Z [info][Jobs]: Starting scheduled job: Plex Watchlist Sync 
2025-06-12T22:51:00.031Z [error][Download Tracker]: Unable to get queue from Radarr server: Radarr 
2025-06-12T22:51:00.031Z [error][Download Tracker]: Unable to get queue from Sonarr server: Sonarr 
2025-06-12T22:52:00.024Z [debug][Jobs]: Starting scheduled job: Download Sync 
2025-06-12T22:52:00.029Z [error][Download Tracker]: Unable to get queue from Sonarr server: Sonarr 
2025-06-12T22:52:00.031Z [error][Download Tracker]: Unable to get queue from Radarr server: Radarr 
2025-06-12T22:53:00.023Z [debug][Jobs]: Starting scheduled job: Download Sync 
2025-06-12T22:53:00.029Z [error][Download Tracker]: Unable to get queue from Sonarr server: Sonarr 
2025-06-12T22:53:00.030Z [error][Download Tracker]: Unable to get queue from Radarr server: Radarr 
2025-06-12T22:54:00.028Z [debug][Jobs]: Starting scheduled job: Download Sync 
2025-06-12T22:54:00.034Z [info][Jobs]: Starting scheduled job: Plex Watchlist Sync 
2025-06-12T22:54:00.035Z [error][Download Tracker]: Unable to get queue from Radarr server: Radarr 
2025-06-12T22:54:00.036Z [error][Download Tracker]: Unable to get queue from Sonarr server: Sonarr 
2025-06-12T22:55:00.016Z [debug][Jobs]: Starting scheduled job: Download Sync 
2025-06-12T22:55:00.023Z [info][Jobs]: Starting scheduled job: Plex Recently Added Scan 
2025-06-12T22:55:00.024Z [info][Plex Scan]: Scan starting {"sessionId":"7fc08210-f598-4a1b-9b57-f6cae672af02"}
2025-06-12T22:55:00.025Z [error][Download Tracker]: Unable to get queue from Radarr server: Radarr 
2025-06-12T22:55:00.026Z [error][Download Tracker]: Unable to get queue from Sonarr server: Sonarr 
2025-06-12T22:55:00.724Z [error][Plex Scan]: Scan interrupted {"errorMessage":"Permission denied even after attempted authentication :( Wrong username and/or password maybe?"}
2025-06-12T22:56:00.023Z [debug][Jobs]: Starting scheduled job: Download Sync 
2025-06-12T22:56:00.029Z [error][Download Tracker]: Unable to get queue from Sonarr server: Sonarr 
2025-06-12T22:56:00.030Z [error][Download Tracker]: Unable to get queue from Radarr server: Radarr 
2025-06-12T22:57:00.017Z [debug][Jobs]: Starting scheduled job: Download Sync 
2025-06-12T22:57:00.023Z [info][Jobs]: Starting scheduled job: Plex Watchlist Sync 
2025-06-12T22:57:00.025Z [error][Download Tracker]: Unable to get queue from Radarr server: Radarr 
2025-06-12T22:57:00.026Z [error][Download Tracker]: Unable to get queue from Sonarr server: Sonarr 
2025-06-12T22:58:00.023Z [debug][Jobs]: Starting scheduled job: Download Sync 
2025-06-12T22:58:00.028Z [error][Download Tracker]: Unable to get queue from Sonarr server: Sonarr 
2025-06-12T22:58:00.029Z [error][Download Tracker]: Unable to get queue from Radarr server: Radarr 
2025-06-12T22:59:00.024Z [debug][Jobs]: Starting scheduled job: Download Sync 
2025-06-12T22:59:00.029Z [error][Download Tracker]: Unable to get queue from Sonarr server: Sonarr 
2025-06-12T22:59:00.030Z [error][Download Tracker]: Unable to get queue from Radarr server: Radarr 
2025-06-12T23:00:00.026Z [debug][Jobs]: Starting scheduled job: Download Sync 
2025-06-12T23:00:00.034Z [info][Jobs]: Starting scheduled job: Plex Watchlist Sync 
2025-06-12T23:00:00.035Z [error][Download Tracker]: Unable to get queue from Radarr server: Radarr 
2025-06-12T23:00:00.036Z [error][Download Tracker]: Unable to get queue from Sonarr server: Sonarr 
2025-06-12T23:00:00.039Z [info][Jobs]: Starting scheduled job: Plex Recently Added Scan 
2025-06-12T23:00:00.040Z [info][Plex Scan]: Scan starting {"sessionId":"0a4a5273-858e-4325-96dc-eb1332ef61cc"}
2025-06-12T23:00:02.232Z [error][Plex Scan]: Scan interrupted {"errorMessage":"Permission denied even after attempted authentication :( Wrong username and/or password maybe?"}
