2025-06-13T21:00:00.019Z [debug][Jobs]: Starting scheduled job: Download Sync 
2025-06-13T21:00:00.068Z [info][Jobs]: Starting scheduled job: Plex Watchlist Sync 
2025-06-13T21:00:00.070Z [error][Download Tracker]: Unable to get queue from Radarr server: Radarr 
2025-06-13T21:00:00.070Z [error][Download Tracker]: Unable to get queue from Sonarr server: Sonarr 
2025-06-13T21:00:00.074Z [info][Jobs]: Starting scheduled job: Plex Recently Added Scan 
2025-06-13T21:00:00.074Z [info][Plex Scan]: Scan starting {"sessionId":"24b8defe-aff1-45a8-bfc4-3f5eedcaadfe"}
2025-06-13T21:00:01.533Z [error][Plex Scan]: Scan interrupted {"errorMessage":"Permission denied even after attempted authentication :( Wrong username and/or password maybe?"}
2025-06-13T21:01:00.025Z [debug][Jobs]: Starting scheduled job: Download Sync 
2025-06-13T21:01:00.030Z [error][Download Tracker]: Unable to get queue from Radarr server: Radarr 
2025-06-13T21:01:00.031Z [error][Download Tracker]: Unable to get queue from Sonarr server: Sonarr 
2025-06-13T21:02:00.019Z [debug][Jobs]: Starting scheduled job: Download Sync 
2025-06-13T21:02:00.024Z [error][Download Tracker]: Unable to get queue from Sonarr server: Sonarr 
2025-06-13T21:02:00.025Z [error][Download Tracker]: Unable to get queue from Radarr server: Radarr 
2025-06-13T21:03:00.022Z [debug][Jobs]: Starting scheduled job: Download Sync 
2025-06-13T21:03:00.040Z [info][Jobs]: Starting scheduled job: Plex Watchlist Sync 
2025-06-13T21:03:00.046Z [error][Download Tracker]: Unable to get queue from Radarr server: Radarr 
2025-06-13T21:03:00.047Z [error][Download Tracker]: Unable to get queue from Sonarr server: Sonarr 
2025-06-13T21:04:00.022Z [debug][Jobs]: Starting scheduled job: Download Sync 
2025-06-13T21:04:00.031Z [error][Download Tracker]: Unable to get queue from Radarr server: Radarr 
2025-06-13T21:04:00.032Z [error][Download Tracker]: Unable to get queue from Sonarr server: Sonarr 
2025-06-13T21:05:00.009Z [debug][Jobs]: Starting scheduled job: Download Sync 
2025-06-13T21:05:00.021Z [info][Jobs]: Starting scheduled job: Plex Recently Added Scan 
2025-06-13T21:05:00.023Z [info][Plex Scan]: Scan starting {"sessionId":"dca15425-c377-4814-be12-c6f16ceb096c"}
2025-06-13T21:05:00.029Z [error][Download Tracker]: Unable to get queue from Radarr server: Radarr 
2025-06-13T21:05:00.030Z [error][Download Tracker]: Unable to get queue from Sonarr server: Sonarr 
2025-06-13T21:05:00.871Z [error][Plex Scan]: Scan interrupted {"errorMessage":"Permission denied even after attempted authentication :( Wrong username and/or password maybe?"}
2025-06-13T21:06:00.643Z [debug][Jobs]: Starting scheduled job: Download Sync 
2025-06-13T21:06:00.677Z [info][Jobs]: Starting scheduled job: Plex Watchlist Sync 
2025-06-13T21:06:00.693Z [error][Download Tracker]: Unable to get queue from Radarr server: Radarr 
2025-06-13T21:06:00.694Z [error][Download Tracker]: Unable to get queue from Sonarr server: Sonarr 
2025-06-13T21:07:00.002Z [debug][Jobs]: Starting scheduled job: Download Sync 
2025-06-13T21:07:00.010Z [error][Download Tracker]: Unable to get queue from Sonarr server: Sonarr 
2025-06-13T21:07:00.013Z [error][Download Tracker]: Unable to get queue from Radarr server: Radarr 
2025-06-13T21:08:00.012Z [debug][Jobs]: Starting scheduled job: Download Sync 
2025-06-13T21:08:00.016Z [error][Download Tracker]: Unable to get queue from Sonarr server: Sonarr 
2025-06-13T21:08:00.017Z [error][Download Tracker]: Unable to get queue from Radarr server: Radarr 
2025-06-13T21:09:00.022Z [debug][Jobs]: Starting scheduled job: Download Sync 
2025-06-13T21:09:00.030Z [info][Jobs]: Starting scheduled job: Plex Watchlist Sync 
2025-06-13T21:09:00.032Z [error][Download Tracker]: Unable to get queue from Radarr server: Radarr 
2025-06-13T21:09:00.033Z [error][Download Tracker]: Unable to get queue from Sonarr server: Sonarr 
2025-06-13T21:10:00.016Z [debug][Jobs]: Starting scheduled job: Download Sync 
2025-06-13T21:10:00.026Z [info][Jobs]: Starting scheduled job: Plex Recently Added Scan 
2025-06-13T21:10:00.026Z [info][Plex Scan]: Scan starting {"sessionId":"c2a466b2-61e6-4978-91a2-181a40b02ff1"}
2025-06-13T21:10:00.028Z [error][Download Tracker]: Unable to get queue from Radarr server: Radarr 
2025-06-13T21:10:00.029Z [error][Download Tracker]: Unable to get queue from Sonarr server: Sonarr 
2025-06-13T21:10:00.906Z [error][Plex Scan]: Scan interrupted {"errorMessage":"Permission denied even after attempted authentication :( Wrong username and/or password maybe?"}
2025-06-13T21:11:00.018Z [debug][Jobs]: Starting scheduled job: Download Sync 
2025-06-13T21:11:00.022Z [error][Download Tracker]: Unable to get queue from Radarr server: Radarr 
2025-06-13T21:11:00.023Z [error][Download Tracker]: Unable to get queue from Sonarr server: Sonarr 
2025-06-13T21:12:00.027Z [debug][Jobs]: Starting scheduled job: Download Sync 
2025-06-13T21:12:00.034Z [info][Jobs]: Starting scheduled job: Plex Watchlist Sync 
2025-06-13T21:12:00.040Z [error][Download Tracker]: Unable to get queue from Radarr server: Radarr 
2025-06-13T21:12:00.040Z [error][Download Tracker]: Unable to get queue from Sonarr server: Sonarr 
2025-06-13T21:13:00.018Z [debug][Jobs]: Starting scheduled job: Download Sync 
2025-06-13T21:13:00.023Z [error][Download Tracker]: Unable to get queue from Sonarr server: Sonarr 
2025-06-13T21:13:00.024Z [error][Download Tracker]: Unable to get queue from Radarr server: Radarr 
2025-06-13T21:14:00.018Z [debug][Jobs]: Starting scheduled job: Download Sync 
2025-06-13T21:14:00.024Z [error][Download Tracker]: Unable to get queue from Sonarr server: Sonarr 
2025-06-13T21:14:00.028Z [error][Download Tracker]: Unable to get queue from Radarr server: Radarr 
2025-06-13T21:15:00.017Z [debug][Jobs]: Starting scheduled job: Download Sync 
2025-06-13T21:15:00.023Z [info][Jobs]: Starting scheduled job: Plex Watchlist Sync 
2025-06-13T21:15:00.025Z [error][Download Tracker]: Unable to get queue from Sonarr server: Sonarr 
2025-06-13T21:15:00.039Z [info][Jobs]: Starting scheduled job: Plex Recently Added Scan 
2025-06-13T21:15:00.039Z [info][Plex Scan]: Scan starting {"sessionId":"1ef18375-205e-46aa-9fd0-67cd003730d7"}
2025-06-13T21:15:00.041Z [error][Download Tracker]: Unable to get queue from Radarr server: Radarr 
2025-06-13T21:15:00.867Z [error][Plex Scan]: Scan interrupted {"errorMessage":"Permission denied even after attempted authentication :( Wrong username and/or password maybe?"}
2025-06-13T21:16:00.023Z [debug][Jobs]: Starting scheduled job: Download Sync 
2025-06-13T21:16:00.028Z [error][Download Tracker]: Unable to get queue from Sonarr server: Sonarr 
2025-06-13T21:16:00.031Z [error][Download Tracker]: Unable to get queue from Radarr server: Radarr 
2025-06-13T21:17:00.026Z [debug][Jobs]: Starting scheduled job: Download Sync 
2025-06-13T21:17:00.033Z [error][Download Tracker]: Unable to get queue from Sonarr server: Sonarr 
2025-06-13T21:17:00.034Z [error][Download Tracker]: Unable to get queue from Radarr server: Radarr 
2025-06-13T21:18:00.020Z [debug][Jobs]: Starting scheduled job: Download Sync 
2025-06-13T21:18:00.028Z [info][Jobs]: Starting scheduled job: Plex Watchlist Sync 
2025-06-13T21:18:00.031Z [error][Download Tracker]: Unable to get queue from Radarr server: Radarr 
2025-06-13T21:18:00.032Z [error][Download Tracker]: Unable to get queue from Sonarr server: Sonarr 
2025-06-13T21:19:00.010Z [debug][Jobs]: Starting scheduled job: Download Sync 
2025-06-13T21:19:00.015Z [error][Download Tracker]: Unable to get queue from Sonarr server: Sonarr 
2025-06-13T21:19:00.016Z [error][Download Tracker]: Unable to get queue from Radarr server: Radarr 
2025-06-13T21:20:00.025Z [debug][Jobs]: Starting scheduled job: Download Sync 
2025-06-13T21:20:00.031Z [info][Jobs]: Starting scheduled job: Plex Recently Added Scan 
2025-06-13T21:20:00.031Z [info][Plex Scan]: Scan starting {"sessionId":"69888482-7729-4a1c-a5db-722c34e043da"}
2025-06-13T21:20:00.035Z [error][Download Tracker]: Unable to get queue from Radarr server: Radarr 
2025-06-13T21:20:00.035Z [error][Download Tracker]: Unable to get queue from Sonarr server: Sonarr 
2025-06-13T21:20:00.679Z [error][Plex Scan]: Scan interrupted {"errorMessage":"Permission denied even after attempted authentication :( Wrong username and/or password maybe?"}
2025-06-13T21:21:00.026Z [debug][Jobs]: Starting scheduled job: Download Sync 
2025-06-13T21:21:00.034Z [info][Jobs]: Starting scheduled job: Plex Watchlist Sync 
2025-06-13T21:21:00.035Z [error][Download Tracker]: Unable to get queue from Radarr server: Radarr 
2025-06-13T21:21:00.036Z [error][Download Tracker]: Unable to get queue from Sonarr server: Sonarr 
2025-06-13T21:22:00.007Z [debug][Jobs]: Starting scheduled job: Download Sync 
2025-06-13T21:22:00.012Z [error][Download Tracker]: Unable to get queue from Sonarr server: Sonarr 
2025-06-13T21:22:00.013Z [error][Download Tracker]: Unable to get queue from Radarr server: Radarr 
2025-06-13T21:23:00.007Z [debug][Jobs]: Starting scheduled job: Download Sync 
2025-06-13T21:23:00.013Z [error][Download Tracker]: Unable to get queue from Sonarr server: Sonarr 
2025-06-13T21:23:00.014Z [error][Download Tracker]: Unable to get queue from Radarr server: Radarr 
2025-06-13T21:24:00.010Z [debug][Jobs]: Starting scheduled job: Download Sync 
2025-06-13T21:24:00.031Z [info][Jobs]: Starting scheduled job: Plex Watchlist Sync 
2025-06-13T21:24:00.032Z [error][Download Tracker]: Unable to get queue from Radarr server: Radarr 
2025-06-13T21:24:00.033Z [error][Download Tracker]: Unable to get queue from Sonarr server: Sonarr 
2025-06-13T21:25:00.014Z [debug][Jobs]: Starting scheduled job: Download Sync 
2025-06-13T21:25:00.021Z [info][Jobs]: Starting scheduled job: Plex Recently Added Scan 
2025-06-13T21:25:00.021Z [info][Plex Scan]: Scan starting {"sessionId":"9f0afbd1-36af-4212-8816-519bdbb55a52"}
2025-06-13T21:25:00.026Z [error][Download Tracker]: Unable to get queue from Radarr server: Radarr 
2025-06-13T21:25:00.028Z [error][Download Tracker]: Unable to get queue from Sonarr server: Sonarr 
2025-06-13T21:25:00.620Z [error][Plex Scan]: Scan interrupted {"errorMessage":"Permission denied even after attempted authentication :( Wrong username and/or password maybe?"}
2025-06-13T21:26:00.023Z [debug][Jobs]: Starting scheduled job: Download Sync 
2025-06-13T21:26:00.029Z [error][Download Tracker]: Unable to get queue from Radarr server: Radarr 
2025-06-13T21:26:00.032Z [error][Download Tracker]: Unable to get queue from Sonarr server: Sonarr 
2025-06-13T21:27:00.025Z [debug][Jobs]: Starting scheduled job: Download Sync 
2025-06-13T21:27:00.035Z [info][Jobs]: Starting scheduled job: Plex Watchlist Sync 
2025-06-13T21:27:00.039Z [error][Download Tracker]: Unable to get queue from Radarr server: Radarr 
2025-06-13T21:27:00.039Z [error][Download Tracker]: Unable to get queue from Sonarr server: Sonarr 
2025-06-13T21:28:00.027Z [debug][Jobs]: Starting scheduled job: Download Sync 
2025-06-13T21:28:00.032Z [error][Download Tracker]: Unable to get queue from Sonarr server: Sonarr 
2025-06-13T21:28:00.034Z [error][Download Tracker]: Unable to get queue from Radarr server: Radarr 
2025-06-13T21:29:00.025Z [debug][Jobs]: Starting scheduled job: Download Sync 
2025-06-13T21:29:00.031Z [error][Download Tracker]: Unable to get queue from Sonarr server: Sonarr 
2025-06-13T21:29:00.032Z [error][Download Tracker]: Unable to get queue from Radarr server: Radarr 
2025-06-13T21:30:00.012Z [debug][Jobs]: Starting scheduled job: Download Sync 
2025-06-13T21:30:00.019Z [info][Jobs]: Starting scheduled job: Plex Watchlist Sync 
2025-06-13T21:30:00.021Z [error][Download Tracker]: Unable to get queue from Radarr server: Radarr 
2025-06-13T21:30:00.022Z [error][Download Tracker]: Unable to get queue from Sonarr server: Sonarr 
2025-06-13T21:30:00.024Z [info][Jobs]: Starting scheduled job: Plex Recently Added Scan 
2025-06-13T21:30:00.025Z [info][Plex Scan]: Scan starting {"sessionId":"695640f5-eece-43fe-9946-d5cd4dbd75a9"}
2025-06-13T21:30:01.849Z [error][Plex Scan]: Scan interrupted {"errorMessage":"Permission denied even after attempted authentication :( Wrong username and/or password maybe?"}
2025-06-13T21:31:00.013Z [debug][Jobs]: Starting scheduled job: Download Sync 
2025-06-13T21:31:00.021Z [error][Download Tracker]: Unable to get queue from Sonarr server: Sonarr 
2025-06-13T21:31:00.023Z [error][Download Tracker]: Unable to get queue from Radarr server: Radarr 
2025-06-13T21:32:00.016Z [debug][Jobs]: Starting scheduled job: Download Sync 
2025-06-13T21:32:00.023Z [error][Download Tracker]: Unable to get queue from Radarr server: Radarr 
2025-06-13T21:32:00.024Z [error][Download Tracker]: Unable to get queue from Sonarr server: Sonarr 
2025-06-13T21:33:00.019Z [debug][Jobs]: Starting scheduled job: Download Sync 
2025-06-13T21:33:00.025Z [info][Jobs]: Starting scheduled job: Plex Watchlist Sync 
2025-06-13T21:33:00.029Z [error][Download Tracker]: Unable to get queue from Radarr server: Radarr 
2025-06-13T21:33:00.030Z [error][Download Tracker]: Unable to get queue from Sonarr server: Sonarr 
2025-06-13T21:34:00.016Z [debug][Jobs]: Starting scheduled job: Download Sync 
2025-06-13T21:34:00.021Z [error][Download Tracker]: Unable to get queue from Sonarr server: Sonarr 
2025-06-13T21:34:00.023Z [error][Download Tracker]: Unable to get queue from Radarr server: Radarr 
2025-06-13T21:35:00.011Z [debug][Jobs]: Starting scheduled job: Download Sync 
2025-06-13T21:35:00.021Z [info][Jobs]: Starting scheduled job: Plex Recently Added Scan 
2025-06-13T21:35:00.021Z [info][Plex Scan]: Scan starting {"sessionId":"c6e05098-155c-4100-93a3-39ecc693ed24"}
2025-06-13T21:35:00.023Z [error][Download Tracker]: Unable to get queue from Radarr server: Radarr 
2025-06-13T21:35:00.023Z [error][Download Tracker]: Unable to get queue from Sonarr server: Sonarr 
2025-06-13T21:35:00.816Z [error][Plex Scan]: Scan interrupted {"errorMessage":"Permission denied even after attempted authentication :( Wrong username and/or password maybe?"}
2025-06-13T21:36:00.025Z [debug][Jobs]: Starting scheduled job: Download Sync 
2025-06-13T21:36:00.032Z [info][Jobs]: Starting scheduled job: Plex Watchlist Sync 
2025-06-13T21:36:00.034Z [error][Download Tracker]: Unable to get queue from Radarr server: Radarr 
2025-06-13T21:36:00.035Z [error][Download Tracker]: Unable to get queue from Sonarr server: Sonarr 
2025-06-13T21:37:00.025Z [debug][Jobs]: Starting scheduled job: Download Sync 
2025-06-13T21:37:00.030Z [error][Download Tracker]: Unable to get queue from Sonarr server: Sonarr 
2025-06-13T21:37:00.032Z [error][Download Tracker]: Unable to get queue from Radarr server: Radarr 
2025-06-13T21:38:00.029Z [debug][Jobs]: Starting scheduled job: Download Sync 
2025-06-13T21:38:00.034Z [error][Download Tracker]: Unable to get queue from Sonarr server: Sonarr 
2025-06-13T21:38:00.035Z [error][Download Tracker]: Unable to get queue from Radarr server: Radarr 
2025-06-13T21:39:00.010Z [debug][Jobs]: Starting scheduled job: Download Sync 
2025-06-13T21:39:00.016Z [info][Jobs]: Starting scheduled job: Plex Watchlist Sync 
2025-06-13T21:39:00.018Z [error][Download Tracker]: Unable to get queue from Radarr server: Radarr 
2025-06-13T21:39:00.019Z [error][Download Tracker]: Unable to get queue from Sonarr server: Sonarr 
2025-06-13T21:40:00.026Z [debug][Jobs]: Starting scheduled job: Download Sync 
2025-06-13T21:40:00.034Z [info][Jobs]: Starting scheduled job: Plex Recently Added Scan 
2025-06-13T21:40:00.034Z [info][Plex Scan]: Scan starting {"sessionId":"66af7476-4c03-4e9e-ad01-ed417737195b"}
2025-06-13T21:40:00.036Z [error][Download Tracker]: Unable to get queue from Radarr server: Radarr 
2025-06-13T21:40:00.037Z [error][Download Tracker]: Unable to get queue from Sonarr server: Sonarr 
2025-06-13T21:40:00.770Z [error][Plex Scan]: Scan interrupted {"errorMessage":"Permission denied even after attempted authentication :( Wrong username and/or password maybe?"}
2025-06-13T21:41:00.019Z [debug][Jobs]: Starting scheduled job: Download Sync 
2025-06-13T21:41:00.023Z [error][Download Tracker]: Unable to get queue from Sonarr server: Sonarr 
2025-06-13T21:41:00.024Z [error][Download Tracker]: Unable to get queue from Radarr server: Radarr 
2025-06-13T21:42:00.018Z [debug][Jobs]: Starting scheduled job: Download Sync 
2025-06-13T21:42:00.025Z [info][Jobs]: Starting scheduled job: Plex Watchlist Sync 
2025-06-13T21:42:00.027Z [error][Download Tracker]: Unable to get queue from Radarr server: Radarr 
2025-06-13T21:42:00.027Z [error][Download Tracker]: Unable to get queue from Sonarr server: Sonarr 
2025-06-13T21:43:00.025Z [debug][Jobs]: Starting scheduled job: Download Sync 
2025-06-13T21:43:00.031Z [error][Download Tracker]: Unable to get queue from Sonarr server: Sonarr 
2025-06-13T21:43:00.033Z [error][Download Tracker]: Unable to get queue from Radarr server: Radarr 
2025-06-13T21:44:00.010Z [debug][Jobs]: Starting scheduled job: Download Sync 
2025-06-13T21:44:00.017Z [error][Download Tracker]: Unable to get queue from Sonarr server: Sonarr 
2025-06-13T21:44:00.018Z [error][Download Tracker]: Unable to get queue from Radarr server: Radarr 
2025-06-13T21:45:00.020Z [debug][Jobs]: Starting scheduled job: Download Sync 
2025-06-13T21:45:00.027Z [info][Jobs]: Starting scheduled job: Plex Watchlist Sync 
2025-06-13T21:45:00.030Z [error][Download Tracker]: Unable to get queue from Radarr server: Radarr 
2025-06-13T21:45:00.030Z [error][Download Tracker]: Unable to get queue from Sonarr server: Sonarr 
2025-06-13T21:45:00.038Z [info][Jobs]: Starting scheduled job: Plex Recently Added Scan 
2025-06-13T21:45:00.038Z [info][Plex Scan]: Scan starting {"sessionId":"814f0d8d-6429-4682-a490-89713a33139b"}
2025-06-13T21:45:00.776Z [error][Plex Scan]: Scan interrupted {"errorMessage":"Permission denied even after attempted authentication :( Wrong username and/or password maybe?"}
2025-06-13T21:46:00.026Z [debug][Jobs]: Starting scheduled job: Download Sync 
2025-06-13T21:46:00.031Z [error][Download Tracker]: Unable to get queue from Sonarr server: Sonarr 
2025-06-13T21:46:00.032Z [error][Download Tracker]: Unable to get queue from Radarr server: Radarr 
2025-06-13T21:47:00.006Z [debug][Jobs]: Starting scheduled job: Download Sync 
2025-06-13T21:47:00.011Z [error][Download Tracker]: Unable to get queue from Sonarr server: Sonarr 
2025-06-13T21:47:00.015Z [error][Download Tracker]: Unable to get queue from Radarr server: Radarr 
2025-06-13T21:48:00.027Z [debug][Jobs]: Starting scheduled job: Download Sync 
2025-06-13T21:48:00.033Z [info][Jobs]: Starting scheduled job: Plex Watchlist Sync 
2025-06-13T21:48:00.035Z [error][Download Tracker]: Unable to get queue from Radarr server: Radarr 
2025-06-13T21:48:00.036Z [error][Download Tracker]: Unable to get queue from Sonarr server: Sonarr 
2025-06-13T21:49:00.015Z [debug][Jobs]: Starting scheduled job: Download Sync 
2025-06-13T21:49:00.020Z [error][Download Tracker]: Unable to get queue from Sonarr server: Sonarr 
2025-06-13T21:49:00.021Z [error][Download Tracker]: Unable to get queue from Radarr server: Radarr 
2025-06-13T21:50:00.024Z [debug][Jobs]: Starting scheduled job: Download Sync 
2025-06-13T21:50:00.033Z [info][Jobs]: Starting scheduled job: Plex Recently Added Scan 
2025-06-13T21:50:00.033Z [info][Plex Scan]: Scan starting {"sessionId":"a9102490-ccec-4580-b5d5-c46ee42ff322"}
2025-06-13T21:50:00.035Z [error][Download Tracker]: Unable to get queue from Radarr server: Radarr 
2025-06-13T21:50:00.035Z [error][Download Tracker]: Unable to get queue from Sonarr server: Sonarr 
2025-06-13T21:50:00.775Z [error][Plex Scan]: Scan interrupted {"errorMessage":"Permission denied even after attempted authentication :( Wrong username and/or password maybe?"}
2025-06-13T21:51:00.024Z [debug][Jobs]: Starting scheduled job: Download Sync 
2025-06-13T21:51:00.030Z [info][Jobs]: Starting scheduled job: Plex Watchlist Sync 
2025-06-13T21:51:00.032Z [error][Download Tracker]: Unable to get queue from Radarr server: Radarr 
2025-06-13T21:51:00.035Z [error][Download Tracker]: Unable to get queue from Sonarr server: Sonarr 
2025-06-13T21:52:00.024Z [debug][Jobs]: Starting scheduled job: Download Sync 
2025-06-13T21:52:00.030Z [error][Download Tracker]: Unable to get queue from Sonarr server: Sonarr 
2025-06-13T21:52:00.032Z [error][Download Tracker]: Unable to get queue from Radarr server: Radarr 
2025-06-13T21:53:00.024Z [debug][Jobs]: Starting scheduled job: Download Sync 
2025-06-13T21:53:00.030Z [error][Download Tracker]: Unable to get queue from Sonarr server: Sonarr 
2025-06-13T21:53:00.031Z [error][Download Tracker]: Unable to get queue from Radarr server: Radarr 
2025-06-13T21:54:00.027Z [debug][Jobs]: Starting scheduled job: Download Sync 
2025-06-13T21:54:00.034Z [info][Jobs]: Starting scheduled job: Plex Watchlist Sync 
2025-06-13T21:54:00.037Z [error][Download Tracker]: Unable to get queue from Radarr server: Radarr 
2025-06-13T21:54:00.037Z [error][Download Tracker]: Unable to get queue from Sonarr server: Sonarr 
2025-06-13T21:55:00.009Z [debug][Jobs]: Starting scheduled job: Download Sync 
2025-06-13T21:55:00.016Z [info][Jobs]: Starting scheduled job: Plex Recently Added Scan 
2025-06-13T21:55:00.016Z [info][Plex Scan]: Scan starting {"sessionId":"2102013b-a200-4e9c-865a-6be02a19a215"}
2025-06-13T21:55:00.018Z [error][Download Tracker]: Unable to get queue from Radarr server: Radarr 
2025-06-13T21:55:00.019Z [error][Download Tracker]: Unable to get queue from Sonarr server: Sonarr 
2025-06-13T21:55:00.698Z [error][Plex Scan]: Scan interrupted {"errorMessage":"Permission denied even after attempted authentication :( Wrong username and/or password maybe?"}
2025-06-13T21:56:00.023Z [debug][Jobs]: Starting scheduled job: Download Sync 
2025-06-13T21:56:00.029Z [error][Download Tracker]: Unable to get queue from Sonarr server: Sonarr 
2025-06-13T21:56:00.031Z [error][Download Tracker]: Unable to get queue from Radarr server: Radarr 
2025-06-13T21:57:00.017Z [debug][Jobs]: Starting scheduled job: Download Sync 
2025-06-13T21:57:00.024Z [info][Jobs]: Starting scheduled job: Plex Watchlist Sync 
2025-06-13T21:57:00.026Z [error][Download Tracker]: Unable to get queue from Radarr server: Radarr 
2025-06-13T21:57:00.026Z [error][Download Tracker]: Unable to get queue from Sonarr server: Sonarr 
2025-06-13T21:58:00.026Z [debug][Jobs]: Starting scheduled job: Download Sync 
2025-06-13T21:58:00.031Z [error][Download Tracker]: Unable to get queue from Sonarr server: Sonarr 
2025-06-13T21:58:00.033Z [error][Download Tracker]: Unable to get queue from Radarr server: Radarr 
2025-06-13T21:59:00.021Z [debug][Jobs]: Starting scheduled job: Download Sync 
2025-06-13T21:59:00.027Z [error][Download Tracker]: Unable to get queue from Sonarr server: Sonarr 
2025-06-13T21:59:00.028Z [error][Download Tracker]: Unable to get queue from Radarr server: Radarr 
2025-06-13T22:00:00.023Z [debug][Jobs]: Starting scheduled job: Download Sync 
2025-06-13T22:00:00.030Z [info][Jobs]: Starting scheduled job: Plex Watchlist Sync 
2025-06-13T22:00:00.032Z [error][Download Tracker]: Unable to get queue from Radarr server: Radarr 
2025-06-13T22:00:00.032Z [error][Download Tracker]: Unable to get queue from Sonarr server: Sonarr 
2025-06-13T22:00:00.037Z [info][Jobs]: Starting scheduled job: Plex Recently Added Scan 
2025-06-13T22:00:00.037Z [info][Plex Scan]: Scan starting {"sessionId":"71dfae71-5e97-4bd9-8308-0a396920f314"}
2025-06-13T22:00:00.048Z [info][Jobs]: Starting scheduled job: Download Sync Reset 
2025-06-13T22:00:02.351Z [error][Plex Scan]: Scan interrupted {"errorMessage":"Permission denied even after attempted authentication :( Wrong username and/or password maybe?"}
2025-06-13T22:01:00.015Z [debug][Jobs]: Starting scheduled job: Download Sync 
2025-06-13T22:01:00.021Z [error][Download Tracker]: Unable to get queue from Radarr server: Radarr 
2025-06-13T22:01:00.022Z [error][Download Tracker]: Unable to get queue from Sonarr server: Sonarr 
2025-06-13T22:02:00.026Z [debug][Jobs]: Starting scheduled job: Download Sync 
2025-06-13T22:02:00.031Z [error][Download Tracker]: Unable to get queue from Sonarr server: Sonarr 
2025-06-13T22:02:00.033Z [error][Download Tracker]: Unable to get queue from Radarr server: Radarr 
2025-06-13T22:03:00.021Z [debug][Jobs]: Starting scheduled job: Download Sync 
2025-06-13T22:03:00.027Z [info][Jobs]: Starting scheduled job: Plex Watchlist Sync 
2025-06-13T22:03:00.029Z [error][Download Tracker]: Unable to get queue from Radarr server: Radarr 
2025-06-13T22:03:00.029Z [error][Download Tracker]: Unable to get queue from Sonarr server: Sonarr 
2025-06-13T22:04:00.023Z [debug][Jobs]: Starting scheduled job: Download Sync 
2025-06-13T22:04:00.029Z [error][Download Tracker]: Unable to get queue from Radarr server: Radarr 
2025-06-13T22:04:00.030Z [error][Download Tracker]: Unable to get queue from Sonarr server: Sonarr 
2025-06-13T22:05:00.025Z [debug][Jobs]: Starting scheduled job: Download Sync 
2025-06-13T22:05:00.032Z [info][Jobs]: Starting scheduled job: Plex Recently Added Scan 
2025-06-13T22:05:00.033Z [info][Plex Scan]: Scan starting {"sessionId":"5d364fa7-5571-4325-a24e-61fccfc9d2a8"}
2025-06-13T22:05:00.035Z [error][Download Tracker]: Unable to get queue from Radarr server: Radarr 
2025-06-13T22:05:00.035Z [error][Download Tracker]: Unable to get queue from Sonarr server: Sonarr 
2025-06-13T22:05:00.678Z [error][Plex Scan]: Scan interrupted {"errorMessage":"Permission denied even after attempted authentication :( Wrong username and/or password maybe?"}
2025-06-13T22:06:00.024Z [debug][Jobs]: Starting scheduled job: Download Sync 
2025-06-13T22:06:00.033Z [info][Jobs]: Starting scheduled job: Plex Watchlist Sync 
2025-06-13T22:06:00.034Z [error][Download Tracker]: Unable to get queue from Radarr server: Radarr 
2025-06-13T22:06:00.035Z [error][Download Tracker]: Unable to get queue from Sonarr server: Sonarr 
2025-06-13T22:07:00.014Z [debug][Jobs]: Starting scheduled job: Download Sync 
2025-06-13T22:07:00.020Z [error][Download Tracker]: Unable to get queue from Radarr server: Radarr 
2025-06-13T22:07:00.021Z [error][Download Tracker]: Unable to get queue from Sonarr server: Sonarr 
2025-06-13T22:08:00.010Z [debug][Jobs]: Starting scheduled job: Download Sync 
2025-06-13T22:08:00.015Z [error][Download Tracker]: Unable to get queue from Sonarr server: Sonarr 
2025-06-13T22:08:00.016Z [error][Download Tracker]: Unable to get queue from Radarr server: Radarr 
2025-06-13T22:09:00.025Z [debug][Jobs]: Starting scheduled job: Download Sync 
2025-06-13T22:09:00.032Z [info][Jobs]: Starting scheduled job: Plex Watchlist Sync 
2025-06-13T22:09:00.034Z [error][Download Tracker]: Unable to get queue from Radarr server: Radarr 
2025-06-13T22:09:00.035Z [error][Download Tracker]: Unable to get queue from Sonarr server: Sonarr 
2025-06-13T22:10:00.005Z [debug][Jobs]: Starting scheduled job: Download Sync 
2025-06-13T22:10:00.011Z [info][Jobs]: Starting scheduled job: Plex Recently Added Scan 
2025-06-13T22:10:00.011Z [info][Plex Scan]: Scan starting {"sessionId":"ba62f761-1bbe-4d1e-958f-590a99234cee"}
2025-06-13T22:10:00.013Z [error][Download Tracker]: Unable to get queue from Sonarr server: Sonarr 
2025-06-13T22:10:00.016Z [error][Download Tracker]: Unable to get queue from Radarr server: Radarr 
2025-06-13T22:10:00.628Z [error][Plex Scan]: Scan interrupted {"errorMessage":"Permission denied even after attempted authentication :( Wrong username and/or password maybe?"}
2025-06-13T22:11:00.024Z [debug][Jobs]: Starting scheduled job: Download Sync 
2025-06-13T22:11:00.031Z [error][Download Tracker]: Unable to get queue from Sonarr server: Sonarr 
2025-06-13T22:11:00.031Z [error][Download Tracker]: Unable to get queue from Radarr server: Radarr 
2025-06-13T22:12:00.016Z [debug][Jobs]: Starting scheduled job: Download Sync 
2025-06-13T22:12:00.023Z [info][Jobs]: Starting scheduled job: Plex Watchlist Sync 
2025-06-13T22:12:00.025Z [error][Download Tracker]: Unable to get queue from Radarr server: Radarr 
2025-06-13T22:12:00.026Z [error][Download Tracker]: Unable to get queue from Sonarr server: Sonarr 
2025-06-13T22:13:00.022Z [debug][Jobs]: Starting scheduled job: Download Sync 
2025-06-13T22:13:00.028Z [error][Download Tracker]: Unable to get queue from Radarr server: Radarr 
2025-06-13T22:13:00.031Z [error][Download Tracker]: Unable to get queue from Sonarr server: Sonarr 
2025-06-13T22:14:00.021Z [debug][Jobs]: Starting scheduled job: Download Sync 
2025-06-13T22:14:00.026Z [error][Download Tracker]: Unable to get queue from Sonarr server: Sonarr 
2025-06-13T22:14:00.027Z [error][Download Tracker]: Unable to get queue from Radarr server: Radarr 
2025-06-13T22:15:00.012Z [debug][Jobs]: Starting scheduled job: Download Sync 
2025-06-13T22:15:00.018Z [info][Jobs]: Starting scheduled job: Plex Watchlist Sync 
2025-06-13T22:15:00.020Z [error][Download Tracker]: Unable to get queue from Radarr server: Radarr 
2025-06-13T22:15:00.023Z [info][Jobs]: Starting scheduled job: Plex Recently Added Scan 
2025-06-13T22:15:00.023Z [info][Plex Scan]: Scan starting {"sessionId":"7ecfc1ba-88bd-43e9-9550-a64a2d11326a"}
2025-06-13T22:15:00.025Z [error][Download Tracker]: Unable to get queue from Sonarr server: Sonarr 
2025-06-13T22:15:00.601Z [error][Plex Scan]: Scan interrupted {"errorMessage":"Permission denied even after attempted authentication :( Wrong username and/or password maybe?"}
2025-06-13T22:16:00.010Z [debug][Jobs]: Starting scheduled job: Download Sync 
2025-06-13T22:16:00.016Z [error][Download Tracker]: Unable to get queue from Radarr server: Radarr 
2025-06-13T22:16:00.016Z [error][Download Tracker]: Unable to get queue from Sonarr server: Sonarr 
2025-06-13T22:17:00.013Z [debug][Jobs]: Starting scheduled job: Download Sync 
2025-06-13T22:17:00.018Z [error][Download Tracker]: Unable to get queue from Sonarr server: Sonarr 
2025-06-13T22:17:00.019Z [error][Download Tracker]: Unable to get queue from Radarr server: Radarr 
2025-06-13T22:18:00.020Z [debug][Jobs]: Starting scheduled job: Download Sync 
2025-06-13T22:18:00.025Z [info][Jobs]: Starting scheduled job: Plex Watchlist Sync 
2025-06-13T22:18:00.028Z [error][Download Tracker]: Unable to get queue from Radarr server: Radarr 
2025-06-13T22:18:00.029Z [error][Download Tracker]: Unable to get queue from Sonarr server: Sonarr 
2025-06-13T22:19:00.019Z [debug][Jobs]: Starting scheduled job: Download Sync 
2025-06-13T22:19:00.024Z [error][Download Tracker]: Unable to get queue from Sonarr server: Sonarr 
2025-06-13T22:19:00.024Z [error][Download Tracker]: Unable to get queue from Radarr server: Radarr 
2025-06-13T22:20:00.016Z [debug][Jobs]: Starting scheduled job: Download Sync 
2025-06-13T22:20:00.024Z [info][Jobs]: Starting scheduled job: Plex Recently Added Scan 
2025-06-13T22:20:00.024Z [info][Plex Scan]: Scan starting {"sessionId":"d9d82232-7728-4edd-b56b-32ed8c312fb7"}
2025-06-13T22:20:00.026Z [error][Download Tracker]: Unable to get queue from Radarr server: Radarr 
2025-06-13T22:20:00.026Z [error][Download Tracker]: Unable to get queue from Sonarr server: Sonarr 
2025-06-13T22:20:00.701Z [error][Plex Scan]: Scan interrupted {"errorMessage":"Permission denied even after attempted authentication :( Wrong username and/or password maybe?"}
2025-06-13T22:21:00.024Z [debug][Jobs]: Starting scheduled job: Download Sync 
2025-06-13T22:21:00.031Z [info][Jobs]: Starting scheduled job: Plex Watchlist Sync 
2025-06-13T22:21:00.032Z [error][Download Tracker]: Unable to get queue from Radarr server: Radarr 
2025-06-13T22:21:00.033Z [error][Download Tracker]: Unable to get queue from Sonarr server: Sonarr 
2025-06-13T22:22:00.020Z [debug][Jobs]: Starting scheduled job: Download Sync 
2025-06-13T22:22:00.024Z [error][Download Tracker]: Unable to get queue from Sonarr server: Sonarr 
2025-06-13T22:22:00.030Z [error][Download Tracker]: Unable to get queue from Radarr server: Radarr 
2025-06-13T22:23:00.025Z [debug][Jobs]: Starting scheduled job: Download Sync 
2025-06-13T22:23:00.031Z [error][Download Tracker]: Unable to get queue from Sonarr server: Sonarr 
2025-06-13T22:23:00.034Z [error][Download Tracker]: Unable to get queue from Radarr server: Radarr 
2025-06-13T22:24:00.025Z [debug][Jobs]: Starting scheduled job: Download Sync 
2025-06-13T22:24:00.031Z [info][Jobs]: Starting scheduled job: Plex Watchlist Sync 
2025-06-13T22:24:00.033Z [error][Download Tracker]: Unable to get queue from Radarr server: Radarr 
2025-06-13T22:24:00.033Z [error][Download Tracker]: Unable to get queue from Sonarr server: Sonarr 
2025-06-13T22:25:00.025Z [debug][Jobs]: Starting scheduled job: Download Sync 
2025-06-13T22:25:00.030Z [info][Jobs]: Starting scheduled job: Plex Recently Added Scan 
2025-06-13T22:25:00.031Z [info][Plex Scan]: Scan starting {"sessionId":"8f7a5997-ae31-48bc-9815-0ca6385c1dff"}
2025-06-13T22:25:00.033Z [error][Download Tracker]: Unable to get queue from Radarr server: Radarr 
2025-06-13T22:25:00.034Z [error][Download Tracker]: Unable to get queue from Sonarr server: Sonarr 
2025-06-13T22:25:00.594Z [error][Plex Scan]: Scan interrupted {"errorMessage":"Permission denied even after attempted authentication :( Wrong username and/or password maybe?"}
2025-06-13T22:26:00.024Z [debug][Jobs]: Starting scheduled job: Download Sync 
2025-06-13T22:26:00.030Z [error][Download Tracker]: Unable to get queue from Sonarr server: Sonarr 
2025-06-13T22:26:00.031Z [error][Download Tracker]: Unable to get queue from Radarr server: Radarr 
2025-06-13T22:27:00.015Z [debug][Jobs]: Starting scheduled job: Download Sync 
2025-06-13T22:27:00.021Z [info][Jobs]: Starting scheduled job: Plex Watchlist Sync 
2025-06-13T22:27:00.023Z [error][Download Tracker]: Unable to get queue from Radarr server: Radarr 
2025-06-13T22:27:00.024Z [error][Download Tracker]: Unable to get queue from Sonarr server: Sonarr 
2025-06-13T22:28:00.016Z [debug][Jobs]: Starting scheduled job: Download Sync 
2025-06-13T22:28:00.022Z [error][Download Tracker]: Unable to get queue from Sonarr server: Sonarr 
2025-06-13T22:28:00.023Z [error][Download Tracker]: Unable to get queue from Radarr server: Radarr 
2025-06-13T22:29:00.016Z [debug][Jobs]: Starting scheduled job: Download Sync 
2025-06-13T22:29:00.022Z [error][Download Tracker]: Unable to get queue from Radarr server: Radarr 
2025-06-13T22:29:00.023Z [error][Download Tracker]: Unable to get queue from Sonarr server: Sonarr 
2025-06-13T22:30:00.018Z [debug][Jobs]: Starting scheduled job: Download Sync 
2025-06-13T22:30:00.025Z [info][Jobs]: Starting scheduled job: Plex Watchlist Sync 
2025-06-13T22:30:00.028Z [error][Download Tracker]: Unable to get queue from Radarr server: Radarr 
2025-06-13T22:30:00.029Z [error][Download Tracker]: Unable to get queue from Sonarr server: Sonarr 
2025-06-13T22:30:00.033Z [info][Jobs]: Starting scheduled job: Plex Recently Added Scan 
2025-06-13T22:30:00.033Z [info][Plex Scan]: Scan starting {"sessionId":"e1ffa53d-7695-4f1e-80e2-0473dea0667d"}
2025-06-13T22:30:01.596Z [error][Plex Scan]: Scan interrupted {"errorMessage":"Permission denied even after attempted authentication :( Wrong username and/or password maybe?"}
2025-06-13T22:31:00.022Z [debug][Jobs]: Starting scheduled job: Download Sync 
2025-06-13T22:31:00.029Z [error][Download Tracker]: Unable to get queue from Sonarr server: Sonarr 
2025-06-13T22:31:00.030Z [error][Download Tracker]: Unable to get queue from Radarr server: Radarr 
2025-06-13T22:32:00.018Z [debug][Jobs]: Starting scheduled job: Download Sync 
2025-06-13T22:32:00.023Z [error][Download Tracker]: Unable to get queue from Radarr server: Radarr 
2025-06-13T22:32:00.024Z [error][Download Tracker]: Unable to get queue from Sonarr server: Sonarr 
2025-06-13T22:33:00.014Z [debug][Jobs]: Starting scheduled job: Download Sync 
2025-06-13T22:33:00.021Z [info][Jobs]: Starting scheduled job: Plex Watchlist Sync 
2025-06-13T22:33:00.022Z [error][Download Tracker]: Unable to get queue from Radarr server: Radarr 
2025-06-13T22:33:00.023Z [error][Download Tracker]: Unable to get queue from Sonarr server: Sonarr 
2025-06-13T22:34:00.010Z [debug][Jobs]: Starting scheduled job: Download Sync 
2025-06-13T22:34:00.016Z [error][Download Tracker]: Unable to get queue from Sonarr server: Sonarr 
2025-06-13T22:34:00.017Z [error][Download Tracker]: Unable to get queue from Radarr server: Radarr 
2025-06-13T22:35:00.016Z [debug][Jobs]: Starting scheduled job: Download Sync 
2025-06-13T22:35:00.025Z [info][Jobs]: Starting scheduled job: Plex Recently Added Scan 
2025-06-13T22:35:00.025Z [info][Plex Scan]: Scan starting {"sessionId":"5021380e-5212-41b7-8070-4cbfcc212118"}
2025-06-13T22:35:00.028Z [error][Download Tracker]: Unable to get queue from Radarr server: Radarr 
2025-06-13T22:35:00.028Z [error][Download Tracker]: Unable to get queue from Sonarr server: Sonarr 
2025-06-13T22:35:00.633Z [error][Plex Scan]: Scan interrupted {"errorMessage":"Permission denied even after attempted authentication :( Wrong username and/or password maybe?"}
2025-06-13T22:36:00.011Z [debug][Jobs]: Starting scheduled job: Download Sync 
2025-06-13T22:36:00.017Z [info][Jobs]: Starting scheduled job: Plex Watchlist Sync 
2025-06-13T22:36:00.020Z [error][Download Tracker]: Unable to get queue from Radarr server: Radarr 
2025-06-13T22:36:00.020Z [error][Download Tracker]: Unable to get queue from Sonarr server: Sonarr 
2025-06-13T22:37:00.024Z [debug][Jobs]: Starting scheduled job: Download Sync 
2025-06-13T22:37:00.029Z [error][Download Tracker]: Unable to get queue from Radarr server: Radarr 
2025-06-13T22:37:00.031Z [error][Download Tracker]: Unable to get queue from Sonarr server: Sonarr 
2025-06-13T22:38:00.020Z [debug][Jobs]: Starting scheduled job: Download Sync 
2025-06-13T22:38:00.024Z [error][Download Tracker]: Unable to get queue from Sonarr server: Sonarr 
2025-06-13T22:38:00.025Z [error][Download Tracker]: Unable to get queue from Radarr server: Radarr 
2025-06-13T22:39:00.020Z [debug][Jobs]: Starting scheduled job: Download Sync 
2025-06-13T22:39:00.024Z [info][Jobs]: Starting scheduled job: Plex Watchlist Sync 
2025-06-13T22:39:00.026Z [error][Download Tracker]: Unable to get queue from Sonarr server: Sonarr 
2025-06-13T22:39:00.026Z [error][Download Tracker]: Unable to get queue from Radarr server: Radarr 
2025-06-13T22:40:00.013Z [debug][Jobs]: Starting scheduled job: Download Sync 
2025-06-13T22:40:00.019Z [info][Jobs]: Starting scheduled job: Plex Recently Added Scan 
2025-06-13T22:40:00.019Z [info][Plex Scan]: Scan starting {"sessionId":"cad91350-3101-4fee-8da9-8fed88954d25"}
2025-06-13T22:40:00.021Z [error][Download Tracker]: Unable to get queue from Radarr server: Radarr 
2025-06-13T22:40:00.021Z [error][Download Tracker]: Unable to get queue from Sonarr server: Sonarr 
2025-06-13T22:40:00.707Z [error][Plex Scan]: Scan interrupted {"errorMessage":"Permission denied even after attempted authentication :( Wrong username and/or password maybe?"}
2025-06-13T22:41:00.026Z [debug][Jobs]: Starting scheduled job: Download Sync 
2025-06-13T22:41:00.058Z [error][Download Tracker]: Unable to get queue from Sonarr server: Sonarr 
2025-06-13T22:41:00.059Z [error][Download Tracker]: Unable to get queue from Radarr server: Radarr 
2025-06-13T22:42:00.025Z [debug][Jobs]: Starting scheduled job: Download Sync 
2025-06-13T22:42:00.032Z [info][Jobs]: Starting scheduled job: Plex Watchlist Sync 
2025-06-13T22:42:00.035Z [error][Download Tracker]: Unable to get queue from Radarr server: Radarr 
2025-06-13T22:42:00.036Z [error][Download Tracker]: Unable to get queue from Sonarr server: Sonarr 
2025-06-13T22:43:00.021Z [debug][Jobs]: Starting scheduled job: Download Sync 
2025-06-13T22:43:00.027Z [error][Download Tracker]: Unable to get queue from Sonarr server: Sonarr 
2025-06-13T22:43:00.028Z [error][Download Tracker]: Unable to get queue from Radarr server: Radarr 
2025-06-13T22:44:00.010Z [debug][Jobs]: Starting scheduled job: Download Sync 
2025-06-13T22:44:00.016Z [error][Download Tracker]: Unable to get queue from Sonarr server: Sonarr 
2025-06-13T22:44:00.018Z [error][Download Tracker]: Unable to get queue from Radarr server: Radarr 
2025-06-13T22:45:00.019Z [debug][Jobs]: Starting scheduled job: Download Sync 
2025-06-13T22:45:00.029Z [info][Jobs]: Starting scheduled job: Plex Watchlist Sync 
2025-06-13T22:45:00.031Z [error][Download Tracker]: Unable to get queue from Radarr server: Radarr 
2025-06-13T22:45:00.032Z [error][Download Tracker]: Unable to get queue from Sonarr server: Sonarr 
2025-06-13T22:45:00.035Z [info][Jobs]: Starting scheduled job: Plex Recently Added Scan 
2025-06-13T22:45:00.036Z [info][Plex Scan]: Scan starting {"sessionId":"0648a08c-aa23-43ce-b9e9-e6eae85c199a"}
2025-06-13T22:45:00.591Z [error][Plex Scan]: Scan interrupted {"errorMessage":"Permission denied even after attempted authentication :( Wrong username and/or password maybe?"}
2025-06-13T22:46:00.022Z [debug][Jobs]: Starting scheduled job: Download Sync 
2025-06-13T22:46:00.028Z [error][Download Tracker]: Unable to get queue from Sonarr server: Sonarr 
2025-06-13T22:46:00.029Z [error][Download Tracker]: Unable to get queue from Radarr server: Radarr 
2025-06-13T22:47:00.014Z [debug][Jobs]: Starting scheduled job: Download Sync 
2025-06-13T22:47:00.019Z [error][Download Tracker]: Unable to get queue from Sonarr server: Sonarr 
2025-06-13T22:47:00.020Z [error][Download Tracker]: Unable to get queue from Radarr server: Radarr 
2025-06-13T22:48:00.019Z [debug][Jobs]: Starting scheduled job: Download Sync 
2025-06-13T22:48:00.025Z [info][Jobs]: Starting scheduled job: Plex Watchlist Sync 
2025-06-13T22:48:00.027Z [error][Download Tracker]: Unable to get queue from Radarr server: Radarr 
2025-06-13T22:48:00.028Z [error][Download Tracker]: Unable to get queue from Sonarr server: Sonarr 
2025-06-13T22:49:00.022Z [debug][Jobs]: Starting scheduled job: Download Sync 
2025-06-13T22:49:00.028Z [error][Download Tracker]: Unable to get queue from Sonarr server: Sonarr 
2025-06-13T22:49:00.029Z [error][Download Tracker]: Unable to get queue from Radarr server: Radarr 
2025-06-13T22:50:00.023Z [debug][Jobs]: Starting scheduled job: Download Sync 
2025-06-13T22:50:00.027Z [info][Jobs]: Starting scheduled job: Plex Recently Added Scan 
2025-06-13T22:50:00.028Z [info][Plex Scan]: Scan starting {"sessionId":"2e322eb8-0778-4658-a643-60d64111faa9"}
2025-06-13T22:50:00.031Z [error][Download Tracker]: Unable to get queue from Radarr server: Radarr 
2025-06-13T22:50:00.031Z [error][Download Tracker]: Unable to get queue from Sonarr server: Sonarr 
2025-06-13T22:50:00.688Z [error][Plex Scan]: Scan interrupted {"errorMessage":"Permission denied even after attempted authentication :( Wrong username and/or password maybe?"}
2025-06-13T22:51:00.021Z [debug][Jobs]: Starting scheduled job: Download Sync 
2025-06-13T22:51:00.028Z [info][Jobs]: Starting scheduled job: Plex Watchlist Sync 
2025-06-13T22:51:00.029Z [error][Download Tracker]: Unable to get queue from Radarr server: Radarr 
2025-06-13T22:51:00.030Z [error][Download Tracker]: Unable to get queue from Sonarr server: Sonarr 
2025-06-13T22:52:00.016Z [debug][Jobs]: Starting scheduled job: Download Sync 
2025-06-13T22:52:00.022Z [error][Download Tracker]: Unable to get queue from Sonarr server: Sonarr 
2025-06-13T22:52:00.023Z [error][Download Tracker]: Unable to get queue from Radarr server: Radarr 
2025-06-13T22:53:00.020Z [debug][Jobs]: Starting scheduled job: Download Sync 
2025-06-13T22:53:00.025Z [error][Download Tracker]: Unable to get queue from Sonarr server: Sonarr 
2025-06-13T22:53:00.026Z [error][Download Tracker]: Unable to get queue from Radarr server: Radarr 
2025-06-13T22:54:00.024Z [debug][Jobs]: Starting scheduled job: Download Sync 
2025-06-13T22:54:00.031Z [info][Jobs]: Starting scheduled job: Plex Watchlist Sync 
2025-06-13T22:54:00.033Z [error][Download Tracker]: Unable to get queue from Radarr server: Radarr 
2025-06-13T22:54:00.034Z [error][Download Tracker]: Unable to get queue from Sonarr server: Sonarr 
2025-06-13T22:55:00.010Z [debug][Jobs]: Starting scheduled job: Download Sync 
2025-06-13T22:55:00.015Z [info][Jobs]: Starting scheduled job: Plex Recently Added Scan 
2025-06-13T22:55:00.015Z [info][Plex Scan]: Scan starting {"sessionId":"01767125-4296-4623-8f75-e33eccf4cbe8"}
2025-06-13T22:55:00.017Z [error][Download Tracker]: Unable to get queue from Radarr server: Radarr 
2025-06-13T22:55:00.018Z [error][Download Tracker]: Unable to get queue from Sonarr server: Sonarr 
2025-06-13T22:55:00.654Z [error][Plex Scan]: Scan interrupted {"errorMessage":"Permission denied even after attempted authentication :( Wrong username and/or password maybe?"}
2025-06-13T22:56:00.016Z [debug][Jobs]: Starting scheduled job: Download Sync 
2025-06-13T22:56:00.023Z [error][Download Tracker]: Unable to get queue from Radarr server: Radarr 
2025-06-13T22:56:00.024Z [error][Download Tracker]: Unable to get queue from Sonarr server: Sonarr 
2025-06-13T22:57:00.008Z [debug][Jobs]: Starting scheduled job: Download Sync 
2025-06-13T22:57:00.016Z [info][Jobs]: Starting scheduled job: Plex Watchlist Sync 
2025-06-13T22:57:00.017Z [error][Download Tracker]: Unable to get queue from Radarr server: Radarr 
2025-06-13T22:57:00.018Z [error][Download Tracker]: Unable to get queue from Sonarr server: Sonarr 
2025-06-13T22:58:00.008Z [debug][Jobs]: Starting scheduled job: Download Sync 
2025-06-13T22:58:00.014Z [error][Download Tracker]: Unable to get queue from Sonarr server: Sonarr 
2025-06-13T22:58:00.015Z [error][Download Tracker]: Unable to get queue from Radarr server: Radarr 
2025-06-13T22:59:00.010Z [debug][Jobs]: Starting scheduled job: Download Sync 
2025-06-13T22:59:00.015Z [error][Download Tracker]: Unable to get queue from Sonarr server: Sonarr 
2025-06-13T22:59:00.016Z [error][Download Tracker]: Unable to get queue from Radarr server: Radarr 
2025-06-13T23:00:00.012Z [debug][Jobs]: Starting scheduled job: Download Sync 
2025-06-13T23:00:00.019Z [info][Jobs]: Starting scheduled job: Plex Watchlist Sync 
2025-06-13T23:00:00.021Z [error][Download Tracker]: Unable to get queue from Radarr server: Radarr 
2025-06-13T23:00:00.021Z [error][Download Tracker]: Unable to get queue from Sonarr server: Sonarr 
2025-06-13T23:00:00.024Z [info][Jobs]: Starting scheduled job: Plex Recently Added Scan 
2025-06-13T23:00:00.024Z [info][Plex Scan]: Scan starting {"sessionId":"19e703d5-d1f7-4092-9846-30326dc34e9d"}
2025-06-13T23:00:02.303Z [error][Plex Scan]: Scan interrupted {"errorMessage":"Permission denied even after attempted authentication :( Wrong username and/or password maybe?"}
