2025-06-08T20:08:19.082Z [info]: Commit Tag: $GIT_SHA 
2025-06-08T20:08:19.485Z [info]: Starting Overseerr version 1.34.0 
2025-06-08T20:08:20.760Z [info][Notifications]: Registered notification agents 
2025-06-08T20:08:20.792Z [info][Jobs]: Scheduled jobs loaded 
2025-06-08T20:08:20.802Z [info][Discover Slider]: Creating built-in discovery slider {"slider":{"type":1,"enabled":true,"isBuiltIn":true,"order":0}}
2025-06-08T20:08:20.860Z [info][Discover Slider]: Creating built-in discovery slider {"slider":{"type":2,"enabled":true,"isBuiltIn":true,"order":1}}
2025-06-08T20:08:20.875Z [info][Discover Slider]: Creating built-in discovery slider {"slider":{"type":3,"enabled":true,"isBuiltIn":true,"order":2}}
2025-06-08T20:08:20.883Z [info][Discover Slider]: Creating built-in discovery slider {"slider":{"type":4,"enabled":true,"isBuiltIn":true,"order":3}}
2025-06-08T20:08:20.894Z [info][Discover Slider]: Creating built-in discovery slider {"slider":{"type":5,"enabled":true,"isBuiltIn":true,"order":4}}
2025-06-08T20:08:20.900Z [info][Discover Slider]: Creating built-in discovery slider {"slider":{"type":6,"enabled":true,"isBuiltIn":true,"order":5}}
2025-06-08T20:08:20.909Z [info][Discover Slider]: Creating built-in discovery slider {"slider":{"type":7,"enabled":true,"isBuiltIn":true,"order":6}}
2025-06-08T20:08:20.919Z [info][Discover Slider]: Creating built-in discovery slider {"slider":{"type":8,"enabled":true,"isBuiltIn":true,"order":7}}
2025-06-08T20:08:20.925Z [info][Discover Slider]: Creating built-in discovery slider {"slider":{"type":9,"enabled":true,"isBuiltIn":true,"order":8}}
2025-06-08T20:08:20.933Z [info][Discover Slider]: Creating built-in discovery slider {"slider":{"type":10,"enabled":true,"isBuiltIn":true,"order":9}}
2025-06-08T20:08:20.943Z [info][Discover Slider]: Creating built-in discovery slider {"slider":{"type":11,"enabled":true,"isBuiltIn":true,"order":10}}
2025-06-08T20:08:20.950Z [info][Discover Slider]: Creating built-in discovery slider {"slider":{"type":12,"enabled":true,"isBuiltIn":true,"order":11}}
2025-06-08T20:08:21.126Z [info][Server]: Server ready on port 5055 
2025-06-08T20:09:00.014Z [debug][Jobs]: Starting scheduled job: Download Sync 
2025-06-08T20:09:00.023Z [info][Jobs]: Starting scheduled job: Plex Watchlist Sync 
2025-06-08T20:10:00.015Z [debug][Jobs]: Starting scheduled job: Download Sync 
2025-06-08T20:10:00.023Z [info][Jobs]: Starting scheduled job: Plex Recently Added Scan 
2025-06-08T20:10:00.025Z [info][Plex Scan]: Scan starting {"sessionId":"d4167f71-9aab-48b1-b7e7-bf6de16990a4"}
2025-06-08T20:10:00.029Z [warn][Plex Scan]: No admin configured. Plex scan skipped. 
2025-06-08T20:11:00.014Z [debug][Jobs]: Starting scheduled job: Download Sync 
2025-06-08T20:12:00.008Z [debug][Jobs]: Starting scheduled job: Download Sync 
2025-06-08T20:12:00.014Z [info][Jobs]: Starting scheduled job: Plex Watchlist Sync 
2025-06-08T20:13:00.013Z [debug][Jobs]: Starting scheduled job: Download Sync 
2025-06-08T20:14:00.012Z [debug][Jobs]: Starting scheduled job: Download Sync 
2025-06-08T20:15:00.014Z [debug][Jobs]: Starting scheduled job: Download Sync 
2025-06-08T20:15:00.020Z [info][Jobs]: Starting scheduled job: Plex Watchlist Sync 
2025-06-08T20:15:00.029Z [info][Jobs]: Starting scheduled job: Plex Recently Added Scan 
2025-06-08T20:15:00.030Z [info][Plex Scan]: Scan starting {"sessionId":"cd953dda-559d-42c9-9842-e350628e185e"}
2025-06-08T20:15:00.034Z [warn][Plex Scan]: No admin configured. Plex scan skipped. 
2025-06-08T20:16:00.011Z [debug][Jobs]: Starting scheduled job: Download Sync 
2025-06-08T20:17:00.013Z [debug][Jobs]: Starting scheduled job: Download Sync 
2025-06-08T20:18:00.007Z [debug][Jobs]: Starting scheduled job: Download Sync 
2025-06-08T20:18:00.010Z [info][Jobs]: Starting scheduled job: Plex Watchlist Sync 
2025-06-08T20:19:00.013Z [debug][Jobs]: Starting scheduled job: Download Sync 
2025-06-08T20:19:52.324Z [error][API]: Something went wrong testing Plex connection {"errorMessage":"connect ENETUNREACH 192.168.0.111:32400"}
2025-06-08T20:20:00.006Z [debug][Jobs]: Starting scheduled job: Download Sync 
2025-06-08T20:20:00.012Z [info][Jobs]: Starting scheduled job: Plex Recently Added Scan 
2025-06-08T20:20:00.013Z [info][Plex Scan]: Scan starting {"sessionId":"101fd346-aad0-4cf2-ba30-60dd2a33241c"}
2025-06-08T20:20:00.088Z [error][Plex Scan]: Scan interrupted {"errorMessage":"connect ENETUNREACH 192.168.0.111:32400"}
2025-06-08T20:20:06.276Z [error][Plex API]: connect ENETUNREACH 192.168.0.111:32400 
2025-06-08T20:20:10.013Z [error][API]: Something went wrong testing Plex connection {"errorMessage":"connect ENETUNREACH 192.168.0.111:32400"}
2025-06-08T20:20:26.253Z [info][Plex Scan]: Scan starting {"sessionId":"0353b27c-781f-43d0-b84c-6c2494e1f119"}
2025-06-08T20:20:26.301Z [info][Plex Scan]: Beginning to process library: Films 
2025-06-08T20:20:26.342Z [info][Plex Scan]: Beginning to process library: TV Shows 
2025-06-08T20:20:26.348Z [info][Plex Scan]: Full Scan Complete 
2025-06-08T20:21:00.012Z [debug][Jobs]: Starting scheduled job: Download Sync 
2025-06-08T20:21:00.016Z [info][Jobs]: Starting scheduled job: Plex Watchlist Sync 
2025-06-08T20:22:00.008Z [debug][Jobs]: Starting scheduled job: Download Sync 
2025-06-08T20:23:00.007Z [debug][Jobs]: Starting scheduled job: Download Sync 
2025-06-08T20:24:00.009Z [debug][Jobs]: Starting scheduled job: Download Sync 
2025-06-08T20:24:00.018Z [info][Jobs]: Starting scheduled job: Plex Watchlist Sync 
2025-06-08T20:25:00.005Z [debug][Jobs]: Starting scheduled job: Download Sync 
2025-06-08T20:25:00.014Z [info][Jobs]: Starting scheduled job: Plex Recently Added Scan 
2025-06-08T20:25:00.015Z [info][Plex Scan]: Scan starting {"sessionId":"de7952f7-cf45-4a1e-9ffb-bb03933d1a09"}
2025-06-08T20:25:00.027Z [info][Plex Scan]: Beginning to process recently added for library: Films {}
2025-06-08T20:25:00.035Z [info][Plex Scan]: Beginning to process recently added for library: TV Shows {}
2025-06-08T20:25:00.043Z [info][Plex Scan]: Recently Added Scan Complete 
2025-06-08T20:26:00.010Z [debug][Jobs]: Starting scheduled job: Download Sync 
2025-06-08T20:26:32.161Z [debug][API]: Something went wrong retrieving movie ratings {"errorMessage":"[IMDB RADARR PROXY API] Failed to retrieve movie ratings: Cannot read properties of null (reading 'Value')","movieId":"541671"}
2025-06-08T20:26:45.576Z [debug][API]: Something went wrong retrieving movie ratings {"errorMessage":"[IMDB RADARR PROXY API] Failed to retrieve movie ratings: Cannot read properties of null (reading 'Value')","movieId":"552524"}
2025-06-08T20:27:00.007Z [debug][Jobs]: Starting scheduled job: Download Sync 
2025-06-08T20:27:00.017Z [info][Jobs]: Starting scheduled job: Plex Watchlist Sync 
2025-06-08T20:27:37.387Z [debug][API]: Something went wrong retrieving movie ratings {"errorMessage":"[RT API] Failed to retrieve movie ratings: Cannot read properties of undefined (reading 'certifiedFresh')","movieId":"1061474"}
2025-06-08T20:27:53.107Z [debug][API]: Something went wrong retrieving movie ratings {"errorMessage":"[RT API] Failed to retrieve movie ratings: Cannot read properties of undefined (reading 'certifiedFresh')","movieId":"617126"}
2025-06-08T20:27:55.708Z [debug][API]: Something went wrong retrieving movie ratings {"errorMessage":"[IMDB RADARR PROXY API] Failed to retrieve movie ratings: Cannot read properties of null (reading 'Value')","movieId":"541671"}
2025-06-08T20:27:59.828Z [info][Notifications]: Sending notification(s) for MEDIA_AUTO_APPROVED {"subject":"Ballerina (2025)"}
2025-06-08T20:27:59.836Z [info][Media Request]: Sent request to Radarr {"requestId":1,"mediaId":1}
2025-06-08T20:28:00.003Z [debug][Jobs]: Starting scheduled job: Download Sync 
2025-06-08T20:28:00.763Z [info][Radarr]: Radarr accepted request 
2025-06-08T20:28:00.764Z [debug][Radarr]: Radarr add details {"movie":{"title":"Ballerina","originalTitle":"Ballerina","originalLanguage":{"id":1,"name":"English"},"alternateTitles":[],"secondaryYearSourceId":0,"sortTitle":"ballerina","sizeOnDisk":0,"status":"inCinemas","overview":"Taking place during the events of John Wick: Chapter 3 – Parabellum, Eve Macarro begins her training in the assassin traditions of the Ruska Roma.","inCinemas":"2025-06-04T00:00:00Z","releaseDate":"2025-09-02T00:00:00Z","images":[{"coverType":"poster","url":"/MediaCover/1/poster.jpg","remoteUrl":"https://image.tmdb.org/t/p/original/mKp4euM5Cv3m2U1Vmby3OGwcD5y.jpg"},{"coverType":"fanart","url":"/MediaCover/1/fanart.jpg","remoteUrl":"https://image.tmdb.org/t/p/original/oPgXVSdGR9dGwbmvIToOCMmsdc2.jpg"}],"website":"https://johnwick.movie/film/ballerina","year":2025,"youTubeTrailerId":"b9Rr9ygb-ac","studio":"Thunder Road","path":"/media/Ballerina (2025)","qualityProfileId":6,"hasFile":false,"movieFileId":0,"monitored":true,"minimumAvailability":"released","isAvailable":false,"folderName":"/media/Ballerina (2025)","runtime":125,"cleanTitle":"ballerina","imdbId":"tt7181546","tmdbId":541671,"titleSlug":"541671","rootFolderPath":"/media","certification":"R","genres":["Action","Thriller","Crime"],"keywords":["assassin","training","female protagonist","female assassin","spin off","vengeance","amused"],"tags":[],"added":"2025-06-08T20:28:00Z","addOptions":{"searchForMovie":true,"addMethod":"manual","ignoreEpisodesWithFiles":false,"ignoreEpisodesWithoutFiles":false,"monitor":"movieOnly"},"ratings":{"imdb":{"votes":3015,"value":7.4,"type":"user"},"tmdb":{"votes":113,"value":7.2,"type":"user"},"trakt":{"votes":399,"value":7.38596,"type":"user"}},"collection":{"title":"Ballerina Collection","tmdbId":1494663},"popularity":188.7836,"statistics":{"movieFileCount":0,"sizeOnDisk":0,"releaseGroups":[]},"id":1}}
2025-06-08T20:28:06.076Z [info][Notifications]: Sending notification(s) for MEDIA_AUTO_APPROVED {"subject":"Sinners (2025)"}
2025-06-08T20:28:06.082Z [info][Media Request]: Sent request to Radarr {"requestId":2,"mediaId":2}
2025-06-08T20:28:06.325Z [info][Radarr]: Radarr accepted request 
2025-06-08T20:28:06.325Z [debug][Radarr]: Radarr add details {"movie":{"title":"Sinners","originalTitle":"Sinners","originalLanguage":{"id":1,"name":"English"},"alternateTitles":[],"secondaryYearSourceId":0,"sortTitle":"sinners","sizeOnDisk":0,"status":"released","overview":"Trying to leave their troubled lives behind, twin brothers return to their hometown to start again, only to discover that an even greater evil is waiting to welcome them back.","inCinemas":"2025-04-16T00:00:00Z","digitalRelease":"2025-06-01T00:00:00Z","releaseDate":"2025-06-01T00:00:00Z","images":[{"coverType":"poster","url":"/MediaCover/2/poster.jpg","remoteUrl":"https://image.tmdb.org/t/p/original/jYfMTSiFFK7ffbY2lay4zyvTkEk.jpg"},{"coverType":"fanart","url":"/MediaCover/2/fanart.jpg","remoteUrl":"https://image.tmdb.org/t/p/original/nAxGnGHOsfzufThz20zgmRwKur3.jpg"}],"website":"https://www.sinnersmovie.com","year":2025,"youTubeTrailerId":"O98jSd24lmA","studio":"Warner Bros. Pictures","path":"/media/Sinners (2025)","qualityProfileId":6,"hasFile":false,"movieFileId":0,"monitored":true,"minimumAvailability":"released","isAvailable":true,"folderName":"/media/Sinners (2025)","runtime":138,"cleanTitle":"sinners","imdbId":"tt31193180","tmdbId":1233413,"titleSlug":"1233413","rootFolderPath":"/media","certification":"R","genres":["Horror","Action","Thriller"],"keywords":["chicago, illinois","capitalism","ku klux klan","musician","immortality","vampire","grave","surrealism","sin","alcoholism","vampire hunter (slayer)","church","twins","estranged wife","mourning","dual role","cousin relationship","death of daughter","taunting","blues music","aftercreditsstinger","speculative","klansmen","disturbed","shocking","angry","hopeless","vexed","grim","1990s","1930s","salvation","assimilation","chinese immigrant","desperate","brother brother relationship","southern gothic","afro-descendants","cousins","supernatural horror","train station","cautionary","juke joint","provocative","mississippi","dramatic","egotistical","assertive","complicated","defiant","distressing","enraged","forceful","foreboding","frightened","harsh","horrified","indifferent","mocking"],"tags":[],"added":"2025-06-08T20:28:06Z","addOptions":{"searchForMovie":true,"addMethod":"manual","ignoreEpisodesWithFiles":false,"ignoreEpisodesWithoutFiles":false,"monitor":"movieOnly"},"ratings":{"imdb":{"votes":134746,"value":7.9,"type":"user"},"tmdb":{"votes":1254,"value":7.53,"type":"user"},"metacritic":{"votes":0,"value":84,"type":"user"},"rottenTomatoes":{"votes":0,"value":97,"type":"user"},"trakt":{"votes":5204,"value":7.86664,"type":"user"}},"collection":{"title":"Sinners Collection","tmdbId":1489663},"popularity":543.1837,"statistics":{"movieFileCount":0,"sizeOnDisk":0,"releaseGroups":[]},"id":2}}
2025-06-08T20:28:12.306Z [info][Notifications]: Sending notification(s) for MEDIA_AUTO_APPROVED {"subject":"MobLand (2025)"}
2025-06-08T20:28:12.318Z [info][Media Request]: Sent request to Sonarr {"requestId":3,"mediaId":3}
2025-06-08T20:28:13.860Z [debug][API]: Something went wrong retrieving movie ratings {"errorMessage":"[IMDB RADARR PROXY API] Failed to retrieve movie ratings: Cannot read properties of null (reading 'Value')","movieId":"552524"}
2025-06-08T20:28:15.411Z [info][Notifications]: Sending notification(s) for MEDIA_AUTO_APPROVED {"subject":"Lilo & Stitch (2025)"}
2025-06-08T20:28:15.419Z [info][Media Request]: Sent request to Radarr {"requestId":4,"mediaId":4}
2025-06-08T20:28:15.765Z [info][Sonarr]: Sonarr accepted request 
2025-06-08T20:28:15.765Z [debug][Sonarr]: Sonarr add details {"movie":{"title":"MobLand","alternateTitles":[],"sortTitle":"mobland","status":"continuing","ended":false,"overview":"Two mob families clash in a war that threatens to topple empires and lives.","previousAiring":"2025-06-01T07:00:00Z","network":"Paramount+","airTime":"03:00","images":[{"coverType":"banner","url":"/MediaCover/1/banner.jpg?lastWrite=638850112946789996","remoteUrl":"https://artworks.thetvdb.com/banners/v4/series/446831/banners/68175c94c4974.jpg"},{"coverType":"poster","url":"/MediaCover/1/poster.jpg?lastWrite=638850112948669972","remoteUrl":"https://artworks.thetvdb.com/banners/v4/series/446831/posters/67eaec7feed20.jpg"},{"coverType":"fanart","url":"/MediaCover/1/fanart.jpg?lastWrite=638850112950989943","remoteUrl":"https://artworks.thetvdb.com/banners/v4/series/446831/backgrounds/67e9845c46113.jpg"},{"coverType":"clearlogo","url":"/MediaCover/1/clearlogo.png?lastWrite=638850112952549924","remoteUrl":"https://artworks.thetvdb.com/banners/v4/series/446831/clearlogo/67d8a408c285a.png"}],"originalLanguage":{"id":1,"name":"English"},"seasons":[{"seasonNumber":1,"monitored":true,"statistics":{"previousAiring":"2025-06-01T07:00:00Z","episodeFileCount":0,"episodeCount":10,"totalEpisodeCount":10,"sizeOnDisk":0,"releaseGroups":[],"percentOfEpisodes":0}}],"year":2025,"path":"/media/MobLand","qualityProfileId":6,"seasonFolder":true,"monitored":true,"monitorNewItems":"all","useSceneNumbering":false,"runtime":47,"tvdbId":446831,"tvRageId":0,"tvMazeId":75026,"tmdbId":247718,"firstAired":"2025-03-30T00:00:00Z","lastAired":"2025-06-01T00:00:00Z","seriesType":"standard","cleanTitle":"mobland","imdbId":"tt31510819","titleSlug":"mobland","rootFolderPath":"/media","certification":"TV-MA","genres":["Crime","Drama"],"tags":[],"added":"2025-06-08T20:28:13Z","ratings":{"votes":35429,"value":8.5},"statistics":{"seasonCount":1,"episodeFileCount":0,"episodeCount":10,"totalEpisodeCount":10,"sizeOnDisk":0,"releaseGroups":[],"percentOfEpisodes":0},"languageProfileId":1,"id":1}}
2025-06-08T20:28:15.818Z [info][Radarr]: Radarr accepted request 
2025-06-08T20:28:15.820Z [debug][Radarr]: Radarr add details {"movie":{"title":"Lilo & Stitch","originalTitle":"Lilo & Stitch","originalLanguage":{"id":4,"name":"German"},"alternateTitles":[],"secondaryYearSourceId":0,"sortTitle":"lilo stitch","sizeOnDisk":0,"status":"inCinemas","overview":"The wildly funny and touching story of a lonely Hawaiian girl and the fugitive alien who helps to mend her broken family.","inCinemas":"2025-05-17T00:00:00Z","releaseDate":"2025-08-15T00:00:00Z","images":[{"coverType":"poster","url":"/MediaCover/3/poster.jpg","remoteUrl":"https://image.tmdb.org/t/p/original/tUae3mefrDVTgm5mRzqWnZK6fOP.jpg"},{"coverType":"fanart","url":"/MediaCover/3/fanart.jpg","remoteUrl":"https://image.tmdb.org/t/p/original/7Zx3wDG5bBtcfk8lcnCWDOLM4Y4.jpg"}],"website":"https://movies.disney.com/lilo-and-stitch-2025","year":2025,"youTubeTrailerId":"VWqJifMMgZE","studio":"Walt Disney Pictures","path":"/media/Lilo & Stitch (2025)","qualityProfileId":6,"hasFile":false,"movieFileId":0,"monitored":true,"minimumAvailability":"released","isAvailable":false,"folderName":"/media/Lilo & Stitch (2025)","runtime":108,"cleanTitle":"lilostitch","imdbId":"tt11655566","tmdbId":552524,"titleSlug":"552524","rootFolderPath":"/media","certification":"PG","genres":["Family","Comedy","Science Fiction"],"keywords":["hawaii","bullying","dysfunctional family","loss of job","shape shifting alien","family","evil alien","orphan siblings","extraterrestrial animal","live action remake","alien spaceship","animal human friendship","advanced technology"],"tags":[],"added":"2025-06-08T20:28:15Z","addOptions":{"searchForMovie":true,"addMethod":"manual","ignoreEpisodesWithFiles":false,"ignoreEpisodesWithoutFiles":false,"monitor":"movieOnly"},"ratings":{"imdb":{"votes":29935,"value":7,"type":"user"},"tmdb":{"votes":531,"value":7.105,"type":"user"},"metacritic":{"votes":0,"value":53,"type":"user"},"trakt":{"votes":1225,"value":7.33551,"type":"user"}},"popularity":556.0685,"statistics":{"movieFileCount":0,"sizeOnDisk":0,"releaseGroups":[]},"id":3}}
2025-06-08T20:28:17.911Z [info][Media Request]: Sent request to Radarr {"requestId":5,"mediaId":5}
2025-06-08T20:28:17.915Z [info][Notifications]: Sending notification(s) for MEDIA_AUTO_APPROVED {"subject":"A Minecraft Movie (2025)"}
2025-06-08T20:28:18.152Z [info][Radarr]: Radarr accepted request 
2025-06-08T20:28:18.152Z [debug][Radarr]: Radarr add details {"movie":{"title":"A Minecraft Movie","originalTitle":"A Minecraft Movie","originalLanguage":{"id":1,"name":"English"},"alternateTitles":[],"secondaryYearSourceId":0,"sortTitle":"minecraft movie","sizeOnDisk":0,"status":"released","overview":"Four misfits find themselves struggling with ordinary problems when they are suddenly pulled through a mysterious portal into the Overworld: a bizarre, cubic wonderland that thrives on imagination. To get back home, they'll have to master this world while embarking on a magical quest with an unexpected, expert crafter, Steve.","inCinemas":"2025-03-31T00:00:00Z","physicalRelease":"2025-06-24T00:00:00Z","digitalRelease":"2025-05-12T00:00:00Z","releaseDate":"2025-05-12T00:00:00Z","images":[{"coverType":"poster","url":"/MediaCover/4/poster.jpg","remoteUrl":"https://image.tmdb.org/t/p/original/yFHHfHcUgGAxziP1C3lLt0q2T4s.jpg"},{"coverType":"fanart","url":"/MediaCover/4/fanart.jpg","remoteUrl":"https://image.tmdb.org/t/p/original/2Nti3gYAX513wvhp8IiLL6ZDyOm.jpg"}],"website":"https://www.minecraft-movie.com","year":2025,"youTubeTrailerId":"8B1EtVPBSMw","studio":"Warner Bros. Pictures","path":"/media/A Minecraft Movie (2025)","qualityProfileId":6,"hasFile":false,"movieFileId":0,"monitored":true,"minimumAvailability":"released","isAvailable":true,"folderName":"/media/A Minecraft Movie (2025)","runtime":101,"cleanTitle":"aminecraftmovie","imdbId":"tt3566834","tmdbId":950387,"titleSlug":"950387","rootFolderPath":"/media","certification":"PG","genres":["Family","Comedy","Adventure","Fantasy"],"keywords":["friendship","surrealism","exploration","portal","miner","friends","survival","zombie","based on video game","aftercreditsstinger","duringcreditsstinger","journey","live action and animation","playful","imagination","teamwork","fantasy","building"],"tags":[],"added":"2025-06-08T20:28:18Z","addOptions":{"searchForMovie":true,"addMethod":"manual","ignoreEpisodesWithFiles":false,"ignoreEpisodesWithoutFiles":false,"monitor":"movieOnly"},"ratings":{"imdb":{"votes":100350,"value":5.7,"type":"user"},"tmdb":{"votes":1697,"value":6.5,"type":"user"},"metacritic":{"votes":0,"value":45,"type":"user"},"trakt":{"votes":5807,"value":6.20475,"type":"user"}},"collection":{"title":"The Minecraft Movie Collection","tmdbId":1461530},"popularity":322.2786,"statistics":{"movieFileCount":0,"sizeOnDisk":0,"releaseGroups":[]},"id":4}}
2025-06-08T20:28:26.103Z [info][Notifications]: Sending notification(s) for MEDIA_AUTO_APPROVED {"subject":"Dept. Q (2025)"}
2025-06-08T20:28:26.113Z [info][Media Request]: Sent request to Sonarr {"requestId":6,"mediaId":6}
2025-06-08T20:28:26.408Z [info][Sonarr]: Sonarr accepted request 
2025-06-08T20:28:26.408Z [debug][Sonarr]: Sonarr add details {"movie":{"title":"Dept. Q","alternateTitles":[],"sortTitle":"dept q","status":"continuing","ended":false,"overview":"A brash but brilliant cop becomes head of a new police department, where he leads an unlikely team of misfits in solving Edinburgh's cold cases.","network":"Netflix","airTime":"03:00","images":[{"coverType":"banner","url":"/MediaCover/2/banner.jpg","remoteUrl":"https://artworks.thetvdb.com/banners/v4/series/445802/banners/681d1d67c51bd.jpg"},{"coverType":"poster","url":"/MediaCover/2/poster.jpg","remoteUrl":"https://artworks.thetvdb.com/banners/v4/series/445802/posters/681d238ba9fc4.jpg"},{"coverType":"fanart","url":"/MediaCover/2/fanart.jpg","remoteUrl":"https://artworks.thetvdb.com/banners/v4/series/445802/backgrounds/6837b36f9a0ff.jpg"},{"coverType":"clearlogo","url":"/MediaCover/2/clearlogo.png","remoteUrl":"https://artworks.thetvdb.com/banners/v4/series/445802/clearlogo/68383430bb072.png"}],"originalLanguage":{"id":1,"name":"English"},"seasons":[{"seasonNumber":1,"monitored":true}],"year":2025,"path":"/media/Dept. Q","qualityProfileId":6,"seasonFolder":true,"monitored":true,"monitorNewItems":"all","useSceneNumbering":false,"runtime":54,"tvdbId":445802,"tvRageId":0,"tvMazeId":68408,"tmdbId":245703,"firstAired":"2025-05-29T00:00:00Z","lastAired":"2025-05-29T00:00:00Z","seriesType":"standard","cleanTitle":"deptq","imdbId":"tt27995114","titleSlug":"dept-q","rootFolderPath":"/media","certification":"TV-MA","genres":["Crime","Drama","Mystery","Thriller"],"tags":[],"added":"2025-06-08T20:28:26Z","addOptions":{"searchForMissingEpisodes":true,"searchForCutoffUnmetEpisodes":false,"ignoreEpisodesWithFiles":true,"ignoreEpisodesWithoutFiles":false,"monitor":"unknown"},"ratings":{"votes":14563,"value":8.3},"statistics":{"seasonCount":1,"episodeFileCount":0,"episodeCount":0,"totalEpisodeCount":0,"sizeOnDisk":0,"percentOfEpisodes":0},"languageProfileId":1,"id":2}}
2025-06-08T20:28:30.764Z [info][Notifications]: Sending notification(s) for MEDIA_AUTO_APPROVED {"subject":"Ginny & Georgia (2021)"}
2025-06-08T20:28:30.779Z [info][Media Request]: Sent request to Sonarr {"requestId":7,"mediaId":7}
2025-06-08T20:28:31.035Z [info][Sonarr]: Sonarr accepted request 
2025-06-08T20:28:31.035Z [debug][Sonarr]: Sonarr add details {"movie":{"title":"Ginny & Georgia","alternateTitles":[{"title":"Ginny and Georgia","seasonNumber":-1}],"sortTitle":"ginny georgia","status":"continuing","ended":false,"overview":"After years on the run, teenage Ginny and her mother Georgia yearn to settle down. But the secrets in Georgia’s past jeopardize their endeavor.","network":"Netflix","airTime":"03:00","images":[{"coverType":"banner","url":"/MediaCover/3/banner.jpg","remoteUrl":"https://artworks.thetvdb.com/banners/series/393625/banners/601e40a781f9c.jpg"},{"coverType":"poster","url":"/MediaCover/3/poster.jpg","remoteUrl":"https://artworks.thetvdb.com/banners/series/393625/posters/60104643f0768.jpg"},{"coverType":"fanart","url":"/MediaCover/3/fanart.jpg","remoteUrl":"https://artworks.thetvdb.com/banners/v4/series/393625/backgrounds/60b38fcb0f55b.jpg"}],"originalLanguage":{"id":1,"name":"English"},"seasons":[{"seasonNumber":1,"monitored":false},{"seasonNumber":2,"monitored":false},{"seasonNumber":3,"monitored":true}],"year":2021,"path":"/media/Ginny & Georgia","qualityProfileId":6,"seasonFolder":true,"monitored":true,"monitorNewItems":"all","useSceneNumbering":false,"runtime":58,"tvdbId":393625,"tvRageId":0,"tvMazeId":47549,"tmdbId":117581,"firstAired":"2021-02-24T00:00:00Z","lastAired":"2025-06-05T00:00:00Z","seriesType":"standard","cleanTitle":"ginnygeorgia","imdbId":"tt10813940","titleSlug":"ginny-and-georgia","rootFolderPath":"/media","certification":"TV-MA","genres":["Comedy","Drama"],"tags":[],"added":"2025-06-08T20:28:30Z","addOptions":{"searchForMissingEpisodes":true,"searchForCutoffUnmetEpisodes":false,"ignoreEpisodesWithFiles":true,"ignoreEpisodesWithoutFiles":false,"monitor":"unknown"},"ratings":{"votes":91948,"value":7.4},"statistics":{"seasonCount":3,"episodeFileCount":0,"episodeCount":0,"totalEpisodeCount":0,"sizeOnDisk":0,"percentOfEpisodes":0},"languageProfileId":1,"id":3}}
2025-06-08T20:28:36.845Z [debug][API]: Something went wrong retrieving movie ratings {"errorMessage":"[RT API] Failed to retrieve movie ratings: Cannot read properties of undefined (reading 'certifiedFresh')","movieId":"1061474"}
2025-06-08T20:28:39.198Z [info][Notifications]: Sending notification(s) for MEDIA_AUTO_APPROVED {"subject":"Superman (2025)"}
2025-06-08T20:28:39.203Z [info][Media Request]: Sent request to Radarr {"requestId":8,"mediaId":8}
2025-06-08T20:28:39.557Z [info][Radarr]: Radarr accepted request 
2025-06-08T20:28:39.557Z [debug][Radarr]: Radarr add details {"movie":{"title":"Superman","originalTitle":"Superman","originalLanguage":{"id":1,"name":"English"},"alternateTitles":[],"secondaryYearSourceId":0,"sortTitle":"superman","sizeOnDisk":0,"status":"announced","overview":"Superman, a journalist in Metropolis, embarks on a journey to reconcile his Kryptonian heritage with his human upbringing as Clark Kent.","inCinemas":"2025-07-09T00:00:00Z","releaseDate":"2025-10-07T00:00:00Z","images":[{"coverType":"poster","url":"/MediaCover/5/poster.jpg","remoteUrl":"https://image.tmdb.org/t/p/original/ombsmhYUqR4qqOLOxAyr5V8hbyv.jpg"},{"coverType":"fanart","url":"/MediaCover/5/fanart.jpg","remoteUrl":"https://image.tmdb.org/t/p/original/mMS24Uh4AsgkchTFFQaOwFnFDnO.jpg"}],"website":"https://www.superman.com","year":2025,"youTubeTrailerId":"Ox8ZLF6cGM0","studio":"DC Studios","path":"/media/Superman (2025)","qualityProfileId":6,"hasFile":false,"movieFileId":0,"monitored":true,"minimumAvailability":"released","isAvailable":false,"folderName":"/media/Superman (2025)","runtime":129,"cleanTitle":"superman","imdbId":"tt5950044","tmdbId":1061474,"titleSlug":"1061474","rootFolderPath":"/media","certification":"PG-13","genres":["Action","Adventure","Science Fiction"],"keywords":["hero","superhero","villain","based on comic","aftercreditsstinger","duringcreditsstinger","supervillain","dc universe (dcu)"],"tags":[],"added":"2025-06-08T20:28:39Z","addOptions":{"searchForMovie":true,"addMethod":"manual","ignoreEpisodesWithFiles":false,"ignoreEpisodesWithoutFiles":false,"monitor":"movieOnly"},"ratings":{"tmdb":{"votes":0,"value":0,"type":"user"}},"popularity":24.4419,"statistics":{"movieFileCount":0,"sizeOnDisk":0,"releaseGroups":[]},"id":5}}
2025-06-08T20:28:41.851Z [info][Notifications]: Sending notification(s) for MEDIA_AUTO_APPROVED {"subject":"Mickey 17 (2025)"}
2025-06-08T20:28:41.857Z [info][Media Request]: Sent request to Radarr {"requestId":9,"mediaId":9}
2025-06-08T20:28:42.087Z [info][Radarr]: Radarr accepted request 
2025-06-08T20:28:42.088Z [debug][Radarr]: Radarr add details {"movie":{"title":"Mickey 17","originalTitle":"Mickey 17","originalLanguage":{"id":1,"name":"English"},"alternateTitles":[],"secondaryYearSourceId":0,"sortTitle":"mickey 17","sizeOnDisk":0,"status":"released","overview":"Unlikely hero Mickey Barnes finds himself in the extraordinary circumstance of working for an employer who demands the ultimate commitment to the job… to die, for a living.","inCinemas":"2025-02-28T00:00:00Z","physicalRelease":"2025-05-13T00:00:00Z","digitalRelease":"2025-04-06T00:00:00Z","releaseDate":"2025-04-06T00:00:00Z","images":[{"coverType":"poster","url":"/MediaCover/6/poster.jpg","remoteUrl":"https://image.tmdb.org/t/p/original/edKpE9B5qN3e559OuMCLZdW1iBZ.jpg"},{"coverType":"fanart","url":"/MediaCover/6/fanart.jpg","remoteUrl":"https://image.tmdb.org/t/p/original/pkZ8SaIQwjBuS1fcJJE7Are7IrL.jpg"}],"website":"https://www.mickey17movie.com","year":2025,"youTubeTrailerId":"tA1s65o_kYM","studio":"Warner Bros. Pictures","path":"/media/Mickey 17 (2025)","qualityProfileId":6,"hasFile":false,"movieFileId":0,"monitored":true,"minimumAvailability":"released","isAvailable":true,"folderName":"/media/Mickey 17 (2025)","runtime":137,"cleanTitle":"mickey17","imdbId":"tt12299608","tmdbId":696506,"titleSlug":"696506","rootFolderPath":"/media","certification":"R","genres":["Science Fiction","Comedy","Adventure"],"keywords":["based on novel or book","dark comedy","space travel","space colony","alien planet","creature","space adventure","human cloning","spaceship","space sci-fi","black comedy"],"tags":[],"added":"2025-06-08T20:28:42Z","addOptions":{"searchForMovie":true,"addMethod":"manual","ignoreEpisodesWithFiles":false,"ignoreEpisodesWithoutFiles":false,"monitor":"movieOnly"},"ratings":{"imdb":{"votes":145808,"value":6.8,"type":"user"},"tmdb":{"votes":2156,"value":6.895,"type":"user"},"metacritic":{"votes":0,"value":72,"type":"user"},"rottenTomatoes":{"votes":0,"value":77,"type":"user"},"trakt":{"votes":9656,"value":6.8051,"type":"user"}},"popularity":34.8007,"statistics":{"movieFileCount":0,"sizeOnDisk":0,"releaseGroups":[]},"id":6}}
2025-06-08T20:28:42.851Z [debug][API]: Something went wrong retrieving movie ratings {"errorMessage":"[RT API] Failed to retrieve movie ratings: Cannot read properties of undefined (reading 'certifiedFresh')","movieId":"617126"}
2025-06-08T20:28:44.223Z [info][Notifications]: Sending notification(s) for MEDIA_AUTO_APPROVED {"subject":"The Fantastic Four: First Steps (2025)"}
2025-06-08T20:28:44.229Z [info][Media Request]: Sent request to Radarr {"requestId":10,"mediaId":10}
2025-06-08T20:28:44.448Z [info][Radarr]: Radarr accepted request 
2025-06-08T20:28:44.449Z [debug][Radarr]: Radarr add details {"movie":{"title":"The Fantastic Four: First Steps","originalTitle":"The Fantastic Four: First Steps","originalLanguage":{"id":1,"name":"English"},"alternateTitles":[],"secondaryYearSourceId":0,"sortTitle":"fantastic four first steps","sizeOnDisk":0,"status":"announced","overview":"Against the vibrant backdrop of a 1960s-inspired, retro-futuristic world, Marvel's First Family is forced to balance their roles as heroes with the strength of their family bond, while defending Earth from a ravenous space god called Galactus and his enigmatic Herald, Silver Surfer.","inCinemas":"2025-07-23T00:00:00Z","releaseDate":"2025-10-21T00:00:00Z","images":[{"coverType":"poster","url":"/MediaCover/7/poster.jpg","remoteUrl":"https://image.tmdb.org/t/p/original/x26MtUlwtWD26d0G0FXcppxCJio.jpg"},{"coverType":"fanart","url":"/MediaCover/7/fanart.jpg","remoteUrl":"https://image.tmdb.org/t/p/original/unthV1mq9llhEinIMPcCUImFodt.jpg"}],"website":"https://www.marvel.com/movies/the-fantastic-four-first-steps","year":2025,"youTubeTrailerId":"YfXKYrE5yAw","studio":"Marvel Studios","path":"/media/The Fantastic Four - First Steps (2025)","qualityProfileId":6,"hasFile":false,"movieFileId":0,"monitored":true,"minimumAvailability":"released","isAvailable":false,"folderName":"/media/The Fantastic Four - First Steps (2025)","runtime":130,"cleanTitle":"thefantasticfourfirststeps","imdbId":"tt10676052","tmdbId":617126,"titleSlug":"617126","rootFolderPath":"/media","certification":"PG-13","genres":["Science Fiction","Adventure"],"keywords":["superhero","based on comic","family","alternative reality","marvel cinematic universe (mcu)","1960s","retrofuturism"],"tags":[],"added":"2025-06-08T20:28:44Z","addOptions":{"searchForMovie":true,"addMethod":"manual","ignoreEpisodesWithFiles":false,"ignoreEpisodesWithoutFiles":false,"monitor":"movieOnly"},"ratings":{"tmdb":{"votes":0,"value":0,"type":"user"}},"popularity":29.6496,"statistics":{"movieFileCount":0,"sizeOnDisk":0,"releaseGroups":[]},"id":7}}
2025-06-08T20:28:53.570Z [debug][API]: Something went wrong retrieving movie ratings {"errorMessage":"[RT API] Failed to retrieve movie ratings: Cannot read properties of undefined (reading 'certifiedFresh')","movieId":"617126"}
2025-06-08T20:29:00.007Z [debug][Jobs]: Starting scheduled job: Download Sync 
2025-06-08T20:29:00.034Z [debug][Download Tracker]: Found 10 item(s) in progress on Sonarr server: Sonarr 
2025-06-08T20:29:00.047Z [debug][Download Tracker]: Found 1 item(s) in progress on Radarr server: Radarr 
2025-06-08T20:29:06.222Z [debug][API]: Something went wrong retrieving movie ratings {"errorMessage":"[RT API] Failed to retrieve movie ratings: Cannot read properties of undefined (reading 'certifiedFresh')","movieId":"617126"}
2025-06-08T20:30:00.009Z [debug][Jobs]: Starting scheduled job: Download Sync 
2025-06-08T20:30:00.025Z [info][Jobs]: Starting scheduled job: Plex Watchlist Sync 
2025-06-08T20:30:00.041Z [info][Jobs]: Starting scheduled job: Plex Recently Added Scan 
2025-06-08T20:30:00.042Z [info][Plex Scan]: Scan starting {"sessionId":"12585c16-56bf-47a9-969f-122ca0137ecc"}
2025-06-08T20:30:00.067Z [debug][Download Tracker]: Found 2 item(s) in progress on Radarr server: Radarr 
2025-06-08T20:30:00.083Z [debug][Download Tracker]: Found 10 item(s) in progress on Sonarr server: Sonarr 
2025-06-08T20:30:00.141Z [info][Plex Scan]: Beginning to process recently added for library: Films {"lastScan":1749414300034}
2025-06-08T20:30:00.176Z [info][Plex Scan]: Beginning to process recently added for library: TV Shows {"lastScan":1749414300042}
2025-06-08T20:30:00.191Z [info][Plex Scan]: Recently Added Scan Complete 
2025-06-08T20:31:00.013Z [debug][Jobs]: Starting scheduled job: Download Sync 
2025-06-08T20:31:00.032Z [debug][Download Tracker]: Found 3 item(s) in progress on Radarr server: Radarr 
2025-06-08T20:31:00.033Z [debug][Download Tracker]: Found 10 item(s) in progress on Sonarr server: Sonarr 
2025-06-08T20:32:00.004Z [debug][Jobs]: Starting scheduled job: Download Sync 
2025-06-08T20:32:00.015Z [debug][Download Tracker]: Found 3 item(s) in progress on Radarr server: Radarr 
2025-06-08T20:32:00.016Z [debug][Download Tracker]: Found 10 item(s) in progress on Sonarr server: Sonarr 
2025-06-08T20:33:00.012Z [debug][Jobs]: Starting scheduled job: Download Sync 
2025-06-08T20:33:00.022Z [info][Jobs]: Starting scheduled job: Plex Watchlist Sync 
2025-06-08T20:33:00.028Z [debug][Download Tracker]: Found 3 item(s) in progress on Radarr server: Radarr 
2025-06-08T20:33:00.030Z [debug][Download Tracker]: Found 10 item(s) in progress on Sonarr server: Sonarr 
2025-06-08T20:34:00.003Z [debug][Jobs]: Starting scheduled job: Download Sync 
2025-06-08T20:34:00.014Z [debug][Download Tracker]: Found 3 item(s) in progress on Radarr server: Radarr 
2025-06-08T20:34:00.016Z [debug][Download Tracker]: Found 10 item(s) in progress on Sonarr server: Sonarr 
