2025-06-10T21:00:00.007Z [debug][Jobs]: Starting scheduled job: Download Sync 
2025-06-10T21:00:00.075Z [info][Jobs]: Starting scheduled job: Plex Watchlist Sync 
2025-06-10T21:00:00.078Z [error][Download Tracker]: Unable to get queue from Radarr server: Radarr 
2025-06-10T21:00:00.079Z [error][Download Tracker]: Unable to get queue from Sonarr server: Sonarr 
2025-06-10T21:00:00.081Z [info][Jobs]: Starting scheduled job: Plex Recently Added Scan 
2025-06-10T21:00:00.081Z [info][Plex Scan]: Scan starting {"sessionId":"5942a163-a45b-405a-a6c6-3a639653580e"}
2025-06-10T21:00:02.303Z [error][Plex Scan]: Scan interrupted {"errorMessage":"Permission denied even after attempted authentication :( Wrong username and/or password maybe?"}
2025-06-10T21:01:00.006Z [debug][Jobs]: Starting scheduled job: Download Sync 
2025-06-10T21:01:00.019Z [error][Download Tracker]: Unable to get queue from Sonarr server: Sonarr 
2025-06-10T21:01:00.020Z [error][Download Tracker]: Unable to get queue from Radarr server: Radarr 
2025-06-10T21:02:00.940Z [debug][Jobs]: Starting scheduled job: Download Sync 
2025-06-10T21:02:01.035Z [error][Download Tracker]: Unable to get queue from Sonarr server: Sonarr 
2025-06-10T21:02:01.052Z [error][Download Tracker]: Unable to get queue from Radarr server: Radarr 
2025-06-10T21:03:00.010Z [debug][Jobs]: Starting scheduled job: Download Sync 
2025-06-10T21:03:00.018Z [info][Jobs]: Starting scheduled job: Plex Watchlist Sync 
2025-06-10T21:03:00.030Z [error][Download Tracker]: Unable to get queue from Radarr server: Radarr 
2025-06-10T21:03:00.032Z [error][Download Tracker]: Unable to get queue from Sonarr server: Sonarr 
2025-06-10T21:04:01.040Z [debug][Jobs]: Starting scheduled job: Download Sync 
2025-06-10T21:04:01.079Z [error][Download Tracker]: Unable to get queue from Radarr server: Radarr 
2025-06-10T21:04:01.080Z [error][Download Tracker]: Unable to get queue from Sonarr server: Sonarr 
2025-06-10T21:05:00.018Z [debug][Jobs]: Starting scheduled job: Download Sync 
2025-06-10T21:05:00.087Z [info][Jobs]: Starting scheduled job: Plex Recently Added Scan 
2025-06-10T21:05:00.092Z [info][Plex Scan]: Scan starting {"sessionId":"0b7286ba-1625-4ecf-b75d-675298ba1182"}
2025-06-10T21:05:00.308Z [error][Download Tracker]: Unable to get queue from Radarr server: Radarr 
2025-06-10T21:05:00.309Z [error][Download Tracker]: Unable to get queue from Sonarr server: Sonarr 
2025-06-10T21:05:01.887Z [error][Plex Scan]: Scan interrupted {"errorMessage":"Permission denied even after attempted authentication :( Wrong username and/or password maybe?"}
2025-06-10T21:06:00.008Z [debug][Jobs]: Starting scheduled job: Download Sync 
2025-06-10T21:06:00.024Z [info][Jobs]: Starting scheduled job: Plex Watchlist Sync 
2025-06-10T21:06:00.029Z [error][Download Tracker]: Unable to get queue from Radarr server: Radarr 
2025-06-10T21:06:00.030Z [error][Download Tracker]: Unable to get queue from Sonarr server: Sonarr 
2025-06-10T21:07:00.013Z [debug][Jobs]: Starting scheduled job: Download Sync 
2025-06-10T21:07:00.041Z [error][Download Tracker]: Unable to get queue from Radarr server: Radarr 
2025-06-10T21:07:00.043Z [error][Download Tracker]: Unable to get queue from Sonarr server: Sonarr 
2025-06-10T21:08:00.009Z [debug][Jobs]: Starting scheduled job: Download Sync 
2025-06-10T21:08:00.018Z [error][Download Tracker]: Unable to get queue from Sonarr server: Sonarr 
2025-06-10T21:08:00.019Z [error][Download Tracker]: Unable to get queue from Radarr server: Radarr 
2025-06-10T21:09:00.010Z [debug][Jobs]: Starting scheduled job: Download Sync 
2025-06-10T21:09:00.036Z [info][Jobs]: Starting scheduled job: Plex Watchlist Sync 
2025-06-10T21:09:00.067Z [error][Download Tracker]: Unable to get queue from Radarr server: Radarr 
2025-06-10T21:09:00.071Z [error][Download Tracker]: Unable to get queue from Sonarr server: Sonarr 
2025-06-10T21:10:00.005Z [debug][Jobs]: Starting scheduled job: Download Sync 
2025-06-10T21:10:00.017Z [info][Jobs]: Starting scheduled job: Plex Recently Added Scan 
2025-06-10T21:10:00.019Z [info][Plex Scan]: Scan starting {"sessionId":"e6761311-d7bf-4e49-8ce4-84e2b08cb67a"}
2025-06-10T21:10:00.022Z [error][Download Tracker]: Unable to get queue from Radarr server: Radarr 
2025-06-10T21:10:00.023Z [error][Download Tracker]: Unable to get queue from Sonarr server: Sonarr 
2025-06-10T21:10:00.927Z [error][Plex Scan]: Scan interrupted {"errorMessage":"Permission denied even after attempted authentication :( Wrong username and/or password maybe?"}
2025-06-10T21:11:00.007Z [debug][Jobs]: Starting scheduled job: Download Sync 
2025-06-10T21:11:00.022Z [error][Download Tracker]: Unable to get queue from Sonarr server: Sonarr 
2025-06-10T21:11:00.026Z [error][Download Tracker]: Unable to get queue from Radarr server: Radarr 
2025-06-10T21:12:00.007Z [debug][Jobs]: Starting scheduled job: Download Sync 
2025-06-10T21:12:00.013Z [info][Jobs]: Starting scheduled job: Plex Watchlist Sync 
2025-06-10T21:12:00.015Z [error][Download Tracker]: Unable to get queue from Radarr server: Radarr 
2025-06-10T21:12:00.016Z [error][Download Tracker]: Unable to get queue from Sonarr server: Sonarr 
2025-06-10T21:13:00.011Z [debug][Jobs]: Starting scheduled job: Download Sync 
2025-06-10T21:13:00.015Z [error][Download Tracker]: Unable to get queue from Sonarr server: Sonarr 
2025-06-10T21:13:00.016Z [error][Download Tracker]: Unable to get queue from Radarr server: Radarr 
2025-06-10T21:14:00.007Z [debug][Jobs]: Starting scheduled job: Download Sync 
2025-06-10T21:14:00.016Z [error][Download Tracker]: Unable to get queue from Sonarr server: Sonarr 
2025-06-10T21:14:00.024Z [error][Download Tracker]: Unable to get queue from Radarr server: Radarr 
2025-06-10T21:15:00.006Z [debug][Jobs]: Starting scheduled job: Download Sync 
2025-06-10T21:15:00.013Z [info][Jobs]: Starting scheduled job: Plex Watchlist Sync 
2025-06-10T21:15:00.015Z [error][Download Tracker]: Unable to get queue from Radarr server: Radarr 
2025-06-10T21:15:00.015Z [error][Download Tracker]: Unable to get queue from Sonarr server: Sonarr 
2025-06-10T21:15:00.018Z [info][Jobs]: Starting scheduled job: Plex Recently Added Scan 
2025-06-10T21:15:00.018Z [info][Plex Scan]: Scan starting {"sessionId":"4a6158cb-d35c-47ae-9087-5a2bf2089cbd"}
2025-06-10T21:15:00.663Z [error][Plex Scan]: Scan interrupted {"errorMessage":"Permission denied even after attempted authentication :( Wrong username and/or password maybe?"}
2025-06-10T21:16:00.006Z [debug][Jobs]: Starting scheduled job: Download Sync 
2025-06-10T21:16:00.013Z [error][Download Tracker]: Unable to get queue from Sonarr server: Sonarr 
2025-06-10T21:16:00.014Z [error][Download Tracker]: Unable to get queue from Radarr server: Radarr 
2025-06-10T21:17:00.086Z [debug][Jobs]: Starting scheduled job: Download Sync 
2025-06-10T21:17:00.096Z [error][Download Tracker]: Unable to get queue from Sonarr server: Sonarr 
2025-06-10T21:17:00.118Z [error][Download Tracker]: Unable to get queue from Radarr server: Radarr 
2025-06-10T21:18:00.008Z [debug][Jobs]: Starting scheduled job: Download Sync 
2025-06-10T21:18:00.021Z [info][Jobs]: Starting scheduled job: Plex Watchlist Sync 
2025-06-10T21:18:00.023Z [error][Download Tracker]: Unable to get queue from Radarr server: Radarr 
2025-06-10T21:18:00.024Z [error][Download Tracker]: Unable to get queue from Sonarr server: Sonarr 
2025-06-10T21:19:00.007Z [debug][Jobs]: Starting scheduled job: Download Sync 
2025-06-10T21:19:00.014Z [error][Download Tracker]: Unable to get queue from Radarr server: Radarr 
2025-06-10T21:19:00.031Z [error][Download Tracker]: Unable to get queue from Sonarr server: Sonarr 
2025-06-10T21:20:00.005Z [debug][Jobs]: Starting scheduled job: Download Sync 
2025-06-10T21:20:00.019Z [info][Jobs]: Starting scheduled job: Plex Recently Added Scan 
2025-06-10T21:20:00.021Z [info][Plex Scan]: Scan starting {"sessionId":"d874b06f-9f9f-4e21-937d-7a21dfdeff12"}
2025-06-10T21:20:00.026Z [error][Download Tracker]: Unable to get queue from Radarr server: Radarr 
2025-06-10T21:20:00.027Z [error][Download Tracker]: Unable to get queue from Sonarr server: Sonarr 
2025-06-10T21:20:00.780Z [error][Plex Scan]: Scan interrupted {"errorMessage":"Permission denied even after attempted authentication :( Wrong username and/or password maybe?"}
2025-06-10T21:21:00.009Z [debug][Jobs]: Starting scheduled job: Download Sync 
2025-06-10T21:21:00.020Z [info][Jobs]: Starting scheduled job: Plex Watchlist Sync 
2025-06-10T21:21:00.024Z [error][Download Tracker]: Unable to get queue from Radarr server: Radarr 
2025-06-10T21:21:00.025Z [error][Download Tracker]: Unable to get queue from Sonarr server: Sonarr 
2025-06-10T21:22:00.008Z [debug][Jobs]: Starting scheduled job: Download Sync 
2025-06-10T21:22:00.015Z [error][Download Tracker]: Unable to get queue from Sonarr server: Sonarr 
2025-06-10T21:22:00.016Z [error][Download Tracker]: Unable to get queue from Radarr server: Radarr 
2025-06-10T21:23:00.003Z [debug][Jobs]: Starting scheduled job: Download Sync 
2025-06-10T21:23:00.009Z [error][Download Tracker]: Unable to get queue from Sonarr server: Sonarr 
2025-06-10T21:23:00.009Z [error][Download Tracker]: Unable to get queue from Radarr server: Radarr 
2025-06-10T21:24:00.007Z [debug][Jobs]: Starting scheduled job: Download Sync 
2025-06-10T21:24:00.014Z [info][Jobs]: Starting scheduled job: Plex Watchlist Sync 
2025-06-10T21:24:00.015Z [error][Download Tracker]: Unable to get queue from Radarr server: Radarr 
2025-06-10T21:24:00.016Z [error][Download Tracker]: Unable to get queue from Sonarr server: Sonarr 
2025-06-10T21:25:00.007Z [debug][Jobs]: Starting scheduled job: Download Sync 
2025-06-10T21:25:00.014Z [info][Jobs]: Starting scheduled job: Plex Recently Added Scan 
2025-06-10T21:25:00.015Z [info][Plex Scan]: Scan starting {"sessionId":"1e9d3c7b-fc49-4e3b-8294-1e99dbf4a1c2"}
2025-06-10T21:25:00.017Z [error][Download Tracker]: Unable to get queue from Sonarr server: Sonarr 
2025-06-10T21:25:00.018Z [error][Download Tracker]: Unable to get queue from Radarr server: Radarr 
2025-06-10T21:25:00.700Z [error][Plex Scan]: Scan interrupted {"errorMessage":"Permission denied even after attempted authentication :( Wrong username and/or password maybe?"}
2025-06-10T21:26:00.008Z [debug][Jobs]: Starting scheduled job: Download Sync 
2025-06-10T21:26:00.014Z [error][Download Tracker]: Unable to get queue from Sonarr server: Sonarr 
2025-06-10T21:26:00.016Z [error][Download Tracker]: Unable to get queue from Radarr server: Radarr 
2025-06-10T21:27:00.007Z [debug][Jobs]: Starting scheduled job: Download Sync 
2025-06-10T21:27:00.014Z [info][Jobs]: Starting scheduled job: Plex Watchlist Sync 
2025-06-10T21:27:00.017Z [error][Download Tracker]: Unable to get queue from Radarr server: Radarr 
2025-06-10T21:27:00.019Z [error][Download Tracker]: Unable to get queue from Sonarr server: Sonarr 
2025-06-10T21:28:00.008Z [debug][Jobs]: Starting scheduled job: Download Sync 
2025-06-10T21:28:00.012Z [error][Download Tracker]: Unable to get queue from Sonarr server: Sonarr 
2025-06-10T21:28:00.013Z [error][Download Tracker]: Unable to get queue from Radarr server: Radarr 
2025-06-10T21:29:00.005Z [debug][Jobs]: Starting scheduled job: Download Sync 
2025-06-10T21:29:00.011Z [error][Download Tracker]: Unable to get queue from Radarr server: Radarr 
2025-06-10T21:29:00.013Z [error][Download Tracker]: Unable to get queue from Sonarr server: Sonarr 
2025-06-10T21:30:00.005Z [debug][Jobs]: Starting scheduled job: Download Sync 
2025-06-10T21:30:00.012Z [info][Jobs]: Starting scheduled job: Plex Watchlist Sync 
2025-06-10T21:30:00.014Z [error][Download Tracker]: Unable to get queue from Radarr server: Radarr 
2025-06-10T21:30:00.015Z [error][Download Tracker]: Unable to get queue from Sonarr server: Sonarr 
2025-06-10T21:30:00.019Z [info][Jobs]: Starting scheduled job: Plex Recently Added Scan 
2025-06-10T21:30:00.019Z [info][Plex Scan]: Scan starting {"sessionId":"ec1cb488-07fd-4750-a8bb-b000d5a40ea1"}
2025-06-10T21:30:02.464Z [error][Plex Scan]: Scan interrupted {"errorMessage":"Permission denied even after attempted authentication :( Wrong username and/or password maybe?"}
2025-06-10T21:31:01.546Z [debug][Jobs]: Starting scheduled job: Download Sync 
2025-06-10T21:31:01.551Z [error][Download Tracker]: Unable to get queue from Sonarr server: Sonarr 
2025-06-10T21:31:01.559Z [error][Download Tracker]: Unable to get queue from Radarr server: Radarr 
2025-06-10T21:32:00.006Z [debug][Jobs]: Starting scheduled job: Download Sync 
2025-06-10T21:32:00.011Z [error][Download Tracker]: Unable to get queue from Sonarr server: Sonarr 
2025-06-10T21:32:00.013Z [error][Download Tracker]: Unable to get queue from Radarr server: Radarr 
2025-06-10T21:33:00.103Z [debug][Jobs]: Starting scheduled job: Download Sync 
2025-06-10T21:33:00.108Z [info][Jobs]: Starting scheduled job: Plex Watchlist Sync 
2025-06-10T21:33:00.123Z [error][Download Tracker]: Unable to get queue from Sonarr server: Sonarr 
2025-06-10T21:33:00.124Z [error][Download Tracker]: Unable to get queue from Radarr server: Radarr 
2025-06-10T21:34:00.010Z [debug][Jobs]: Starting scheduled job: Download Sync 
2025-06-10T21:34:00.016Z [error][Download Tracker]: Unable to get queue from Sonarr server: Sonarr 
2025-06-10T21:34:00.017Z [error][Download Tracker]: Unable to get queue from Radarr server: Radarr 
2025-06-10T21:35:00.006Z [debug][Jobs]: Starting scheduled job: Download Sync 
2025-06-10T21:35:00.015Z [info][Jobs]: Starting scheduled job: Plex Recently Added Scan 
2025-06-10T21:35:00.015Z [info][Plex Scan]: Scan starting {"sessionId":"64a69015-0617-420b-b442-670d8954787a"}
2025-06-10T21:35:00.018Z [error][Download Tracker]: Unable to get queue from Radarr server: Radarr 
2025-06-10T21:35:00.018Z [error][Download Tracker]: Unable to get queue from Sonarr server: Sonarr 
2025-06-10T21:35:00.884Z [error][Plex Scan]: Scan interrupted {"errorMessage":"Permission denied even after attempted authentication :( Wrong username and/or password maybe?"}
2025-06-10T21:36:00.007Z [debug][Jobs]: Starting scheduled job: Download Sync 
2025-06-10T21:36:00.015Z [info][Jobs]: Starting scheduled job: Plex Watchlist Sync 
2025-06-10T21:36:00.017Z [error][Download Tracker]: Unable to get queue from Radarr server: Radarr 
2025-06-10T21:36:00.018Z [error][Download Tracker]: Unable to get queue from Sonarr server: Sonarr 
2025-06-10T21:37:00.004Z [debug][Jobs]: Starting scheduled job: Download Sync 
2025-06-10T21:37:00.009Z [error][Download Tracker]: Unable to get queue from Sonarr server: Sonarr 
2025-06-10T21:37:00.010Z [error][Download Tracker]: Unable to get queue from Radarr server: Radarr 
2025-06-10T21:38:00.006Z [debug][Jobs]: Starting scheduled job: Download Sync 
2025-06-10T21:38:00.012Z [error][Download Tracker]: Unable to get queue from Radarr server: Radarr 
2025-06-10T21:38:00.016Z [error][Download Tracker]: Unable to get queue from Sonarr server: Sonarr 
2025-06-10T21:39:00.006Z [debug][Jobs]: Starting scheduled job: Download Sync 
2025-06-10T21:39:00.014Z [info][Jobs]: Starting scheduled job: Plex Watchlist Sync 
2025-06-10T21:39:00.016Z [error][Download Tracker]: Unable to get queue from Radarr server: Radarr 
2025-06-10T21:39:00.017Z [error][Download Tracker]: Unable to get queue from Sonarr server: Sonarr 
2025-06-10T21:40:00.007Z [debug][Jobs]: Starting scheduled job: Download Sync 
2025-06-10T21:40:00.014Z [info][Jobs]: Starting scheduled job: Plex Recently Added Scan 
2025-06-10T21:40:00.014Z [info][Plex Scan]: Scan starting {"sessionId":"12b9ed46-b160-4f18-84d4-8ea3752d7c3c"}
2025-06-10T21:40:00.016Z [error][Download Tracker]: Unable to get queue from Radarr server: Radarr 
2025-06-10T21:40:00.016Z [error][Download Tracker]: Unable to get queue from Sonarr server: Sonarr 
2025-06-10T21:40:00.934Z [error][Plex Scan]: Scan interrupted {"errorMessage":"Permission denied even after attempted authentication :( Wrong username and/or password maybe?"}
2025-06-10T21:41:00.006Z [debug][Jobs]: Starting scheduled job: Download Sync 
2025-06-10T21:41:00.012Z [error][Download Tracker]: Unable to get queue from Radarr server: Radarr 
2025-06-10T21:41:00.013Z [error][Download Tracker]: Unable to get queue from Sonarr server: Sonarr 
2025-06-10T21:42:00.010Z [debug][Jobs]: Starting scheduled job: Download Sync 
2025-06-10T21:42:00.017Z [info][Jobs]: Starting scheduled job: Plex Watchlist Sync 
2025-06-10T21:42:00.019Z [error][Download Tracker]: Unable to get queue from Radarr server: Radarr 
2025-06-10T21:42:00.020Z [error][Download Tracker]: Unable to get queue from Sonarr server: Sonarr 
2025-06-10T21:43:00.007Z [debug][Jobs]: Starting scheduled job: Download Sync 
2025-06-10T21:43:00.012Z [error][Download Tracker]: Unable to get queue from Sonarr server: Sonarr 
2025-06-10T21:43:00.013Z [error][Download Tracker]: Unable to get queue from Radarr server: Radarr 
2025-06-10T21:44:00.003Z [debug][Jobs]: Starting scheduled job: Download Sync 
2025-06-10T21:44:00.009Z [error][Download Tracker]: Unable to get queue from Sonarr server: Sonarr 
2025-06-10T21:44:00.010Z [error][Download Tracker]: Unable to get queue from Radarr server: Radarr 
2025-06-10T21:45:00.006Z [debug][Jobs]: Starting scheduled job: Download Sync 
2025-06-10T21:45:00.012Z [info][Jobs]: Starting scheduled job: Plex Watchlist Sync 
2025-06-10T21:45:00.014Z [error][Download Tracker]: Unable to get queue from Sonarr server: Sonarr 
2025-06-10T21:45:00.019Z [info][Jobs]: Starting scheduled job: Plex Recently Added Scan 
2025-06-10T21:45:00.019Z [info][Plex Scan]: Scan starting {"sessionId":"e7a81077-592e-4c3e-9d82-2b3b1fb90f67"}
2025-06-10T21:45:00.026Z [error][Download Tracker]: Unable to get queue from Radarr server: Radarr 
2025-06-10T21:45:00.587Z [error][Plex Scan]: Scan interrupted {"errorMessage":"Permission denied even after attempted authentication :( Wrong username and/or password maybe?"}
2025-06-10T21:46:00.007Z [debug][Jobs]: Starting scheduled job: Download Sync 
2025-06-10T21:46:00.013Z [error][Download Tracker]: Unable to get queue from Sonarr server: Sonarr 
2025-06-10T21:46:00.014Z [error][Download Tracker]: Unable to get queue from Radarr server: Radarr 
2025-06-10T21:47:00.005Z [debug][Jobs]: Starting scheduled job: Download Sync 
2025-06-10T21:47:00.011Z [error][Download Tracker]: Unable to get queue from Radarr server: Radarr 
2025-06-10T21:47:00.013Z [error][Download Tracker]: Unable to get queue from Sonarr server: Sonarr 
2025-06-10T21:48:00.008Z [debug][Jobs]: Starting scheduled job: Download Sync 
2025-06-10T21:48:00.024Z [info][Jobs]: Starting scheduled job: Plex Watchlist Sync 
2025-06-10T21:48:00.026Z [error][Download Tracker]: Unable to get queue from Radarr server: Radarr 
2025-06-10T21:48:00.026Z [error][Download Tracker]: Unable to get queue from Sonarr server: Sonarr 
2025-06-10T21:49:00.008Z [debug][Jobs]: Starting scheduled job: Download Sync 
2025-06-10T21:49:00.014Z [error][Download Tracker]: Unable to get queue from Sonarr server: Sonarr 
2025-06-10T21:49:00.016Z [error][Download Tracker]: Unable to get queue from Radarr server: Radarr 
2025-06-10T21:50:00.406Z [debug][Jobs]: Starting scheduled job: Download Sync 
2025-06-10T21:50:00.417Z [info][Jobs]: Starting scheduled job: Plex Recently Added Scan 
2025-06-10T21:50:00.417Z [info][Plex Scan]: Scan starting {"sessionId":"4df4340a-4b0b-40e6-ad70-e2b4dfeb8941"}
2025-06-10T21:50:00.419Z [error][Download Tracker]: Unable to get queue from Radarr server: Radarr 
2025-06-10T21:50:00.419Z [error][Download Tracker]: Unable to get queue from Sonarr server: Sonarr 
2025-06-10T21:50:01.085Z [error][Plex Scan]: Scan interrupted {"errorMessage":"Permission denied even after attempted authentication :( Wrong username and/or password maybe?"}
2025-06-10T21:51:00.008Z [debug][Jobs]: Starting scheduled job: Download Sync 
2025-06-10T21:51:00.015Z [info][Jobs]: Starting scheduled job: Plex Watchlist Sync 
2025-06-10T21:51:00.017Z [error][Download Tracker]: Unable to get queue from Radarr server: Radarr 
2025-06-10T21:51:00.018Z [error][Download Tracker]: Unable to get queue from Sonarr server: Sonarr 
2025-06-10T21:52:00.008Z [debug][Jobs]: Starting scheduled job: Download Sync 
2025-06-10T21:52:00.017Z [error][Download Tracker]: Unable to get queue from Sonarr server: Sonarr 
2025-06-10T21:52:00.018Z [error][Download Tracker]: Unable to get queue from Radarr server: Radarr 
2025-06-10T21:53:00.005Z [debug][Jobs]: Starting scheduled job: Download Sync 
2025-06-10T21:53:00.009Z [error][Download Tracker]: Unable to get queue from Radarr server: Radarr 
2025-06-10T21:53:00.010Z [error][Download Tracker]: Unable to get queue from Sonarr server: Sonarr 
2025-06-10T21:54:00.009Z [debug][Jobs]: Starting scheduled job: Download Sync 
2025-06-10T21:54:00.017Z [info][Jobs]: Starting scheduled job: Plex Watchlist Sync 
2025-06-10T21:54:00.019Z [error][Download Tracker]: Unable to get queue from Radarr server: Radarr 
2025-06-10T21:54:00.020Z [error][Download Tracker]: Unable to get queue from Sonarr server: Sonarr 
2025-06-10T21:55:00.007Z [debug][Jobs]: Starting scheduled job: Download Sync 
2025-06-10T21:55:00.013Z [info][Jobs]: Starting scheduled job: Plex Recently Added Scan 
2025-06-10T21:55:00.014Z [info][Plex Scan]: Scan starting {"sessionId":"130a098f-da3a-4b33-9b3a-17e08980e090"}
2025-06-10T21:55:00.015Z [error][Download Tracker]: Unable to get queue from Radarr server: Radarr 
2025-06-10T21:55:00.016Z [error][Download Tracker]: Unable to get queue from Sonarr server: Sonarr 
2025-06-10T21:55:01.081Z [error][Plex Scan]: Scan interrupted {"errorMessage":"Permission denied even after attempted authentication :( Wrong username and/or password maybe?"}
2025-06-10T21:56:00.006Z [debug][Jobs]: Starting scheduled job: Download Sync 
2025-06-10T21:56:00.013Z [error][Download Tracker]: Unable to get queue from Sonarr server: Sonarr 
2025-06-10T21:56:00.014Z [error][Download Tracker]: Unable to get queue from Radarr server: Radarr 
2025-06-10T21:57:00.006Z [debug][Jobs]: Starting scheduled job: Download Sync 
2025-06-10T21:57:00.011Z [info][Jobs]: Starting scheduled job: Plex Watchlist Sync 
2025-06-10T21:57:00.018Z [error][Download Tracker]: Unable to get queue from Radarr server: Radarr 
2025-06-10T21:57:00.019Z [error][Download Tracker]: Unable to get queue from Sonarr server: Sonarr 
2025-06-10T21:58:00.003Z [debug][Jobs]: Starting scheduled job: Download Sync 
2025-06-10T21:58:00.010Z [error][Download Tracker]: Unable to get queue from Radarr server: Radarr 
2025-06-10T21:58:00.015Z [error][Download Tracker]: Unable to get queue from Sonarr server: Sonarr 
2025-06-10T21:59:00.007Z [debug][Jobs]: Starting scheduled job: Download Sync 
2025-06-10T21:59:00.012Z [error][Download Tracker]: Unable to get queue from Sonarr server: Sonarr 
2025-06-10T21:59:00.014Z [error][Download Tracker]: Unable to get queue from Radarr server: Radarr 
2025-06-10T22:00:00.006Z [debug][Jobs]: Starting scheduled job: Download Sync 
2025-06-10T22:00:00.014Z [info][Jobs]: Starting scheduled job: Plex Watchlist Sync 
2025-06-10T22:00:00.016Z [error][Download Tracker]: Unable to get queue from Radarr server: Radarr 
2025-06-10T22:00:00.017Z [error][Download Tracker]: Unable to get queue from Sonarr server: Sonarr 
2025-06-10T22:00:00.020Z [info][Jobs]: Starting scheduled job: Plex Recently Added Scan 
2025-06-10T22:00:00.020Z [info][Plex Scan]: Scan starting {"sessionId":"cbe09c6e-ac96-4e20-9f92-aaa6d40e48f6"}
2025-06-10T22:00:00.039Z [info][Jobs]: Starting scheduled job: Download Sync Reset 
2025-06-10T22:00:02.613Z [error][Plex Scan]: Scan interrupted {"errorMessage":"Permission denied even after attempted authentication :( Wrong username and/or password maybe?"}
2025-06-10T22:01:00.007Z [debug][Jobs]: Starting scheduled job: Download Sync 
2025-06-10T22:01:00.014Z [error][Download Tracker]: Unable to get queue from Sonarr server: Sonarr 
2025-06-10T22:01:00.015Z [error][Download Tracker]: Unable to get queue from Radarr server: Radarr 
2025-06-10T22:02:00.006Z [debug][Jobs]: Starting scheduled job: Download Sync 
2025-06-10T22:02:00.014Z [error][Download Tracker]: Unable to get queue from Sonarr server: Sonarr 
2025-06-10T22:02:00.015Z [error][Download Tracker]: Unable to get queue from Radarr server: Radarr 
2025-06-10T22:03:00.006Z [debug][Jobs]: Starting scheduled job: Download Sync 
2025-06-10T22:03:00.015Z [info][Jobs]: Starting scheduled job: Plex Watchlist Sync 
2025-06-10T22:03:00.017Z [error][Download Tracker]: Unable to get queue from Radarr server: Radarr 
2025-06-10T22:03:00.018Z [error][Download Tracker]: Unable to get queue from Sonarr server: Sonarr 
2025-06-10T22:04:00.007Z [debug][Jobs]: Starting scheduled job: Download Sync 
2025-06-10T22:04:00.014Z [error][Download Tracker]: Unable to get queue from Radarr server: Radarr 
2025-06-10T22:04:00.015Z [error][Download Tracker]: Unable to get queue from Sonarr server: Sonarr 
2025-06-10T22:05:00.006Z [debug][Jobs]: Starting scheduled job: Download Sync 
2025-06-10T22:05:00.014Z [info][Jobs]: Starting scheduled job: Plex Recently Added Scan 
2025-06-10T22:05:00.015Z [info][Plex Scan]: Scan starting {"sessionId":"a924b8a9-11c8-4f8a-b7c4-5b224a21c613"}
2025-06-10T22:05:00.017Z [error][Download Tracker]: Unable to get queue from Sonarr server: Sonarr 
2025-06-10T22:05:00.018Z [error][Download Tracker]: Unable to get queue from Radarr server: Radarr 
2025-06-10T22:05:00.810Z [error][Plex Scan]: Scan interrupted {"errorMessage":"Permission denied even after attempted authentication :( Wrong username and/or password maybe?"}
2025-06-10T22:06:00.005Z [debug][Jobs]: Starting scheduled job: Download Sync 
2025-06-10T22:06:00.013Z [info][Jobs]: Starting scheduled job: Plex Watchlist Sync 
2025-06-10T22:06:00.016Z [error][Download Tracker]: Unable to get queue from Sonarr server: Sonarr 
2025-06-10T22:06:00.022Z [error][Download Tracker]: Unable to get queue from Radarr server: Radarr 
2025-06-10T22:07:00.008Z [debug][Jobs]: Starting scheduled job: Download Sync 
2025-06-10T22:07:00.013Z [error][Download Tracker]: Unable to get queue from Sonarr server: Sonarr 
2025-06-10T22:07:00.015Z [error][Download Tracker]: Unable to get queue from Radarr server: Radarr 
2025-06-10T22:08:00.006Z [debug][Jobs]: Starting scheduled job: Download Sync 
2025-06-10T22:08:00.013Z [error][Download Tracker]: Unable to get queue from Sonarr server: Sonarr 
2025-06-10T22:08:00.014Z [error][Download Tracker]: Unable to get queue from Radarr server: Radarr 
2025-06-10T22:09:00.006Z [debug][Jobs]: Starting scheduled job: Download Sync 
2025-06-10T22:09:00.014Z [info][Jobs]: Starting scheduled job: Plex Watchlist Sync 
2025-06-10T22:09:00.017Z [error][Download Tracker]: Unable to get queue from Radarr server: Radarr 
2025-06-10T22:09:00.017Z [error][Download Tracker]: Unable to get queue from Sonarr server: Sonarr 
2025-06-10T22:10:00.008Z [debug][Jobs]: Starting scheduled job: Download Sync 
2025-06-10T22:10:00.017Z [info][Jobs]: Starting scheduled job: Plex Recently Added Scan 
2025-06-10T22:10:00.018Z [info][Plex Scan]: Scan starting {"sessionId":"766be319-68b5-4ee4-b736-2a029ebb1fb1"}
2025-06-10T22:10:00.020Z [error][Download Tracker]: Unable to get queue from Radarr server: Radarr 
2025-06-10T22:10:00.021Z [error][Download Tracker]: Unable to get queue from Sonarr server: Sonarr 
2025-06-10T22:10:00.679Z [error][Plex Scan]: Scan interrupted {"errorMessage":"Permission denied even after attempted authentication :( Wrong username and/or password maybe?"}
2025-06-10T22:11:00.007Z [debug][Jobs]: Starting scheduled job: Download Sync 
2025-06-10T22:11:00.013Z [error][Download Tracker]: Unable to get queue from Sonarr server: Sonarr 
2025-06-10T22:11:00.014Z [error][Download Tracker]: Unable to get queue from Radarr server: Radarr 
2025-06-10T22:12:00.005Z [debug][Jobs]: Starting scheduled job: Download Sync 
2025-06-10T22:12:00.014Z [info][Jobs]: Starting scheduled job: Plex Watchlist Sync 
2025-06-10T22:12:00.016Z [error][Download Tracker]: Unable to get queue from Radarr server: Radarr 
2025-06-10T22:12:00.017Z [error][Download Tracker]: Unable to get queue from Sonarr server: Sonarr 
2025-06-10T22:13:00.005Z [debug][Jobs]: Starting scheduled job: Download Sync 
2025-06-10T22:13:00.012Z [error][Download Tracker]: Unable to get queue from Radarr server: Radarr 
2025-06-10T22:13:00.013Z [error][Download Tracker]: Unable to get queue from Sonarr server: Sonarr 
2025-06-10T22:14:00.007Z [debug][Jobs]: Starting scheduled job: Download Sync 
2025-06-10T22:14:00.015Z [error][Download Tracker]: Unable to get queue from Radarr server: Radarr 
2025-06-10T22:14:00.016Z [error][Download Tracker]: Unable to get queue from Sonarr server: Sonarr 
2025-06-10T22:15:00.004Z [debug][Jobs]: Starting scheduled job: Download Sync 
2025-06-10T22:15:00.013Z [info][Jobs]: Starting scheduled job: Plex Watchlist Sync 
2025-06-10T22:15:00.015Z [error][Download Tracker]: Unable to get queue from Radarr server: Radarr 
2025-06-10T22:15:00.016Z [error][Download Tracker]: Unable to get queue from Sonarr server: Sonarr 
2025-06-10T22:15:00.019Z [info][Jobs]: Starting scheduled job: Plex Recently Added Scan 
2025-06-10T22:15:00.020Z [info][Plex Scan]: Scan starting {"sessionId":"da252f1d-b28f-43e2-bea7-57958a72adfd"}
2025-06-10T22:15:00.731Z [error][Plex Scan]: Scan interrupted {"errorMessage":"Permission denied even after attempted authentication :( Wrong username and/or password maybe?"}
2025-06-10T22:16:00.005Z [debug][Jobs]: Starting scheduled job: Download Sync 
2025-06-10T22:16:00.009Z [error][Download Tracker]: Unable to get queue from Sonarr server: Sonarr 
2025-06-10T22:16:00.010Z [error][Download Tracker]: Unable to get queue from Radarr server: Radarr 
2025-06-10T22:17:00.005Z [debug][Jobs]: Starting scheduled job: Download Sync 
2025-06-10T22:17:00.012Z [error][Download Tracker]: Unable to get queue from Sonarr server: Sonarr 
2025-06-10T22:17:00.013Z [error][Download Tracker]: Unable to get queue from Radarr server: Radarr 
2025-06-10T22:18:00.005Z [debug][Jobs]: Starting scheduled job: Download Sync 
2025-06-10T22:18:00.012Z [info][Jobs]: Starting scheduled job: Plex Watchlist Sync 
2025-06-10T22:18:00.014Z [error][Download Tracker]: Unable to get queue from Radarr server: Radarr 
2025-06-10T22:18:00.015Z [error][Download Tracker]: Unable to get queue from Sonarr server: Sonarr 
2025-06-10T22:19:00.006Z [debug][Jobs]: Starting scheduled job: Download Sync 
2025-06-10T22:19:00.012Z [error][Download Tracker]: Unable to get queue from Sonarr server: Sonarr 
2025-06-10T22:19:00.014Z [error][Download Tracker]: Unable to get queue from Radarr server: Radarr 
2025-06-10T22:20:00.005Z [debug][Jobs]: Starting scheduled job: Download Sync 
2025-06-10T22:20:00.012Z [info][Jobs]: Starting scheduled job: Plex Recently Added Scan 
2025-06-10T22:20:00.013Z [info][Plex Scan]: Scan starting {"sessionId":"9b6c3647-0725-41a0-8cb1-fbb53a3b043f"}
2025-06-10T22:20:00.015Z [error][Download Tracker]: Unable to get queue from Radarr server: Radarr 
2025-06-10T22:20:00.016Z [error][Download Tracker]: Unable to get queue from Sonarr server: Sonarr 
2025-06-10T22:20:00.638Z [error][Plex Scan]: Scan interrupted {"errorMessage":"Permission denied even after attempted authentication :( Wrong username and/or password maybe?"}
2025-06-10T22:21:00.004Z [debug][Jobs]: Starting scheduled job: Download Sync 
2025-06-10T22:21:00.011Z [info][Jobs]: Starting scheduled job: Plex Watchlist Sync 
2025-06-10T22:21:00.013Z [error][Download Tracker]: Unable to get queue from Radarr server: Radarr 
2025-06-10T22:21:00.014Z [error][Download Tracker]: Unable to get queue from Sonarr server: Sonarr 
2025-06-10T22:22:00.007Z [debug][Jobs]: Starting scheduled job: Download Sync 
2025-06-10T22:22:00.016Z [error][Download Tracker]: Unable to get queue from Radarr server: Radarr 
2025-06-10T22:22:00.017Z [error][Download Tracker]: Unable to get queue from Sonarr server: Sonarr 
2025-06-10T22:23:00.004Z [debug][Jobs]: Starting scheduled job: Download Sync 
2025-06-10T22:23:00.011Z [error][Download Tracker]: Unable to get queue from Sonarr server: Sonarr 
2025-06-10T22:23:00.012Z [error][Download Tracker]: Unable to get queue from Radarr server: Radarr 
2025-06-10T22:24:00.004Z [debug][Jobs]: Starting scheduled job: Download Sync 
2025-06-10T22:24:00.012Z [info][Jobs]: Starting scheduled job: Plex Watchlist Sync 
2025-06-10T22:24:00.014Z [error][Download Tracker]: Unable to get queue from Radarr server: Radarr 
2025-06-10T22:24:00.015Z [error][Download Tracker]: Unable to get queue from Sonarr server: Sonarr 
2025-06-10T22:25:00.005Z [debug][Jobs]: Starting scheduled job: Download Sync 
2025-06-10T22:25:00.011Z [info][Jobs]: Starting scheduled job: Plex Recently Added Scan 
2025-06-10T22:25:00.012Z [info][Plex Scan]: Scan starting {"sessionId":"b0651d4e-510d-4a1d-9448-70c31166c0e9"}
2025-06-10T22:25:00.015Z [error][Download Tracker]: Unable to get queue from Radarr server: Radarr 
2025-06-10T22:25:00.016Z [error][Download Tracker]: Unable to get queue from Sonarr server: Sonarr 
2025-06-10T22:25:00.661Z [error][Plex Scan]: Scan interrupted {"errorMessage":"Permission denied even after attempted authentication :( Wrong username and/or password maybe?"}
2025-06-10T22:26:00.005Z [debug][Jobs]: Starting scheduled job: Download Sync 
2025-06-10T22:26:00.012Z [error][Download Tracker]: Unable to get queue from Sonarr server: Sonarr 
2025-06-10T22:26:00.014Z [error][Download Tracker]: Unable to get queue from Radarr server: Radarr 
2025-06-10T22:27:00.005Z [debug][Jobs]: Starting scheduled job: Download Sync 
2025-06-10T22:27:00.013Z [info][Jobs]: Starting scheduled job: Plex Watchlist Sync 
2025-06-10T22:27:00.015Z [error][Download Tracker]: Unable to get queue from Radarr server: Radarr 
2025-06-10T22:27:00.016Z [error][Download Tracker]: Unable to get queue from Sonarr server: Sonarr 
2025-06-10T22:28:00.005Z [debug][Jobs]: Starting scheduled job: Download Sync 
2025-06-10T22:28:00.011Z [error][Download Tracker]: Unable to get queue from Radarr server: Radarr 
2025-06-10T22:28:00.012Z [error][Download Tracker]: Unable to get queue from Sonarr server: Sonarr 
2025-06-10T22:29:00.004Z [debug][Jobs]: Starting scheduled job: Download Sync 
2025-06-10T22:29:00.011Z [error][Download Tracker]: Unable to get queue from Sonarr server: Sonarr 
2025-06-10T22:29:00.012Z [error][Download Tracker]: Unable to get queue from Radarr server: Radarr 
2025-06-10T22:30:00.004Z [debug][Jobs]: Starting scheduled job: Download Sync 
2025-06-10T22:30:00.011Z [info][Jobs]: Starting scheduled job: Plex Watchlist Sync 
2025-06-10T22:30:00.012Z [error][Download Tracker]: Unable to get queue from Radarr server: Radarr 
2025-06-10T22:30:00.013Z [error][Download Tracker]: Unable to get queue from Sonarr server: Sonarr 
2025-06-10T22:30:00.015Z [info][Jobs]: Starting scheduled job: Plex Recently Added Scan 
2025-06-10T22:30:00.016Z [info][Plex Scan]: Scan starting {"sessionId":"0a1662c3-cf95-48c2-8f19-2ff0c9c4a921"}
2025-06-10T22:30:01.736Z [error][Plex Scan]: Scan interrupted {"errorMessage":"Permission denied even after attempted authentication :( Wrong username and/or password maybe?"}
2025-06-10T22:31:00.002Z [debug][Jobs]: Starting scheduled job: Download Sync 
2025-06-10T22:31:00.007Z [error][Download Tracker]: Unable to get queue from Sonarr server: Sonarr 
2025-06-10T22:31:00.008Z [error][Download Tracker]: Unable to get queue from Radarr server: Radarr 
2025-06-10T22:32:00.005Z [debug][Jobs]: Starting scheduled job: Download Sync 
2025-06-10T22:32:00.010Z [error][Download Tracker]: Unable to get queue from Sonarr server: Sonarr 
2025-06-10T22:32:00.011Z [error][Download Tracker]: Unable to get queue from Radarr server: Radarr 
2025-06-10T22:33:00.005Z [debug][Jobs]: Starting scheduled job: Download Sync 
2025-06-10T22:33:00.014Z [info][Jobs]: Starting scheduled job: Plex Watchlist Sync 
2025-06-10T22:33:00.016Z [error][Download Tracker]: Unable to get queue from Radarr server: Radarr 
2025-06-10T22:33:00.016Z [error][Download Tracker]: Unable to get queue from Sonarr server: Sonarr 
2025-06-10T22:34:00.004Z [debug][Jobs]: Starting scheduled job: Download Sync 
2025-06-10T22:34:00.009Z [error][Download Tracker]: Unable to get queue from Sonarr server: Sonarr 
2025-06-10T22:34:00.011Z [error][Download Tracker]: Unable to get queue from Radarr server: Radarr 
2025-06-10T22:35:00.004Z [debug][Jobs]: Starting scheduled job: Download Sync 
2025-06-10T22:35:00.011Z [info][Jobs]: Starting scheduled job: Plex Recently Added Scan 
2025-06-10T22:35:00.011Z [info][Plex Scan]: Scan starting {"sessionId":"5af9595c-3edf-4219-bf6c-5d88ffa5e6ae"}
2025-06-10T22:35:00.013Z [error][Download Tracker]: Unable to get queue from Radarr server: Radarr 
2025-06-10T22:35:00.014Z [error][Download Tracker]: Unable to get queue from Sonarr server: Sonarr 
2025-06-10T22:35:00.698Z [error][Plex Scan]: Scan interrupted {"errorMessage":"Permission denied even after attempted authentication :( Wrong username and/or password maybe?"}
2025-06-10T22:36:00.002Z [debug][Jobs]: Starting scheduled job: Download Sync 
2025-06-10T22:36:00.011Z [info][Jobs]: Starting scheduled job: Plex Watchlist Sync 
2025-06-10T22:36:00.014Z [error][Download Tracker]: Unable to get queue from Radarr server: Radarr 
2025-06-10T22:36:00.015Z [error][Download Tracker]: Unable to get queue from Sonarr server: Sonarr 
2025-06-10T22:37:00.005Z [debug][Jobs]: Starting scheduled job: Download Sync 
2025-06-10T22:37:00.011Z [error][Download Tracker]: Unable to get queue from Radarr server: Radarr 
2025-06-10T22:37:00.012Z [error][Download Tracker]: Unable to get queue from Sonarr server: Sonarr 
2025-06-10T22:38:00.004Z [debug][Jobs]: Starting scheduled job: Download Sync 
2025-06-10T22:38:00.011Z [error][Download Tracker]: Unable to get queue from Sonarr server: Sonarr 
2025-06-10T22:38:00.013Z [error][Download Tracker]: Unable to get queue from Radarr server: Radarr 
2025-06-10T22:39:00.005Z [debug][Jobs]: Starting scheduled job: Download Sync 
2025-06-10T22:39:00.014Z [info][Jobs]: Starting scheduled job: Plex Watchlist Sync 
2025-06-10T22:39:00.016Z [error][Download Tracker]: Unable to get queue from Radarr server: Radarr 
2025-06-10T22:39:00.017Z [error][Download Tracker]: Unable to get queue from Sonarr server: Sonarr 
2025-06-10T22:40:00.004Z [debug][Jobs]: Starting scheduled job: Download Sync 
2025-06-10T22:40:00.011Z [info][Jobs]: Starting scheduled job: Plex Recently Added Scan 
2025-06-10T22:40:00.011Z [info][Plex Scan]: Scan starting {"sessionId":"ffd432be-03c4-43ef-88d4-c1f4d7c48adc"}
2025-06-10T22:40:00.014Z [error][Download Tracker]: Unable to get queue from Radarr server: Radarr 
2025-06-10T22:40:00.015Z [error][Download Tracker]: Unable to get queue from Sonarr server: Sonarr 
2025-06-10T22:40:00.801Z [error][Plex Scan]: Scan interrupted {"errorMessage":"Permission denied even after attempted authentication :( Wrong username and/or password maybe?"}
2025-06-10T22:41:00.004Z [debug][Jobs]: Starting scheduled job: Download Sync 
2025-06-10T22:41:00.011Z [error][Download Tracker]: Unable to get queue from Sonarr server: Sonarr 
2025-06-10T22:41:00.013Z [error][Download Tracker]: Unable to get queue from Radarr server: Radarr 
2025-06-10T22:42:00.004Z [debug][Jobs]: Starting scheduled job: Download Sync 
2025-06-10T22:42:00.014Z [info][Jobs]: Starting scheduled job: Plex Watchlist Sync 
2025-06-10T22:42:00.016Z [error][Download Tracker]: Unable to get queue from Radarr server: Radarr 
2025-06-10T22:42:00.017Z [error][Download Tracker]: Unable to get queue from Sonarr server: Sonarr 
2025-06-10T22:43:00.005Z [debug][Jobs]: Starting scheduled job: Download Sync 
2025-06-10T22:43:00.011Z [error][Download Tracker]: Unable to get queue from Sonarr server: Sonarr 
2025-06-10T22:43:00.012Z [error][Download Tracker]: Unable to get queue from Radarr server: Radarr 
2025-06-10T22:44:00.004Z [debug][Jobs]: Starting scheduled job: Download Sync 
2025-06-10T22:44:00.011Z [error][Download Tracker]: Unable to get queue from Sonarr server: Sonarr 
2025-06-10T22:44:00.013Z [error][Download Tracker]: Unable to get queue from Radarr server: Radarr 
2025-06-10T22:45:00.004Z [debug][Jobs]: Starting scheduled job: Download Sync 
2025-06-10T22:45:00.010Z [info][Jobs]: Starting scheduled job: Plex Watchlist Sync 
2025-06-10T22:45:00.012Z [error][Download Tracker]: Unable to get queue from Radarr server: Radarr 
2025-06-10T22:45:00.013Z [error][Download Tracker]: Unable to get queue from Sonarr server: Sonarr 
2025-06-10T22:45:00.017Z [info][Jobs]: Starting scheduled job: Plex Recently Added Scan 
2025-06-10T22:45:00.017Z [info][Plex Scan]: Scan starting {"sessionId":"e4c62644-c8e9-4651-b439-54ff2abb47f4"}
2025-06-10T22:45:00.916Z [error][Plex Scan]: Scan interrupted {"errorMessage":"Permission denied even after attempted authentication :( Wrong username and/or password maybe?"}
2025-06-10T22:46:00.004Z [debug][Jobs]: Starting scheduled job: Download Sync 
2025-06-10T22:46:00.010Z [error][Download Tracker]: Unable to get queue from Radarr server: Radarr 
2025-06-10T22:46:00.012Z [error][Download Tracker]: Unable to get queue from Sonarr server: Sonarr 
2025-06-10T22:47:00.004Z [debug][Jobs]: Starting scheduled job: Download Sync 
2025-06-10T22:47:00.009Z [error][Download Tracker]: Unable to get queue from Sonarr server: Sonarr 
2025-06-10T22:47:00.010Z [error][Download Tracker]: Unable to get queue from Radarr server: Radarr 
2025-06-10T22:48:00.005Z [debug][Jobs]: Starting scheduled job: Download Sync 
2025-06-10T22:48:00.012Z [info][Jobs]: Starting scheduled job: Plex Watchlist Sync 
2025-06-10T22:48:00.014Z [error][Download Tracker]: Unable to get queue from Radarr server: Radarr 
2025-06-10T22:48:00.015Z [error][Download Tracker]: Unable to get queue from Sonarr server: Sonarr 
2025-06-10T22:49:00.003Z [debug][Jobs]: Starting scheduled job: Download Sync 
2025-06-10T22:49:00.010Z [error][Download Tracker]: Unable to get queue from Sonarr server: Sonarr 
2025-06-10T22:49:00.012Z [error][Download Tracker]: Unable to get queue from Radarr server: Radarr 
2025-06-10T22:50:00.002Z [debug][Jobs]: Starting scheduled job: Download Sync 
2025-06-10T22:50:00.009Z [info][Jobs]: Starting scheduled job: Plex Recently Added Scan 
2025-06-10T22:50:00.010Z [info][Plex Scan]: Scan starting {"sessionId":"b16a77ce-de87-4324-815c-081e329014ca"}
2025-06-10T22:50:00.012Z [error][Download Tracker]: Unable to get queue from Radarr server: Radarr 
2025-06-10T22:50:00.013Z [error][Download Tracker]: Unable to get queue from Sonarr server: Sonarr 
2025-06-10T22:50:00.667Z [error][Plex Scan]: Scan interrupted {"errorMessage":"Permission denied even after attempted authentication :( Wrong username and/or password maybe?"}
2025-06-10T22:51:00.003Z [debug][Jobs]: Starting scheduled job: Download Sync 
2025-06-10T22:51:00.010Z [info][Jobs]: Starting scheduled job: Plex Watchlist Sync 
2025-06-10T22:51:00.012Z [error][Download Tracker]: Unable to get queue from Radarr server: Radarr 
2025-06-10T22:51:00.013Z [error][Download Tracker]: Unable to get queue from Sonarr server: Sonarr 
2025-06-10T22:52:00.006Z [debug][Jobs]: Starting scheduled job: Download Sync 
2025-06-10T22:52:00.012Z [error][Download Tracker]: Unable to get queue from Sonarr server: Sonarr 
2025-06-10T22:52:00.014Z [error][Download Tracker]: Unable to get queue from Radarr server: Radarr 
2025-06-10T22:53:00.003Z [debug][Jobs]: Starting scheduled job: Download Sync 
2025-06-10T22:53:00.008Z [error][Download Tracker]: Unable to get queue from Sonarr server: Sonarr 
2025-06-10T22:53:00.011Z [error][Download Tracker]: Unable to get queue from Radarr server: Radarr 
2025-06-10T22:54:00.003Z [debug][Jobs]: Starting scheduled job: Download Sync 
2025-06-10T22:54:00.009Z [info][Jobs]: Starting scheduled job: Plex Watchlist Sync 
2025-06-10T22:54:00.010Z [error][Download Tracker]: Unable to get queue from Radarr server: Radarr 
2025-06-10T22:54:00.011Z [error][Download Tracker]: Unable to get queue from Sonarr server: Sonarr 
2025-06-10T22:55:00.004Z [debug][Jobs]: Starting scheduled job: Download Sync 
2025-06-10T22:55:00.011Z [info][Jobs]: Starting scheduled job: Plex Recently Added Scan 
2025-06-10T22:55:00.012Z [info][Plex Scan]: Scan starting {"sessionId":"9422555a-74ef-42f6-b70b-c9af7c0cfaf5"}
2025-06-10T22:55:00.014Z [error][Download Tracker]: Unable to get queue from Radarr server: Radarr 
2025-06-10T22:55:00.014Z [error][Download Tracker]: Unable to get queue from Sonarr server: Sonarr 
2025-06-10T22:55:00.670Z [error][Plex Scan]: Scan interrupted {"errorMessage":"Permission denied even after attempted authentication :( Wrong username and/or password maybe?"}
2025-06-10T22:56:00.003Z [debug][Jobs]: Starting scheduled job: Download Sync 
2025-06-10T22:56:00.008Z [error][Download Tracker]: Unable to get queue from Sonarr server: Sonarr 
2025-06-10T22:56:00.009Z [error][Download Tracker]: Unable to get queue from Radarr server: Radarr 
2025-06-10T22:57:00.005Z [debug][Jobs]: Starting scheduled job: Download Sync 
2025-06-10T22:57:00.013Z [info][Jobs]: Starting scheduled job: Plex Watchlist Sync 
2025-06-10T22:57:00.015Z [error][Download Tracker]: Unable to get queue from Radarr server: Radarr 
2025-06-10T22:57:00.016Z [error][Download Tracker]: Unable to get queue from Sonarr server: Sonarr 
2025-06-10T22:58:00.004Z [debug][Jobs]: Starting scheduled job: Download Sync 
2025-06-10T22:58:00.011Z [error][Download Tracker]: Unable to get queue from Sonarr server: Sonarr 
2025-06-10T22:58:00.012Z [error][Download Tracker]: Unable to get queue from Radarr server: Radarr 
2025-06-10T22:59:00.003Z [debug][Jobs]: Starting scheduled job: Download Sync 
2025-06-10T22:59:00.007Z [error][Download Tracker]: Unable to get queue from Sonarr server: Sonarr 
2025-06-10T22:59:00.008Z [error][Download Tracker]: Unable to get queue from Radarr server: Radarr 
2025-06-10T23:00:00.004Z [debug][Jobs]: Starting scheduled job: Download Sync 
2025-06-10T23:00:00.012Z [info][Jobs]: Starting scheduled job: Plex Watchlist Sync 
2025-06-10T23:00:00.014Z [error][Download Tracker]: Unable to get queue from Radarr server: Radarr 
2025-06-10T23:00:00.015Z [error][Download Tracker]: Unable to get queue from Sonarr server: Sonarr 
2025-06-10T23:00:00.018Z [info][Jobs]: Starting scheduled job: Plex Recently Added Scan 
2025-06-10T23:00:00.018Z [info][Plex Scan]: Scan starting {"sessionId":"e1961258-3682-4060-a346-871292ac5feb"}
2025-06-10T23:00:02.653Z [error][Plex Scan]: Scan interrupted {"errorMessage":"Permission denied even after attempted authentication :( Wrong username and/or password maybe?"}
